[0.304s] Invoking command in '/home/mwq/abs_news/src/puber_pkg': PYTHONPATH=/home/mwq/abs_news/build/puber_pkg/prefix_override:/home/mwq/abs_news/install/puber_pkg/lib/python3.8/site-packages:${PYTHONPATH} /usr/bin/python3 setup.py egg_info --egg-base ../../build/puber_pkg build --build-base /home/mwq/abs_news/build/puber_pkg/build install --record /home/mwq/abs_news/build/puber_pkg/install.log --install-scripts $base/lib/puber_pkg --single-version-externally-managed
[0.405s] running egg_info
[0.405s] writing ../../build/puber_pkg/puber_pkg.egg-info/PKG-INFO
[0.405s] writing dependency_links to ../../build/puber_pkg/puber_pkg.egg-info/dependency_links.txt
[0.405s] writing entry points to ../../build/puber_pkg/puber_pkg.egg-info/entry_points.txt
[0.405s] writing requirements to ../../build/puber_pkg/puber_pkg.egg-info/requires.txt
[0.405s] writing top-level names to ../../build/puber_pkg/puber_pkg.egg-info/top_level.txt
[0.423s] reading manifest file '../../build/puber_pkg/puber_pkg.egg-info/SOURCES.txt'
[0.423s] writing manifest file '../../build/puber_pkg/puber_pkg.egg-info/SOURCES.txt'
[0.423s] running build
[0.423s] running build_py
[0.423s] copying puber_pkg/uv_puber.py -> /home/mwq/abs_news/build/puber_pkg/build/lib/puber_pkg
[0.423s] running install
[0.424s] running install_lib
[0.424s] copying /home/mwq/abs_news/build/puber_pkg/build/lib/puber_pkg/uv_puber.py -> /home/mwq/abs_news/install/puber_pkg/lib/python3.8/site-packages/puber_pkg
[0.424s] byte-compiling /home/mwq/abs_news/install/puber_pkg/lib/python3.8/site-packages/puber_pkg/uv_puber.py to uv_puber.cpython-38.pyc
[0.425s] running install_data
[0.426s] running install_egg_info
[0.426s] removing '/home/mwq/abs_news/install/puber_pkg/lib/python3.8/site-packages/puber_pkg-0.0.0-py3.8.egg-info' (and everything under it)
[0.426s] Copying ../../build/puber_pkg/puber_pkg.egg-info to /home/mwq/abs_news/install/puber_pkg/lib/python3.8/site-packages/puber_pkg-0.0.0-py3.8.egg-info
[0.427s] running install_scripts
[0.436s] Installing outmatrix_puber script to /home/mwq/abs_news/install/puber_pkg/lib/puber_pkg
[0.436s] Installing uv_puber script to /home/mwq/abs_news/install/puber_pkg/lib/puber_pkg
[0.436s] writing list of installed files to '/home/mwq/abs_news/build/puber_pkg/install.log'
[0.449s] Invoked command in '/home/mwq/abs_news/src/puber_pkg' returned '0': PYTHONPATH=/home/mwq/abs_news/build/puber_pkg/prefix_override:/home/mwq/abs_news/install/puber_pkg/lib/python3.8/site-packages:${PYTHONPATH} /usr/bin/python3 setup.py egg_info --egg-base ../../build/puber_pkg build --build-base /home/mwq/abs_news/build/puber_pkg/build install --record /home/mwq/abs_news/build/puber_pkg/install.log --install-scripts $base/lib/puber_pkg --single-version-externally-managed
