/home/mwq/abs_news/install/cr3_scout_with_srvs/lib/python3.8/site-packages/cr3_scout_with_srvs/newscout.py
/home/mwq/abs_news/install/cr3_scout_with_srvs/lib/python3.8/site-packages/cr3_scout_with_srvs/__init__.py
/home/mwq/abs_news/install/cr3_scout_with_srvs/lib/python3.8/site-packages/cr3_scout_with_srvs/camera_intrin_info.py
/home/mwq/abs_news/install/cr3_scout_with_srvs/lib/python3.8/site-packages/cr3_scout_with_srvs/scout_with_zoom_camera_horiz.py
/home/mwq/abs_news/install/cr3_scout_with_srvs/lib/python3.8/site-packages/cr3_scout_with_srvs/scout.py
/home/mwq/abs_news/install/cr3_scout_with_srvs/lib/python3.8/site-packages/cr3_scout_with_srvs/pelco_cam.py
/home/mwq/abs_news/install/cr3_scout_with_srvs/lib/python3.8/site-packages/cr3_scout_with_srvs/pelco_cam_cmd_structs.py
/home/mwq/abs_news/install/cr3_scout_with_srvs/lib/python3.8/site-packages/cr3_scout_with_srvs/scout_with_zoom_camera.py
/home/mwq/abs_news/install/cr3_scout_with_srvs/lib/python3.8/site-packages/cr3_scout_with_srvs/cr3_service_clients.py
/home/mwq/abs_news/install/cr3_scout_with_srvs/lib/python3.8/site-packages/cr3_scout_with_srvs/__pycache__/newscout.cpython-38.pyc
/home/mwq/abs_news/install/cr3_scout_with_srvs/lib/python3.8/site-packages/cr3_scout_with_srvs/__pycache__/__init__.cpython-38.pyc
/home/mwq/abs_news/install/cr3_scout_with_srvs/lib/python3.8/site-packages/cr3_scout_with_srvs/__pycache__/camera_intrin_info.cpython-38.pyc
/home/mwq/abs_news/install/cr3_scout_with_srvs/lib/python3.8/site-packages/cr3_scout_with_srvs/__pycache__/scout_with_zoom_camera_horiz.cpython-38.pyc
/home/mwq/abs_news/install/cr3_scout_with_srvs/lib/python3.8/site-packages/cr3_scout_with_srvs/__pycache__/scout.cpython-38.pyc
/home/mwq/abs_news/install/cr3_scout_with_srvs/lib/python3.8/site-packages/cr3_scout_with_srvs/__pycache__/pelco_cam.cpython-38.pyc
/home/mwq/abs_news/install/cr3_scout_with_srvs/lib/python3.8/site-packages/cr3_scout_with_srvs/__pycache__/pelco_cam_cmd_structs.cpython-38.pyc
/home/mwq/abs_news/install/cr3_scout_with_srvs/lib/python3.8/site-packages/cr3_scout_with_srvs/__pycache__/scout_with_zoom_camera.cpython-38.pyc
/home/mwq/abs_news/install/cr3_scout_with_srvs/lib/python3.8/site-packages/cr3_scout_with_srvs/__pycache__/cr3_service_clients.cpython-38.pyc
/home/mwq/abs_news/install/cr3_scout_with_srvs/share/cr3_scout_with_srvs/launch/scout_with_zoom_camera_horiz_launch.py
/home/mwq/abs_news/install/cr3_scout_with_srvs/share/cr3_scout_with_srvs/launch/scout_launch.py
/home/mwq/abs_news/install/cr3_scout_with_srvs/share/cr3_scout_with_srvs/launch/cam_info_fake_pub_launch.py
/home/mwq/abs_news/install/cr3_scout_with_srvs/share/cr3_scout_with_srvs/launch/camera_intrin_info_launch.py
/home/mwq/abs_news/install/cr3_scout_with_srvs/share/cr3_scout_with_srvs/launch/scout_with_zoom_camera_launch.py
/home/mwq/abs_news/install/cr3_scout_with_srvs/share/cr3_scout_with_srvs/config/cam_info.yaml
/home/mwq/abs_news/install/cr3_scout_with_srvs/share/ament_index/resource_index/packages/cr3_scout_with_srvs
/home/mwq/abs_news/install/cr3_scout_with_srvs/share/cr3_scout_with_srvs/package.xml
/home/mwq/abs_news/install/cr3_scout_with_srvs/lib/python3.8/site-packages/cr3_scout_with_srvs-0.0.0-py3.8.egg-info/zip-safe
/home/mwq/abs_news/install/cr3_scout_with_srvs/lib/python3.8/site-packages/cr3_scout_with_srvs-0.0.0-py3.8.egg-info/PKG-INFO
/home/mwq/abs_news/install/cr3_scout_with_srvs/lib/python3.8/site-packages/cr3_scout_with_srvs-0.0.0-py3.8.egg-info/dependency_links.txt
/home/mwq/abs_news/install/cr3_scout_with_srvs/lib/python3.8/site-packages/cr3_scout_with_srvs-0.0.0-py3.8.egg-info/top_level.txt
/home/mwq/abs_news/install/cr3_scout_with_srvs/lib/python3.8/site-packages/cr3_scout_with_srvs-0.0.0-py3.8.egg-info/entry_points.txt
/home/mwq/abs_news/install/cr3_scout_with_srvs/lib/python3.8/site-packages/cr3_scout_with_srvs-0.0.0-py3.8.egg-info/requires.txt
/home/mwq/abs_news/install/cr3_scout_with_srvs/lib/python3.8/site-packages/cr3_scout_with_srvs-0.0.0-py3.8.egg-info/SOURCES.txt
/home/mwq/abs_news/install/cr3_scout_with_srvs/lib/cr3_scout_with_srvs/camera_intrin_info
/home/mwq/abs_news/install/cr3_scout_with_srvs/lib/cr3_scout_with_srvs/client
/home/mwq/abs_news/install/cr3_scout_with_srvs/lib/cr3_scout_with_srvs/scout
/home/mwq/abs_news/install/cr3_scout_with_srvs/lib/cr3_scout_with_srvs/scout_new
/home/mwq/abs_news/install/cr3_scout_with_srvs/lib/cr3_scout_with_srvs/scout_with_zoom_camera
/home/mwq/abs_news/install/cr3_scout_with_srvs/lib/cr3_scout_with_srvs/scout_with_zoom_camera_horiz
