[0.007s] Invoking command in '/home/mwq/abs_news/build/my_interfaces': CMAKE_PREFIX_PATH=/opt/ros/foxy /usr/bin/cmake --build /home/mwq/abs_news/build/my_interfaces -- -j20 -l20
[0.021s] -- Found ament_cmake: 0.9.11 (/opt/ros/foxy/share/ament_cmake/cmake)
[0.035s] -- Found PythonInterp: /usr/bin/python3 (found suitable version "3.8.10", minimum required is "3") 
[0.035s] -- Using PYTHON_EXECUTABLE: /usr/bin/python3
[0.121s] -- Found rosidl_default_generators: 1.0.1 (/opt/ros/foxy/share/rosidl_default_generators/cmake)
[0.122s] -- Using all available rosidl_typesupport_c: rosidl_typesupport_fastrtps_c;rosidl_typesupport_introspection_c
[0.124s] -- Found rosidl_adapter: 1.3.0 (/opt/ros/foxy/share/rosidl_adapter/cmake)
[0.192s] -- Using all available rosidl_typesupport_cpp: rosidl_typesupport_fastrtps_cpp;rosidl_typesupport_introspection_cpp
[0.205s] -- Found builtin_interfaces: 1.0.0 (/opt/ros/foxy/share/builtin_interfaces/cmake)
[0.225s] -- Found PythonInterp: /usr/bin/python3 (found version "3.8.10") 
[0.292s] -- Found ament_cmake_ros: 0.9.2 (/opt/ros/foxy/share/ament_cmake_ros/cmake)
[0.345s] -- Using all available rosidl_typesupport_c: rosidl_typesupport_fastrtps_c;rosidl_typesupport_introspection_c
[0.351s] -- Using all available rosidl_typesupport_cpp: rosidl_typesupport_fastrtps_cpp;rosidl_typesupport_introspection_cpp
[0.368s] -- Found PythonInterp: /usr/bin/python3 (found suitable version "3.8.10", minimum required is "3.5") 
[0.368s] -- Found python_cmake_module: 0.8.1 (/opt/ros/foxy/share/python_cmake_module/cmake)
[0.387s] -- Using PYTHON_EXECUTABLE: /usr/bin/python3
[0.387s] -- Using PYTHON_INCLUDE_DIRS: /usr/include/python3.8
[0.388s] -- Using PYTHON_LIBRARIES: /usr/lib/x86_64-linux-gnu/libpython3.8.so
[0.404s] -- Found ament_lint_auto: 0.9.7 (/opt/ros/foxy/share/ament_lint_auto/cmake)
[0.409s] -- Added test 'copyright' to check source files copyright and LICENSE
[0.410s] -- Added test 'lint_cmake' to check CMake code style
[0.410s] -- Added test 'xmllint' to check XML markup files
[0.413s] -- Configuring done
[0.436s] -- Generating done
[0.438s] -- Build files have been written to: /home/mwq/abs_news/build/my_interfaces
[0.453s] [  2%] [34m[1mGenerating C code for ROS interfaces[0m
[0.458s] [  5%] [34m[1mGenerating C++ code for ROS interfaces[0m
[0.590s] [  5%] Built target my_interfaces__cpp
[0.593s] [35m[1mScanning dependencies of target my_interfaces__rosidl_generator_c[0m
[0.596s] [  7%] [34m[1mGenerating C++ type support dispatch for ROS interfaces[0m
[0.596s] [ 12%] [34m[1mGenerating C++ introspection for ROS interfaces[0m
[0.596s] [ 12%] [34m[1mGenerating C++ type support for eProsima Fast-RTPS[0m
[0.600s] [ 15%] [32mBuilding C object CMakeFiles/my_interfaces__rosidl_generator_c.dir/rosidl_generator_c/my_interfaces/msg/detail/outpose__functions.c.o[0m
[0.602s] [ 17%] [32mBuilding C object CMakeFiles/my_interfaces__rosidl_generator_c.dir/rosidl_generator_c/my_interfaces/msg/detail/myuv__functions.c.o[0m
[0.629s] [ 20%] [32m[1mLinking C shared library libmy_interfaces__rosidl_generator_c.so[0m
[0.651s] [ 20%] Built target my_interfaces__rosidl_generator_c
[0.660s] [ 25%] [34m[1mGenerating C introspection for ROS interfaces[0m
[0.660s] [ 25%] [34m[1mGenerating C type support dispatch for ROS interfaces[0m
[0.717s] [35m[1mScanning dependencies of target my_interfaces__rosidl_typesupport_cpp[0m
[0.724s] [ 30%] [32mBuilding CXX object CMakeFiles/my_interfaces__rosidl_typesupport_cpp.dir/rosidl_typesupport_cpp/my_interfaces/msg/myuv__type_support.cpp.o[0m
[0.725s] [ 30%] [32mBuilding CXX object CMakeFiles/my_interfaces__rosidl_typesupport_cpp.dir/rosidl_typesupport_cpp/my_interfaces/msg/outpose__type_support.cpp.o[0m
[0.725s] [35m[1mScanning dependencies of target my_interfaces__rosidl_typesupport_introspection_cpp[0m
[0.732s] [ 33%] [32mBuilding CXX object CMakeFiles/my_interfaces__rosidl_typesupport_introspection_cpp.dir/rosidl_typesupport_introspection_cpp/my_interfaces/msg/detail/outpose__type_support.cpp.o[0m
[0.732s] [ 35%] [32mBuilding CXX object CMakeFiles/my_interfaces__rosidl_typesupport_introspection_cpp.dir/rosidl_typesupport_introspection_cpp/my_interfaces/msg/detail/myuv__type_support.cpp.o[0m
[0.735s] [35m[1mScanning dependencies of target my_interfaces__rosidl_typesupport_fastrtps_cpp[0m
[0.748s] [ 41%] [32mBuilding CXX object CMakeFiles/my_interfaces__rosidl_typesupport_fastrtps_cpp.dir/rosidl_typesupport_fastrtps_cpp/my_interfaces/msg/detail/dds_fastrtps/myuv__type_support.cpp.o[0m
[0.748s] [ 41%] [32mBuilding CXX object CMakeFiles/my_interfaces__rosidl_typesupport_fastrtps_cpp.dir/rosidl_typesupport_fastrtps_cpp/my_interfaces/msg/detail/dds_fastrtps/outpose__type_support.cpp.o[0m
[0.782s] [35m[1mScanning dependencies of target my_interfaces__rosidl_typesupport_c[0m
[0.789s] [ 43%] [32mBuilding CXX object CMakeFiles/my_interfaces__rosidl_typesupport_c.dir/rosidl_typesupport_c/my_interfaces/msg/myuv__type_support.cpp.o[0m
[0.790s] [ 46%] [32mBuilding CXX object CMakeFiles/my_interfaces__rosidl_typesupport_c.dir/rosidl_typesupport_c/my_interfaces/msg/outpose__type_support.cpp.o[0m
[0.798s] [35m[1mScanning dependencies of target my_interfaces__rosidl_typesupport_introspection_c[0m
[0.809s] [ 51%] [32mBuilding C object CMakeFiles/my_interfaces__rosidl_typesupport_introspection_c.dir/rosidl_typesupport_introspection_c/my_interfaces/msg/detail/myuv__type_support.c.o[0m
[0.809s] [ 51%] [32mBuilding C object CMakeFiles/my_interfaces__rosidl_typesupport_introspection_c.dir/rosidl_typesupport_introspection_c/my_interfaces/msg/detail/outpose__type_support.c.o[0m
[0.815s] [ 53%] [32m[1mLinking CXX shared library libmy_interfaces__rosidl_typesupport_c.so[0m
[0.838s] [ 56%] [32m[1mLinking C shared library libmy_interfaces__rosidl_typesupport_introspection_c.so[0m
[0.851s] [ 56%] Built target my_interfaces__rosidl_typesupport_c
[0.865s] [ 56%] Built target my_interfaces__rosidl_typesupport_introspection_c
[0.867s] [ 58%] [32m[1mLinking CXX shared library libmy_interfaces__rosidl_typesupport_cpp.so[0m
[0.875s] [ 61%] [32m[1mLinking CXX shared library libmy_interfaces__rosidl_typesupport_introspection_cpp.so[0m
[0.890s] [ 61%] Built target my_interfaces__rosidl_typesupport_cpp
[0.910s] [ 61%] Built target my_interfaces__rosidl_typesupport_introspection_cpp
[0.969s] [ 64%] [32m[1mLinking CXX shared library libmy_interfaces__rosidl_typesupport_fastrtps_cpp.so[0m
[1.017s] [ 64%] Built target my_interfaces__rosidl_typesupport_fastrtps_cpp
[1.026s] [ 66%] [34m[1mGenerating C type support for eProsima Fast-RTPS[0m
[1.156s] [35m[1mScanning dependencies of target my_interfaces__rosidl_typesupport_fastrtps_c[0m
[1.163s] [ 69%] [32mBuilding CXX object CMakeFiles/my_interfaces__rosidl_typesupport_fastrtps_c.dir/rosidl_typesupport_fastrtps_c/my_interfaces/msg/detail/outpose__type_support_c.cpp.o[0m
[1.163s] [ 71%] [32mBuilding CXX object CMakeFiles/my_interfaces__rosidl_typesupport_fastrtps_c.dir/rosidl_typesupport_fastrtps_c/my_interfaces/msg/detail/myuv__type_support_c.cpp.o[0m
[1.330s] [ 74%] [32m[1mLinking CXX shared library libmy_interfaces__rosidl_typesupport_fastrtps_c.so[0m
[1.377s] [ 74%] Built target my_interfaces__rosidl_typesupport_fastrtps_c
[1.388s] [ 74%] Built target my_interfaces
[1.398s] [ 76%] [34m[1mGenerating Python code for ROS interfaces[0m
[1.631s] [ 76%] Built target my_interfaces__py
[1.636s] [35m[1mScanning dependencies of target my_interfaces__python[0m
[1.645s] [ 79%] [32mBuilding C object CMakeFiles/my_interfaces__python.dir/rosidl_generator_py/my_interfaces/msg/_outpose_s.c.o[0m
[1.645s] [ 82%] [32mBuilding C object CMakeFiles/my_interfaces__python.dir/rosidl_generator_py/my_interfaces/msg/_myuv_s.c.o[0m
[1.692s] [ 84%] [32m[1mLinking C shared library rosidl_generator_py/my_interfaces/libmy_interfaces__python.so[0m
[1.714s] [ 84%] Built target my_interfaces__python
[1.720s] [35m[1mScanning dependencies of target my_interfaces__rosidl_typesupport_c__pyext[0m
[1.720s] [35m[1mScanning dependencies of target my_interfaces__rosidl_typesupport_introspection_c__pyext[0m
[1.720s] [35m[1mScanning dependencies of target my_interfaces__rosidl_typesupport_fastrtps_c__pyext[0m
[1.728s] [ 89%] [32mBuilding C object CMakeFiles/my_interfaces__rosidl_typesupport_c__pyext.dir/rosidl_generator_py/my_interfaces/_my_interfaces_s.ep.rosidl_typesupport_c.c.o[0m
[1.728s] [ 89%] [32mBuilding C object CMakeFiles/my_interfaces__rosidl_typesupport_introspection_c__pyext.dir/rosidl_generator_py/my_interfaces/_my_interfaces_s.ep.rosidl_typesupport_introspection_c.c.o[0m
[1.730s] [ 92%] [32mBuilding C object CMakeFiles/my_interfaces__rosidl_typesupport_fastrtps_c__pyext.dir/rosidl_generator_py/my_interfaces/_my_interfaces_s.ep.rosidl_typesupport_fastrtps_c.c.o[0m
[1.771s] [ 97%] [32m[1mLinking C shared library rosidl_generator_py/my_interfaces/my_interfaces_s__rosidl_typesupport_introspection_c.cpython-38-x86_64-linux-gnu.so[0m
[1.771s] [ 97%] [32m[1mLinking C shared library rosidl_generator_py/my_interfaces/my_interfaces_s__rosidl_typesupport_c.cpython-38-x86_64-linux-gnu.so[0m
[1.772s] [100%] [32m[1mLinking CXX shared library rosidl_generator_py/my_interfaces/my_interfaces_s__rosidl_typesupport_fastrtps_c.cpython-38-x86_64-linux-gnu.so[0m
[1.790s] [100%] Built target my_interfaces__rosidl_typesupport_c__pyext
[1.791s] [100%] Built target my_interfaces__rosidl_typesupport_introspection_c__pyext
[1.805s] [100%] Built target my_interfaces__rosidl_typesupport_fastrtps_c__pyext
[1.813s] Invoked command in '/home/mwq/abs_news/build/my_interfaces' returned '0': CMAKE_PREFIX_PATH=/opt/ros/foxy /usr/bin/cmake --build /home/mwq/abs_news/build/my_interfaces -- -j20 -l20
[1.846s] Invoking command in '/home/mwq/abs_news/build/my_interfaces': CMAKE_PREFIX_PATH=/opt/ros/foxy /usr/bin/cmake --install /home/mwq/abs_news/build/my_interfaces
[1.850s] -- Install configuration: ""
[1.851s] -- Up-to-date: /home/mwq/abs_news/install/my_interfaces/share/ament_index/resource_index/rosidl_interfaces/my_interfaces
[1.851s] -- Up-to-date: /home/mwq/abs_news/install/my_interfaces/include/my_interfaces
[1.851s] -- Up-to-date: /home/mwq/abs_news/install/my_interfaces/include/my_interfaces/msg
[1.851s] -- Installing: /home/mwq/abs_news/install/my_interfaces/include/my_interfaces/msg/outpose.h
[1.852s] -- Installing: /home/mwq/abs_news/install/my_interfaces/include/my_interfaces/msg/myuv.h
[1.852s] -- Up-to-date: /home/mwq/abs_news/install/my_interfaces/include/my_interfaces/msg/detail
[1.852s] -- Installing: /home/mwq/abs_news/install/my_interfaces/include/my_interfaces/msg/detail/myuv__functions.h
[1.852s] -- Installing: /home/mwq/abs_news/install/my_interfaces/include/my_interfaces/msg/detail/outpose__struct.h
[1.852s] -- Installing: /home/mwq/abs_news/install/my_interfaces/include/my_interfaces/msg/detail/outpose__functions.c
[1.852s] -- Installing: /home/mwq/abs_news/install/my_interfaces/include/my_interfaces/msg/detail/myuv__type_support.h
[1.852s] -- Installing: /home/mwq/abs_news/install/my_interfaces/include/my_interfaces/msg/detail/outpose__functions.h
[1.852s] -- Installing: /home/mwq/abs_news/install/my_interfaces/include/my_interfaces/msg/detail/myuv__functions.c
[1.852s] -- Installing: /home/mwq/abs_news/install/my_interfaces/include/my_interfaces/msg/detail/outpose__type_support.h
[1.852s] -- Installing: /home/mwq/abs_news/install/my_interfaces/include/my_interfaces/msg/detail/myuv__struct.h
[1.852s] -- Up-to-date: /home/mwq/abs_news/install/my_interfaces/include/my_interfaces/msg/rosidl_generator_c__visibility_control.h
[1.852s] -- Up-to-date: /home/mwq/abs_news/install/my_interfaces/share/my_interfaces/environment/library_path.sh
[1.853s] -- Installing: /home/mwq/abs_news/install/my_interfaces/share/my_interfaces/environment/library_path.dsv
[1.853s] -- Installing: /home/mwq/abs_news/install/my_interfaces/lib/libmy_interfaces__rosidl_generator_c.so
[1.853s] -- Set runtime path of "/home/mwq/abs_news/install/my_interfaces/lib/libmy_interfaces__rosidl_generator_c.so" to ""
[1.853s] -- Up-to-date: /home/mwq/abs_news/install/my_interfaces/include/my_interfaces
[1.853s] -- Up-to-date: /home/mwq/abs_news/install/my_interfaces/include/my_interfaces/msg
[1.853s] -- Up-to-date: /home/mwq/abs_news/install/my_interfaces/include/my_interfaces/msg/rosidl_typesupport_fastrtps_c__visibility_control.h
[1.853s] -- Up-to-date: /home/mwq/abs_news/install/my_interfaces/include/my_interfaces/msg/detail
[1.853s] -- Installing: /home/mwq/abs_news/install/my_interfaces/include/my_interfaces/msg/detail/myuv__rosidl_typesupport_fastrtps_c.h
[1.853s] -- Installing: /home/mwq/abs_news/install/my_interfaces/include/my_interfaces/msg/detail/outpose__rosidl_typesupport_fastrtps_c.h
[1.853s] -- Installing: /home/mwq/abs_news/install/my_interfaces/lib/libmy_interfaces__rosidl_typesupport_fastrtps_c.so
[1.853s] -- Set runtime path of "/home/mwq/abs_news/install/my_interfaces/lib/libmy_interfaces__rosidl_typesupport_fastrtps_c.so" to ""
[1.853s] -- Up-to-date: /home/mwq/abs_news/install/my_interfaces/include/my_interfaces
[1.853s] -- Up-to-date: /home/mwq/abs_news/install/my_interfaces/include/my_interfaces/msg
[1.853s] -- Up-to-date: /home/mwq/abs_news/install/my_interfaces/include/my_interfaces/msg/detail
[1.854s] -- Installing: /home/mwq/abs_news/install/my_interfaces/include/my_interfaces/msg/detail/myuv__rosidl_typesupport_fastrtps_cpp.hpp
[1.854s] -- Installing: /home/mwq/abs_news/install/my_interfaces/include/my_interfaces/msg/detail/outpose__rosidl_typesupport_fastrtps_cpp.hpp
[1.854s] -- Up-to-date: /home/mwq/abs_news/install/my_interfaces/include/my_interfaces/msg/detail/dds_fastrtps
[1.854s] -- Up-to-date: /home/mwq/abs_news/install/my_interfaces/include/my_interfaces/msg/rosidl_typesupport_fastrtps_cpp__visibility_control.h
[1.854s] -- Installing: /home/mwq/abs_news/install/my_interfaces/lib/libmy_interfaces__rosidl_typesupport_fastrtps_cpp.so
[1.854s] -- Set runtime path of "/home/mwq/abs_news/install/my_interfaces/lib/libmy_interfaces__rosidl_typesupport_fastrtps_cpp.so" to ""
[1.854s] -- Up-to-date: /home/mwq/abs_news/install/my_interfaces/include/my_interfaces
[1.854s] -- Up-to-date: /home/mwq/abs_news/install/my_interfaces/include/my_interfaces/msg
[1.854s] -- Up-to-date: /home/mwq/abs_news/install/my_interfaces/include/my_interfaces/msg/detail
[1.854s] -- Installing: /home/mwq/abs_news/install/my_interfaces/include/my_interfaces/msg/detail/outpose__type_support.c
[1.855s] -- Installing: /home/mwq/abs_news/install/my_interfaces/include/my_interfaces/msg/detail/myuv__type_support.c
[1.855s] -- Installing: /home/mwq/abs_news/install/my_interfaces/include/my_interfaces/msg/detail/outpose__rosidl_typesupport_introspection_c.h
[1.855s] -- Installing: /home/mwq/abs_news/install/my_interfaces/include/my_interfaces/msg/detail/myuv__rosidl_typesupport_introspection_c.h
[1.855s] -- Up-to-date: /home/mwq/abs_news/install/my_interfaces/include/my_interfaces/msg/rosidl_typesupport_introspection_c__visibility_control.h
[1.855s] -- Installing: /home/mwq/abs_news/install/my_interfaces/lib/libmy_interfaces__rosidl_typesupport_introspection_c.so
[1.855s] -- Set runtime path of "/home/mwq/abs_news/install/my_interfaces/lib/libmy_interfaces__rosidl_typesupport_introspection_c.so" to ""
[1.855s] -- Installing: /home/mwq/abs_news/install/my_interfaces/lib/libmy_interfaces__rosidl_typesupport_c.so
[1.855s] -- Set runtime path of "/home/mwq/abs_news/install/my_interfaces/lib/libmy_interfaces__rosidl_typesupport_c.so" to ""
[1.855s] -- Up-to-date: /home/mwq/abs_news/install/my_interfaces/include/my_interfaces
[1.855s] -- Up-to-date: /home/mwq/abs_news/install/my_interfaces/include/my_interfaces/msg
[1.855s] -- Installing: /home/mwq/abs_news/install/my_interfaces/include/my_interfaces/msg/outpose.hpp
[1.855s] -- Up-to-date: /home/mwq/abs_news/install/my_interfaces/include/my_interfaces/msg/detail
[1.855s] -- Installing: /home/mwq/abs_news/install/my_interfaces/include/my_interfaces/msg/detail/outpose__struct.hpp
[1.856s] -- Installing: /home/mwq/abs_news/install/my_interfaces/include/my_interfaces/msg/detail/myuv__struct.hpp
[1.856s] -- Installing: /home/mwq/abs_news/install/my_interfaces/include/my_interfaces/msg/detail/outpose__traits.hpp
[1.856s] -- Installing: /home/mwq/abs_news/install/my_interfaces/include/my_interfaces/msg/detail/outpose__builder.hpp
[1.856s] -- Installing: /home/mwq/abs_news/install/my_interfaces/include/my_interfaces/msg/detail/myuv__builder.hpp
[1.856s] -- Installing: /home/mwq/abs_news/install/my_interfaces/include/my_interfaces/msg/detail/myuv__traits.hpp
[1.856s] -- Installing: /home/mwq/abs_news/install/my_interfaces/include/my_interfaces/msg/myuv.hpp
[1.856s] -- Up-to-date: /home/mwq/abs_news/install/my_interfaces/include/my_interfaces
[1.856s] -- Up-to-date: /home/mwq/abs_news/install/my_interfaces/include/my_interfaces/msg
[1.856s] -- Up-to-date: /home/mwq/abs_news/install/my_interfaces/include/my_interfaces/msg/detail
[1.856s] -- Installing: /home/mwq/abs_news/install/my_interfaces/include/my_interfaces/msg/detail/outpose__type_support.cpp
[1.856s] -- Installing: /home/mwq/abs_news/install/my_interfaces/include/my_interfaces/msg/detail/myuv__type_support.cpp
[1.856s] -- Installing: /home/mwq/abs_news/install/my_interfaces/include/my_interfaces/msg/detail/myuv__rosidl_typesupport_introspection_cpp.hpp
[1.856s] -- Installing: /home/mwq/abs_news/install/my_interfaces/include/my_interfaces/msg/detail/outpose__rosidl_typesupport_introspection_cpp.hpp
[1.856s] -- Installing: /home/mwq/abs_news/install/my_interfaces/lib/libmy_interfaces__rosidl_typesupport_introspection_cpp.so
[1.857s] -- Set runtime path of "/home/mwq/abs_news/install/my_interfaces/lib/libmy_interfaces__rosidl_typesupport_introspection_cpp.so" to ""
[1.857s] -- Installing: /home/mwq/abs_news/install/my_interfaces/lib/libmy_interfaces__rosidl_typesupport_cpp.so
[1.857s] -- Set runtime path of "/home/mwq/abs_news/install/my_interfaces/lib/libmy_interfaces__rosidl_typesupport_cpp.so" to ""
[1.857s] -- Up-to-date: /home/mwq/abs_news/install/my_interfaces/share/my_interfaces/environment/pythonpath.sh
[1.857s] -- Installing: /home/mwq/abs_news/install/my_interfaces/share/my_interfaces/environment/pythonpath.dsv
[1.857s] -- Installing: /home/mwq/abs_news/install/my_interfaces/lib/python3.8/site-packages/my_interfaces/__init__.py
[1.875s] Compiling '/home/mwq/abs_news/install/my_interfaces/lib/python3.8/site-packages/my_interfaces/__init__.py'...
[1.877s] -- Up-to-date: /home/mwq/abs_news/install/my_interfaces/lib/python3.8/site-packages/my_interfaces/msg
[1.877s] -- Installing: /home/mwq/abs_news/install/my_interfaces/lib/python3.8/site-packages/my_interfaces/msg/__init__.py
[1.877s] -- Installing: /home/mwq/abs_news/install/my_interfaces/lib/python3.8/site-packages/my_interfaces/msg/_myuv_s.c
[1.877s] -- Installing: /home/mwq/abs_news/install/my_interfaces/lib/python3.8/site-packages/my_interfaces/msg/_outpose.py
[1.877s] -- Installing: /home/mwq/abs_news/install/my_interfaces/lib/python3.8/site-packages/my_interfaces/msg/_outpose_s.c
[1.877s] -- Installing: /home/mwq/abs_news/install/my_interfaces/lib/python3.8/site-packages/my_interfaces/msg/_myuv.py
[1.877s] -- Installing: /home/mwq/abs_news/install/my_interfaces/lib/python3.8/site-packages/my_interfaces/my_interfaces_s__rosidl_typesupport_fastrtps_c.cpython-38-x86_64-linux-gnu.so
[1.877s] -- Set runtime path of "/home/mwq/abs_news/install/my_interfaces/lib/python3.8/site-packages/my_interfaces/my_interfaces_s__rosidl_typesupport_fastrtps_c.cpython-38-x86_64-linux-gnu.so" to ""
[1.878s] -- Installing: /home/mwq/abs_news/install/my_interfaces/lib/python3.8/site-packages/my_interfaces/my_interfaces_s__rosidl_typesupport_introspection_c.cpython-38-x86_64-linux-gnu.so
[1.878s] -- Set runtime path of "/home/mwq/abs_news/install/my_interfaces/lib/python3.8/site-packages/my_interfaces/my_interfaces_s__rosidl_typesupport_introspection_c.cpython-38-x86_64-linux-gnu.so" to ""
[1.878s] -- Installing: /home/mwq/abs_news/install/my_interfaces/lib/python3.8/site-packages/my_interfaces/my_interfaces_s__rosidl_typesupport_c.cpython-38-x86_64-linux-gnu.so
[1.878s] -- Set runtime path of "/home/mwq/abs_news/install/my_interfaces/lib/python3.8/site-packages/my_interfaces/my_interfaces_s__rosidl_typesupport_c.cpython-38-x86_64-linux-gnu.so" to ""
[1.878s] -- Installing: /home/mwq/abs_news/install/my_interfaces/lib/libmy_interfaces__python.so
[1.879s] -- Set runtime path of "/home/mwq/abs_news/install/my_interfaces/lib/libmy_interfaces__python.so" to ""
[1.879s] -- Up-to-date: /home/mwq/abs_news/install/my_interfaces/share/my_interfaces/msg/Outpose.idl
[1.879s] -- Installing: /home/mwq/abs_news/install/my_interfaces/share/my_interfaces/msg/Myuv.idl
[1.879s] -- Up-to-date: /home/mwq/abs_news/install/my_interfaces/share/my_interfaces/msg/Outpose.msg
[1.879s] -- Installing: /home/mwq/abs_news/install/my_interfaces/share/my_interfaces/msg/Myuv.msg
[1.879s] -- Installing: /home/mwq/abs_news/install/my_interfaces/share/ament_index/resource_index/package_run_dependencies/my_interfaces
[1.879s] -- Up-to-date: /home/mwq/abs_news/install/my_interfaces/share/ament_index/resource_index/parent_prefix_path/my_interfaces
[1.879s] -- Up-to-date: /home/mwq/abs_news/install/my_interfaces/share/my_interfaces/environment/ament_prefix_path.sh
[1.879s] -- Installing: /home/mwq/abs_news/install/my_interfaces/share/my_interfaces/environment/ament_prefix_path.dsv
[1.880s] -- Up-to-date: /home/mwq/abs_news/install/my_interfaces/share/my_interfaces/environment/path.sh
[1.880s] -- Installing: /home/mwq/abs_news/install/my_interfaces/share/my_interfaces/environment/path.dsv
[1.880s] -- Up-to-date: /home/mwq/abs_news/install/my_interfaces/share/my_interfaces/local_setup.bash
[1.880s] -- Up-to-date: /home/mwq/abs_news/install/my_interfaces/share/my_interfaces/local_setup.sh
[1.880s] -- Up-to-date: /home/mwq/abs_news/install/my_interfaces/share/my_interfaces/local_setup.zsh
[1.880s] -- Installing: /home/mwq/abs_news/install/my_interfaces/share/my_interfaces/local_setup.dsv
[1.880s] -- Installing: /home/mwq/abs_news/install/my_interfaces/share/my_interfaces/package.dsv
[1.880s] -- Up-to-date: /home/mwq/abs_news/install/my_interfaces/share/ament_index/resource_index/packages/my_interfaces
[1.880s] -- Old export file "/home/mwq/abs_news/install/my_interfaces/share/my_interfaces/cmake/my_interfaces__rosidl_generator_cExport.cmake" will be replaced.  Removing files [/home/mwq/abs_news/install/my_interfaces/share/my_interfaces/cmake/my_interfaces__rosidl_generator_cExport-noconfig.cmake].
[1.880s] -- Installing: /home/mwq/abs_news/install/my_interfaces/share/my_interfaces/cmake/my_interfaces__rosidl_generator_cExport.cmake
[1.880s] -- Installing: /home/mwq/abs_news/install/my_interfaces/share/my_interfaces/cmake/my_interfaces__rosidl_generator_cExport-noconfig.cmake
[1.881s] -- Old export file "/home/mwq/abs_news/install/my_interfaces/share/my_interfaces/cmake/my_interfaces__rosidl_typesupport_introspection_cExport.cmake" will be replaced.  Removing files [/home/mwq/abs_news/install/my_interfaces/share/my_interfaces/cmake/my_interfaces__rosidl_typesupport_introspection_cExport-noconfig.cmake].
[1.881s] -- Installing: /home/mwq/abs_news/install/my_interfaces/share/my_interfaces/cmake/my_interfaces__rosidl_typesupport_introspection_cExport.cmake
[1.881s] -- Installing: /home/mwq/abs_news/install/my_interfaces/share/my_interfaces/cmake/my_interfaces__rosidl_typesupport_introspection_cExport-noconfig.cmake
[1.881s] -- Old export file "/home/mwq/abs_news/install/my_interfaces/share/my_interfaces/cmake/my_interfaces__rosidl_typesupport_cExport.cmake" will be replaced.  Removing files [/home/mwq/abs_news/install/my_interfaces/share/my_interfaces/cmake/my_interfaces__rosidl_typesupport_cExport-noconfig.cmake].
[1.881s] -- Installing: /home/mwq/abs_news/install/my_interfaces/share/my_interfaces/cmake/my_interfaces__rosidl_typesupport_cExport.cmake
[1.885s] -- Installing: /home/mwq/abs_news/install/my_interfaces/share/my_interfaces/cmake/my_interfaces__rosidl_typesupport_cExport-noconfig.cmake
[1.885s] -- Installing: /home/mwq/abs_news/install/my_interfaces/share/my_interfaces/cmake/my_interfaces__rosidl_generator_cppExport.cmake
[1.887s] -- Old export file "/home/mwq/abs_news/install/my_interfaces/share/my_interfaces/cmake/my_interfaces__rosidl_typesupport_introspection_cppExport.cmake" will be replaced.  Removing files [/home/mwq/abs_news/install/my_interfaces/share/my_interfaces/cmake/my_interfaces__rosidl_typesupport_introspection_cppExport-noconfig.cmake].
[1.887s] -- Installing: /home/mwq/abs_news/install/my_interfaces/share/my_interfaces/cmake/my_interfaces__rosidl_typesupport_introspection_cppExport.cmake
[1.888s] -- Installing: /home/mwq/abs_news/install/my_interfaces/share/my_interfaces/cmake/my_interfaces__rosidl_typesupport_introspection_cppExport-noconfig.cmake
[1.888s] -- Old export file "/home/mwq/abs_news/install/my_interfaces/share/my_interfaces/cmake/my_interfaces__rosidl_typesupport_cppExport.cmake" will be replaced.  Removing files [/home/mwq/abs_news/install/my_interfaces/share/my_interfaces/cmake/my_interfaces__rosidl_typesupport_cppExport-noconfig.cmake].
[1.888s] -- Installing: /home/mwq/abs_news/install/my_interfaces/share/my_interfaces/cmake/my_interfaces__rosidl_typesupport_cppExport.cmake
[1.888s] -- Installing: /home/mwq/abs_news/install/my_interfaces/share/my_interfaces/cmake/my_interfaces__rosidl_typesupport_cppExport-noconfig.cmake
[1.888s] -- Up-to-date: /home/mwq/abs_news/install/my_interfaces/share/my_interfaces/cmake/rosidl_cmake-extras.cmake
[1.888s] -- Installing: /home/mwq/abs_news/install/my_interfaces/share/my_interfaces/cmake/ament_cmake_export_dependencies-extras.cmake
[1.888s] -- Up-to-date: /home/mwq/abs_news/install/my_interfaces/share/my_interfaces/cmake/ament_cmake_export_libraries-extras.cmake
[1.888s] -- Up-to-date: /home/mwq/abs_news/install/my_interfaces/share/my_interfaces/cmake/ament_cmake_export_targets-extras.cmake
[1.888s] -- Up-to-date: /home/mwq/abs_news/install/my_interfaces/share/my_interfaces/cmake/ament_cmake_export_include_directories-extras.cmake
[1.888s] -- Up-to-date: /home/mwq/abs_news/install/my_interfaces/share/my_interfaces/cmake/rosidl_cmake_export_typesupport_libraries-extras.cmake
[1.888s] -- Up-to-date: /home/mwq/abs_news/install/my_interfaces/share/my_interfaces/cmake/rosidl_cmake_export_typesupport_targets-extras.cmake
[1.888s] -- Up-to-date: /home/mwq/abs_news/install/my_interfaces/share/my_interfaces/cmake/my_interfacesConfig.cmake
[1.888s] -- Up-to-date: /home/mwq/abs_news/install/my_interfaces/share/my_interfaces/cmake/my_interfacesConfig-version.cmake
[1.888s] -- Installing: /home/mwq/abs_news/install/my_interfaces/share/my_interfaces/package.xml
[1.889s] Invoked command in '/home/mwq/abs_news/build/my_interfaces' returned '0': CMAKE_PREFIX_PATH=/opt/ros/foxy /usr/bin/cmake --install /home/mwq/abs_news/build/my_interfaces
