[0.306s] Invoking command in '/home/mwq/abs_news/src/suber_pkg': PYTHONPATH=/home/mwq/abs_news/build/suber_pkg/prefix_override:/home/mwq/abs_news/install/suber_pkg/lib/python3.8/site-packages:${PYTHONPATH} /usr/bin/python3 setup.py egg_info --egg-base ../../build/suber_pkg build --build-base /home/mwq/abs_news/build/suber_pkg/build install --record /home/mwq/abs_news/build/suber_pkg/install.log --install-scripts $base/lib/suber_pkg --single-version-externally-managed
[0.404s] running egg_info
[0.404s] writing ../../build/suber_pkg/suber_pkg.egg-info/PKG-INFO
[0.404s] writing dependency_links to ../../build/suber_pkg/suber_pkg.egg-info/dependency_links.txt
[0.404s] writing entry points to ../../build/suber_pkg/suber_pkg.egg-info/entry_points.txt
[0.404s] writing requirements to ../../build/suber_pkg/suber_pkg.egg-info/requires.txt
[0.404s] writing top-level names to ../../build/suber_pkg/suber_pkg.egg-info/top_level.txt
[0.422s] reading manifest file '../../build/suber_pkg/suber_pkg.egg-info/SOURCES.txt'
[0.422s] writing manifest file '../../build/suber_pkg/suber_pkg.egg-info/SOURCES.txt'
[0.422s] running build
[0.422s] running build_py
[0.422s] copying suber_pkg/out_suber.py -> /home/mwq/abs_news/build/suber_pkg/build/lib/suber_pkg
[0.422s] copying suber_pkg/uv_suber.py -> /home/mwq/abs_news/build/suber_pkg/build/lib/suber_pkg
[0.422s] copying suber_pkg/numpy_learning.py -> /home/mwq/abs_news/build/suber_pkg/build/lib/suber_pkg
[0.423s] running install
[0.423s] running install_lib
[0.423s] copying /home/mwq/abs_news/build/suber_pkg/build/lib/suber_pkg/out_suber.py -> /home/mwq/abs_news/install/suber_pkg/lib/python3.8/site-packages/suber_pkg
[0.423s] copying /home/mwq/abs_news/build/suber_pkg/build/lib/suber_pkg/uv_suber.py -> /home/mwq/abs_news/install/suber_pkg/lib/python3.8/site-packages/suber_pkg
[0.424s] copying /home/mwq/abs_news/build/suber_pkg/build/lib/suber_pkg/numpy_learning.py -> /home/mwq/abs_news/install/suber_pkg/lib/python3.8/site-packages/suber_pkg
[0.424s] byte-compiling /home/mwq/abs_news/install/suber_pkg/lib/python3.8/site-packages/suber_pkg/out_suber.py to out_suber.cpython-38.pyc
[0.425s] byte-compiling /home/mwq/abs_news/install/suber_pkg/lib/python3.8/site-packages/suber_pkg/uv_suber.py to uv_suber.cpython-38.pyc
[0.425s] byte-compiling /home/mwq/abs_news/install/suber_pkg/lib/python3.8/site-packages/suber_pkg/numpy_learning.py to numpy_learning.cpython-38.pyc
[0.425s] running install_data
[0.425s] running install_egg_info
[0.426s] removing '/home/mwq/abs_news/install/suber_pkg/lib/python3.8/site-packages/suber_pkg-0.0.0-py3.8.egg-info' (and everything under it)
[0.426s] Copying ../../build/suber_pkg/suber_pkg.egg-info to /home/mwq/abs_news/install/suber_pkg/lib/python3.8/site-packages/suber_pkg-0.0.0-py3.8.egg-info
[0.427s] running install_scripts
[0.436s] Installing outmatrix_suber script to /home/mwq/abs_news/install/suber_pkg/lib/suber_pkg
[0.436s] Installing uv_suber script to /home/mwq/abs_news/install/suber_pkg/lib/suber_pkg
[0.437s] writing list of installed files to '/home/mwq/abs_news/build/suber_pkg/install.log'
[0.448s] Invoked command in '/home/mwq/abs_news/src/suber_pkg' returned '0': PYTHONPATH=/home/mwq/abs_news/build/suber_pkg/prefix_override:/home/mwq/abs_news/install/suber_pkg/lib/python3.8/site-packages:${PYTHONPATH} /usr/bin/python3 setup.py egg_info --egg-base ../../build/suber_pkg build --build-base /home/mwq/abs_news/build/suber_pkg/build install --record /home/mwq/abs_news/build/suber_pkg/install.log --install-scripts $base/lib/suber_pkg --single-version-externally-managed
