[0.008s] Invoking command in '/home/mwq/abs_news/build/my_interfaces': CMAKE_PREFIX_PATH=/opt/ros/foxy /usr/bin/cmake --build /home/mwq/abs_news/build/my_interfaces -- -j20 -l20
[0.035s] -- Found ament_cmake: 0.9.11 (/opt/ros/foxy/share/ament_cmake/cmake)
[0.048s] -- Found PythonInterp: /usr/bin/python3 (found suitable version "3.8.10", minimum required is "3") 
[0.048s] -- Using PYTHON_EXECUTABLE: /usr/bin/python3
[0.142s] -- Found rosidl_default_generators: 1.0.1 (/opt/ros/foxy/share/rosidl_default_generators/cmake)
[0.144s] -- Using all available rosidl_typesupport_c: rosidl_typesupport_fastrtps_c;rosidl_typesupport_introspection_c
[0.146s] -- Found rosidl_adapter: 1.3.0 (/opt/ros/foxy/share/rosidl_adapter/cmake)
[0.225s] -- Using all available rosidl_typesupport_cpp: rosidl_typesupport_fastrtps_cpp;rosidl_typesupport_introspection_cpp
[0.252s] -- Found PythonInterp: /usr/bin/python3 (found version "3.8.10") 
[0.320s] -- Found ament_cmake_ros: 0.9.2 (/opt/ros/foxy/share/ament_cmake_ros/cmake)
[0.376s] -- Using all available rosidl_typesupport_c: rosidl_typesupport_fastrtps_c;rosidl_typesupport_introspection_c
[0.380s] -- Using all available rosidl_typesupport_cpp: rosidl_typesupport_fastrtps_cpp;rosidl_typesupport_introspection_cpp
[0.393s] -- Found PythonInterp: /usr/bin/python3 (found suitable version "3.8.10", minimum required is "3.5") 
[0.394s] -- Found python_cmake_module: 0.8.1 (/opt/ros/foxy/share/python_cmake_module/cmake)
[0.408s] -- Using PYTHON_EXECUTABLE: /usr/bin/python3
[0.408s] -- Using PYTHON_INCLUDE_DIRS: /usr/include/python3.8
[0.408s] -- Using PYTHON_LIBRARIES: /usr/lib/x86_64-linux-gnu/libpython3.8.so
[0.415s] -- Found ament_lint_auto: 0.9.7 (/opt/ros/foxy/share/ament_lint_auto/cmake)
[0.425s] -- Added test 'copyright' to check source files copyright and LICENSE
[0.426s] -- Added test 'lint_cmake' to check CMake code style
[0.426s] -- Added test 'xmllint' to check XML markup files
[0.429s] -- Configuring done
[0.449s] -- Generating done
[0.450s] -- Build files have been written to: /home/mwq/abs_news/build/my_interfaces
[0.465s] [35m[1mScanning dependencies of target my_interfaces__cpp[0m
[0.465s] [  2%] [34m[1mGenerating C code for ROS interfaces[0m
[0.471s] [  5%] [34m[1mGenerating C++ code for ROS interfaces[0m
[0.604s] [  5%] Built target my_interfaces__cpp
[0.609s] [  7%] [34m[1mGenerating C++ type support dispatch for ROS interfaces[0m
[0.609s] [ 10%] [34m[1mGenerating C++ type support for eProsima Fast-RTPS[0m
[0.610s] [ 12%] [34m[1mGenerating C++ introspection for ROS interfaces[0m
[0.610s] [35m[1mScanning dependencies of target my_interfaces__rosidl_generator_c[0m
[0.617s] [ 17%] [32mBuilding C object CMakeFiles/my_interfaces__rosidl_generator_c.dir/rosidl_generator_c/my_interfaces/msg/detail/outpose__functions.c.o[0m
[0.617s] [ 17%] [32mBuilding C object CMakeFiles/my_interfaces__rosidl_generator_c.dir/rosidl_generator_c/my_interfaces/msg/detail/myuv__functions.c.o[0m
[0.661s] [ 20%] [32m[1mLinking C shared library libmy_interfaces__rosidl_generator_c.so[0m
[0.686s] [ 20%] Built target my_interfaces__rosidl_generator_c
[0.691s] [ 25%] [34m[1mGenerating C introspection for ROS interfaces[0m
[0.692s] [ 25%] [34m[1mGenerating C type support dispatch for ROS interfaces[0m
[0.731s] [35m[1mScanning dependencies of target my_interfaces__rosidl_typesupport_cpp[0m
[0.738s] [ 30%] [32mBuilding CXX object CMakeFiles/my_interfaces__rosidl_typesupport_cpp.dir/rosidl_typesupport_cpp/my_interfaces/msg/myuv__type_support.cpp.o[0m
[0.738s] [ 30%] [32mBuilding CXX object CMakeFiles/my_interfaces__rosidl_typesupport_cpp.dir/rosidl_typesupport_cpp/my_interfaces/msg/outpose__type_support.cpp.o[0m
[0.740s] [35m[1mScanning dependencies of target my_interfaces__rosidl_typesupport_introspection_cpp[0m
[0.748s] [ 33%] [32mBuilding CXX object CMakeFiles/my_interfaces__rosidl_typesupport_introspection_cpp.dir/rosidl_typesupport_introspection_cpp/my_interfaces/msg/detail/myuv__type_support.cpp.o[0m
[0.748s] [ 35%] [32mBuilding CXX object CMakeFiles/my_interfaces__rosidl_typesupport_introspection_cpp.dir/rosidl_typesupport_introspection_cpp/my_interfaces/msg/detail/outpose__type_support.cpp.o[0m
[0.748s] [35m[1mScanning dependencies of target my_interfaces__rosidl_typesupport_fastrtps_cpp[0m
[0.756s] [ 38%] [32mBuilding CXX object CMakeFiles/my_interfaces__rosidl_typesupport_fastrtps_cpp.dir/rosidl_typesupport_fastrtps_cpp/my_interfaces/msg/detail/dds_fastrtps/outpose__type_support.cpp.o[0m
[0.756s] [ 41%] [32mBuilding CXX object CMakeFiles/my_interfaces__rosidl_typesupport_fastrtps_cpp.dir/rosidl_typesupport_fastrtps_cpp/my_interfaces/msg/detail/dds_fastrtps/myuv__type_support.cpp.o[0m
[0.813s] [35m[1mScanning dependencies of target my_interfaces__rosidl_typesupport_c[0m
[0.820s] [ 43%] [32mBuilding CXX object CMakeFiles/my_interfaces__rosidl_typesupport_c.dir/rosidl_typesupport_c/my_interfaces/msg/myuv__type_support.cpp.o[0m
[0.822s] [ 46%] [32mBuilding CXX object CMakeFiles/my_interfaces__rosidl_typesupport_c.dir/rosidl_typesupport_c/my_interfaces/msg/outpose__type_support.cpp.o[0m
[0.828s] [35m[1mScanning dependencies of target my_interfaces__rosidl_typesupport_introspection_c[0m
[0.836s] [ 48%] [32mBuilding C object CMakeFiles/my_interfaces__rosidl_typesupport_introspection_c.dir/rosidl_typesupport_introspection_c/my_interfaces/msg/detail/myuv__type_support.c.o[0m
[0.838s] [ 51%] [32mBuilding C object CMakeFiles/my_interfaces__rosidl_typesupport_introspection_c.dir/rosidl_typesupport_introspection_c/my_interfaces/msg/detail/outpose__type_support.c.o[0m
[0.850s] [ 53%] [32m[1mLinking CXX shared library libmy_interfaces__rosidl_typesupport_c.so[0m
[0.857s] [ 56%] [32m[1mLinking C shared library libmy_interfaces__rosidl_typesupport_introspection_c.so[0m
[0.874s] [ 56%] Built target my_interfaces__rosidl_typesupport_introspection_c
[0.878s] [ 56%] Built target my_interfaces__rosidl_typesupport_c
[0.902s] [ 58%] [32m[1mLinking CXX shared library libmy_interfaces__rosidl_typesupport_cpp.so[0m
[0.927s] [ 58%] Built target my_interfaces__rosidl_typesupport_cpp
[0.961s] [ 61%] [32m[1mLinking CXX shared library libmy_interfaces__rosidl_typesupport_introspection_cpp.so[0m
[0.969s] [ 64%] [32m[1mLinking CXX shared library libmy_interfaces__rosidl_typesupport_fastrtps_cpp.so[0m
[0.982s] [ 64%] Built target my_interfaces__rosidl_typesupport_introspection_cpp
[1.015s] [ 64%] Built target my_interfaces__rosidl_typesupport_fastrtps_cpp
[1.021s] [ 66%] [34m[1mGenerating C type support for eProsima Fast-RTPS[0m
[1.151s] [35m[1mScanning dependencies of target my_interfaces__rosidl_typesupport_fastrtps_c[0m
[1.158s] [ 71%] [32mBuilding CXX object CMakeFiles/my_interfaces__rosidl_typesupport_fastrtps_c.dir/rosidl_typesupport_fastrtps_c/my_interfaces/msg/detail/outpose__type_support_c.cpp.o[0m
[1.158s] [ 71%] [32mBuilding CXX object CMakeFiles/my_interfaces__rosidl_typesupport_fastrtps_c.dir/rosidl_typesupport_fastrtps_c/my_interfaces/msg/detail/myuv__type_support_c.cpp.o[0m
[1.322s] [ 74%] [32m[1mLinking CXX shared library libmy_interfaces__rosidl_typesupport_fastrtps_c.so[0m
[1.367s] [ 74%] Built target my_interfaces__rosidl_typesupport_fastrtps_c
[1.378s] [ 74%] Built target my_interfaces
[1.383s] [35m[1mScanning dependencies of target my_interfaces__py[0m
[1.388s] [ 76%] [34m[1mGenerating Python code for ROS interfaces[0m
[1.657s] [ 76%] Built target my_interfaces__py
[1.663s] [35m[1mScanning dependencies of target my_interfaces__python[0m
[1.671s] [ 79%] [32mBuilding C object CMakeFiles/my_interfaces__python.dir/rosidl_generator_py/my_interfaces/msg/_outpose_s.c.o[0m
[1.671s] [ 82%] [32mBuilding C object CMakeFiles/my_interfaces__python.dir/rosidl_generator_py/my_interfaces/msg/_myuv_s.c.o[0m
[1.734s] [ 84%] [32m[1mLinking C shared library rosidl_generator_py/my_interfaces/libmy_interfaces__python.so[0m
[1.756s] [ 84%] Built target my_interfaces__python
[1.762s] [35m[1mScanning dependencies of target my_interfaces__rosidl_typesupport_fastrtps_c__pyext[0m
[1.762s] [35m[1mScanning dependencies of target my_interfaces__rosidl_typesupport_introspection_c__pyext[0m
[1.762s] [35m[1mScanning dependencies of target my_interfaces__rosidl_typesupport_c__pyext[0m
[1.770s] [ 92%] [32mBuilding C object CMakeFiles/my_interfaces__rosidl_typesupport_c__pyext.dir/rosidl_generator_py/my_interfaces/_my_interfaces_s.ep.rosidl_typesupport_c.c.o[0m
[1.770s] [ 92%] [32mBuilding C object CMakeFiles/my_interfaces__rosidl_typesupport_introspection_c__pyext.dir/rosidl_generator_py/my_interfaces/_my_interfaces_s.ep.rosidl_typesupport_introspection_c.c.o[0m
[1.770s] [ 92%] [32mBuilding C object CMakeFiles/my_interfaces__rosidl_typesupport_fastrtps_c__pyext.dir/rosidl_generator_py/my_interfaces/_my_interfaces_s.ep.rosidl_typesupport_fastrtps_c.c.o[0m
[1.817s] [100%] [32m[1mLinking C shared library rosidl_generator_py/my_interfaces/my_interfaces_s__rosidl_typesupport_c.cpython-38-x86_64-linux-gnu.so[0m
[1.818s] [100%] [32m[1mLinking C shared library rosidl_generator_py/my_interfaces/my_interfaces_s__rosidl_typesupport_introspection_c.cpython-38-x86_64-linux-gnu.so[0m
[1.818s] [100%] [32m[1mLinking CXX shared library rosidl_generator_py/my_interfaces/my_interfaces_s__rosidl_typesupport_fastrtps_c.cpython-38-x86_64-linux-gnu.so[0m
[1.837s] [100%] Built target my_interfaces__rosidl_typesupport_c__pyext
[1.837s] [100%] Built target my_interfaces__rosidl_typesupport_introspection_c__pyext
[1.853s] [100%] Built target my_interfaces__rosidl_typesupport_fastrtps_c__pyext
[1.861s] Invoked command in '/home/mwq/abs_news/build/my_interfaces' returned '0': CMAKE_PREFIX_PATH=/opt/ros/foxy /usr/bin/cmake --build /home/mwq/abs_news/build/my_interfaces -- -j20 -l20
[1.895s] Invoking command in '/home/mwq/abs_news/build/my_interfaces': CMAKE_PREFIX_PATH=/opt/ros/foxy /usr/bin/cmake --install /home/mwq/abs_news/build/my_interfaces
[1.899s] -- Install configuration: ""
[1.899s] -- Installing: /home/mwq/abs_news/install/my_interfaces/share/ament_index/resource_index/rosidl_interfaces/my_interfaces
[1.899s] -- Up-to-date: /home/mwq/abs_news/install/my_interfaces/include/my_interfaces
[1.900s] -- Up-to-date: /home/mwq/abs_news/install/my_interfaces/include/my_interfaces/msg
[1.900s] -- Installing: /home/mwq/abs_news/install/my_interfaces/include/my_interfaces/msg/outpose.h
[1.900s] -- Installing: /home/mwq/abs_news/install/my_interfaces/include/my_interfaces/msg/myuv.h
[1.900s] -- Up-to-date: /home/mwq/abs_news/install/my_interfaces/include/my_interfaces/msg/detail
[1.900s] -- Installing: /home/mwq/abs_news/install/my_interfaces/include/my_interfaces/msg/detail/myuv__functions.h
[1.900s] -- Installing: /home/mwq/abs_news/install/my_interfaces/include/my_interfaces/msg/detail/outpose__struct.h
[1.900s] -- Installing: /home/mwq/abs_news/install/my_interfaces/include/my_interfaces/msg/detail/outpose__functions.c
[1.900s] -- Installing: /home/mwq/abs_news/install/my_interfaces/include/my_interfaces/msg/detail/myuv__type_support.h
[1.900s] -- Installing: /home/mwq/abs_news/install/my_interfaces/include/my_interfaces/msg/detail/outpose__functions.h
[1.901s] -- Installing: /home/mwq/abs_news/install/my_interfaces/include/my_interfaces/msg/detail/myuv__functions.c
[1.901s] -- Installing: /home/mwq/abs_news/install/my_interfaces/include/my_interfaces/msg/detail/outpose__type_support.h
[1.901s] -- Installing: /home/mwq/abs_news/install/my_interfaces/include/my_interfaces/msg/detail/myuv__struct.h
[1.901s] -- Up-to-date: /home/mwq/abs_news/install/my_interfaces/include/my_interfaces/msg/rosidl_generator_c__visibility_control.h
[1.901s] -- Up-to-date: /home/mwq/abs_news/install/my_interfaces/share/my_interfaces/environment/library_path.sh
[1.901s] -- Installing: /home/mwq/abs_news/install/my_interfaces/share/my_interfaces/environment/library_path.dsv
[1.901s] -- Installing: /home/mwq/abs_news/install/my_interfaces/lib/libmy_interfaces__rosidl_generator_c.so
[1.901s] -- Set runtime path of "/home/mwq/abs_news/install/my_interfaces/lib/libmy_interfaces__rosidl_generator_c.so" to ""
[1.901s] -- Up-to-date: /home/mwq/abs_news/install/my_interfaces/include/my_interfaces
[1.901s] -- Up-to-date: /home/mwq/abs_news/install/my_interfaces/include/my_interfaces/msg
[1.901s] -- Up-to-date: /home/mwq/abs_news/install/my_interfaces/include/my_interfaces/msg/rosidl_typesupport_fastrtps_c__visibility_control.h
[1.901s] -- Up-to-date: /home/mwq/abs_news/install/my_interfaces/include/my_interfaces/msg/detail
[1.901s] -- Installing: /home/mwq/abs_news/install/my_interfaces/include/my_interfaces/msg/detail/myuv__rosidl_typesupport_fastrtps_c.h
[1.902s] -- Installing: /home/mwq/abs_news/install/my_interfaces/include/my_interfaces/msg/detail/outpose__rosidl_typesupport_fastrtps_c.h
[1.902s] -- Installing: /home/mwq/abs_news/install/my_interfaces/lib/libmy_interfaces__rosidl_typesupport_fastrtps_c.so
[1.902s] -- Set runtime path of "/home/mwq/abs_news/install/my_interfaces/lib/libmy_interfaces__rosidl_typesupport_fastrtps_c.so" to ""
[1.902s] -- Up-to-date: /home/mwq/abs_news/install/my_interfaces/include/my_interfaces
[1.902s] -- Up-to-date: /home/mwq/abs_news/install/my_interfaces/include/my_interfaces/msg
[1.902s] -- Up-to-date: /home/mwq/abs_news/install/my_interfaces/include/my_interfaces/msg/detail
[1.902s] -- Installing: /home/mwq/abs_news/install/my_interfaces/include/my_interfaces/msg/detail/myuv__rosidl_typesupport_fastrtps_cpp.hpp
[1.902s] -- Installing: /home/mwq/abs_news/install/my_interfaces/include/my_interfaces/msg/detail/outpose__rosidl_typesupport_fastrtps_cpp.hpp
[1.902s] -- Up-to-date: /home/mwq/abs_news/install/my_interfaces/include/my_interfaces/msg/detail/dds_fastrtps
[1.902s] -- Up-to-date: /home/mwq/abs_news/install/my_interfaces/include/my_interfaces/msg/rosidl_typesupport_fastrtps_cpp__visibility_control.h
[1.902s] -- Installing: /home/mwq/abs_news/install/my_interfaces/lib/libmy_interfaces__rosidl_typesupport_fastrtps_cpp.so
[1.902s] -- Set runtime path of "/home/mwq/abs_news/install/my_interfaces/lib/libmy_interfaces__rosidl_typesupport_fastrtps_cpp.so" to ""
[1.903s] -- Up-to-date: /home/mwq/abs_news/install/my_interfaces/include/my_interfaces
[1.903s] -- Up-to-date: /home/mwq/abs_news/install/my_interfaces/include/my_interfaces/msg
[1.903s] -- Up-to-date: /home/mwq/abs_news/install/my_interfaces/include/my_interfaces/msg/detail
[1.903s] -- Installing: /home/mwq/abs_news/install/my_interfaces/include/my_interfaces/msg/detail/outpose__type_support.c
[1.903s] -- Installing: /home/mwq/abs_news/install/my_interfaces/include/my_interfaces/msg/detail/myuv__type_support.c
[1.903s] -- Installing: /home/mwq/abs_news/install/my_interfaces/include/my_interfaces/msg/detail/outpose__rosidl_typesupport_introspection_c.h
[1.903s] -- Installing: /home/mwq/abs_news/install/my_interfaces/include/my_interfaces/msg/detail/myuv__rosidl_typesupport_introspection_c.h
[1.903s] -- Up-to-date: /home/mwq/abs_news/install/my_interfaces/include/my_interfaces/msg/rosidl_typesupport_introspection_c__visibility_control.h
[1.903s] -- Installing: /home/mwq/abs_news/install/my_interfaces/lib/libmy_interfaces__rosidl_typesupport_introspection_c.so
[1.903s] -- Set runtime path of "/home/mwq/abs_news/install/my_interfaces/lib/libmy_interfaces__rosidl_typesupport_introspection_c.so" to ""
[1.903s] -- Installing: /home/mwq/abs_news/install/my_interfaces/lib/libmy_interfaces__rosidl_typesupport_c.so
[1.903s] -- Set runtime path of "/home/mwq/abs_news/install/my_interfaces/lib/libmy_interfaces__rosidl_typesupport_c.so" to ""
[1.903s] -- Up-to-date: /home/mwq/abs_news/install/my_interfaces/include/my_interfaces
[1.903s] -- Up-to-date: /home/mwq/abs_news/install/my_interfaces/include/my_interfaces/msg
[1.904s] -- Installing: /home/mwq/abs_news/install/my_interfaces/include/my_interfaces/msg/outpose.hpp
[1.904s] -- Up-to-date: /home/mwq/abs_news/install/my_interfaces/include/my_interfaces/msg/detail
[1.904s] -- Installing: /home/mwq/abs_news/install/my_interfaces/include/my_interfaces/msg/detail/outpose__struct.hpp
[1.904s] -- Installing: /home/mwq/abs_news/install/my_interfaces/include/my_interfaces/msg/detail/myuv__struct.hpp
[1.904s] -- Installing: /home/mwq/abs_news/install/my_interfaces/include/my_interfaces/msg/detail/outpose__traits.hpp
[1.904s] -- Installing: /home/mwq/abs_news/install/my_interfaces/include/my_interfaces/msg/detail/outpose__builder.hpp
[1.904s] -- Installing: /home/mwq/abs_news/install/my_interfaces/include/my_interfaces/msg/detail/myuv__builder.hpp
[1.904s] -- Installing: /home/mwq/abs_news/install/my_interfaces/include/my_interfaces/msg/detail/myuv__traits.hpp
[1.904s] -- Installing: /home/mwq/abs_news/install/my_interfaces/include/my_interfaces/msg/myuv.hpp
[1.904s] -- Up-to-date: /home/mwq/abs_news/install/my_interfaces/include/my_interfaces
[1.904s] -- Up-to-date: /home/mwq/abs_news/install/my_interfaces/include/my_interfaces/msg
[1.904s] -- Up-to-date: /home/mwq/abs_news/install/my_interfaces/include/my_interfaces/msg/detail
[1.904s] -- Installing: /home/mwq/abs_news/install/my_interfaces/include/my_interfaces/msg/detail/outpose__type_support.cpp
[1.904s] -- Installing: /home/mwq/abs_news/install/my_interfaces/include/my_interfaces/msg/detail/myuv__type_support.cpp
[1.904s] -- Installing: /home/mwq/abs_news/install/my_interfaces/include/my_interfaces/msg/detail/myuv__rosidl_typesupport_introspection_cpp.hpp
[1.904s] -- Installing: /home/mwq/abs_news/install/my_interfaces/include/my_interfaces/msg/detail/outpose__rosidl_typesupport_introspection_cpp.hpp
[1.905s] -- Installing: /home/mwq/abs_news/install/my_interfaces/lib/libmy_interfaces__rosidl_typesupport_introspection_cpp.so
[1.905s] -- Set runtime path of "/home/mwq/abs_news/install/my_interfaces/lib/libmy_interfaces__rosidl_typesupport_introspection_cpp.so" to ""
[1.905s] -- Installing: /home/mwq/abs_news/install/my_interfaces/lib/libmy_interfaces__rosidl_typesupport_cpp.so
[1.905s] -- Set runtime path of "/home/mwq/abs_news/install/my_interfaces/lib/libmy_interfaces__rosidl_typesupport_cpp.so" to ""
[1.905s] -- Up-to-date: /home/mwq/abs_news/install/my_interfaces/share/my_interfaces/environment/pythonpath.sh
[1.905s] -- Installing: /home/mwq/abs_news/install/my_interfaces/share/my_interfaces/environment/pythonpath.dsv
[1.905s] -- Installing: /home/mwq/abs_news/install/my_interfaces/lib/python3.8/site-packages/my_interfaces/__init__.py
[1.921s] Compiling '/home/mwq/abs_news/install/my_interfaces/lib/python3.8/site-packages/my_interfaces/__init__.py'...
[1.923s] -- Up-to-date: /home/mwq/abs_news/install/my_interfaces/lib/python3.8/site-packages/my_interfaces/msg
[1.923s] -- Installing: /home/mwq/abs_news/install/my_interfaces/lib/python3.8/site-packages/my_interfaces/msg/__init__.py
[1.923s] -- Installing: /home/mwq/abs_news/install/my_interfaces/lib/python3.8/site-packages/my_interfaces/msg/_myuv_s.c
[1.923s] -- Installing: /home/mwq/abs_news/install/my_interfaces/lib/python3.8/site-packages/my_interfaces/msg/_outpose.py
[1.923s] -- Installing: /home/mwq/abs_news/install/my_interfaces/lib/python3.8/site-packages/my_interfaces/msg/_outpose_s.c
[1.924s] -- Installing: /home/mwq/abs_news/install/my_interfaces/lib/python3.8/site-packages/my_interfaces/msg/_myuv.py
[1.924s] -- Installing: /home/mwq/abs_news/install/my_interfaces/lib/python3.8/site-packages/my_interfaces/my_interfaces_s__rosidl_typesupport_fastrtps_c.cpython-38-x86_64-linux-gnu.so
[1.924s] -- Set runtime path of "/home/mwq/abs_news/install/my_interfaces/lib/python3.8/site-packages/my_interfaces/my_interfaces_s__rosidl_typesupport_fastrtps_c.cpython-38-x86_64-linux-gnu.so" to ""
[1.924s] -- Installing: /home/mwq/abs_news/install/my_interfaces/lib/python3.8/site-packages/my_interfaces/my_interfaces_s__rosidl_typesupport_introspection_c.cpython-38-x86_64-linux-gnu.so
[1.925s] -- Set runtime path of "/home/mwq/abs_news/install/my_interfaces/lib/python3.8/site-packages/my_interfaces/my_interfaces_s__rosidl_typesupport_introspection_c.cpython-38-x86_64-linux-gnu.so" to ""
[1.925s] -- Installing: /home/mwq/abs_news/install/my_interfaces/lib/python3.8/site-packages/my_interfaces/my_interfaces_s__rosidl_typesupport_c.cpython-38-x86_64-linux-gnu.so
[1.925s] -- Set runtime path of "/home/mwq/abs_news/install/my_interfaces/lib/python3.8/site-packages/my_interfaces/my_interfaces_s__rosidl_typesupport_c.cpython-38-x86_64-linux-gnu.so" to ""
[1.925s] -- Installing: /home/mwq/abs_news/install/my_interfaces/lib/libmy_interfaces__python.so
[1.925s] -- Set runtime path of "/home/mwq/abs_news/install/my_interfaces/lib/libmy_interfaces__python.so" to ""
[1.926s] -- Up-to-date: /home/mwq/abs_news/install/my_interfaces/share/my_interfaces/msg/Outpose.idl
[1.926s] -- Installing: /home/mwq/abs_news/install/my_interfaces/share/my_interfaces/msg/Myuv.idl
[1.926s] -- Up-to-date: /home/mwq/abs_news/install/my_interfaces/share/my_interfaces/msg/Outpose.msg
[1.926s] -- Installing: /home/mwq/abs_news/install/my_interfaces/share/my_interfaces/msg/Myuv.msg
[1.926s] -- Up-to-date: /home/mwq/abs_news/install/my_interfaces/share/ament_index/resource_index/package_run_dependencies/my_interfaces
[1.926s] -- Up-to-date: /home/mwq/abs_news/install/my_interfaces/share/ament_index/resource_index/parent_prefix_path/my_interfaces
[1.926s] -- Up-to-date: /home/mwq/abs_news/install/my_interfaces/share/my_interfaces/environment/ament_prefix_path.sh
[1.926s] -- Installing: /home/mwq/abs_news/install/my_interfaces/share/my_interfaces/environment/ament_prefix_path.dsv
[1.926s] -- Up-to-date: /home/mwq/abs_news/install/my_interfaces/share/my_interfaces/environment/path.sh
[1.926s] -- Installing: /home/mwq/abs_news/install/my_interfaces/share/my_interfaces/environment/path.dsv
[1.926s] -- Up-to-date: /home/mwq/abs_news/install/my_interfaces/share/my_interfaces/local_setup.bash
[1.926s] -- Up-to-date: /home/mwq/abs_news/install/my_interfaces/share/my_interfaces/local_setup.sh
[1.927s] -- Up-to-date: /home/mwq/abs_news/install/my_interfaces/share/my_interfaces/local_setup.zsh
[1.927s] -- Installing: /home/mwq/abs_news/install/my_interfaces/share/my_interfaces/local_setup.dsv
[1.927s] -- Installing: /home/mwq/abs_news/install/my_interfaces/share/my_interfaces/package.dsv
[1.927s] -- Up-to-date: /home/mwq/abs_news/install/my_interfaces/share/ament_index/resource_index/packages/my_interfaces
[1.927s] -- Up-to-date: /home/mwq/abs_news/install/my_interfaces/share/my_interfaces/cmake/my_interfaces__rosidl_generator_cExport.cmake
[1.927s] -- Installing: /home/mwq/abs_news/install/my_interfaces/share/my_interfaces/cmake/my_interfaces__rosidl_generator_cExport-noconfig.cmake
[1.927s] -- Up-to-date: /home/mwq/abs_news/install/my_interfaces/share/my_interfaces/cmake/my_interfaces__rosidl_typesupport_introspection_cExport.cmake
[1.927s] -- Installing: /home/mwq/abs_news/install/my_interfaces/share/my_interfaces/cmake/my_interfaces__rosidl_typesupport_introspection_cExport-noconfig.cmake
[1.927s] -- Up-to-date: /home/mwq/abs_news/install/my_interfaces/share/my_interfaces/cmake/my_interfaces__rosidl_typesupport_cExport.cmake
[1.927s] -- Installing: /home/mwq/abs_news/install/my_interfaces/share/my_interfaces/cmake/my_interfaces__rosidl_typesupport_cExport-noconfig.cmake
[1.927s] -- Up-to-date: /home/mwq/abs_news/install/my_interfaces/share/my_interfaces/cmake/my_interfaces__rosidl_generator_cppExport.cmake
[1.927s] -- Up-to-date: /home/mwq/abs_news/install/my_interfaces/share/my_interfaces/cmake/my_interfaces__rosidl_typesupport_introspection_cppExport.cmake
[1.927s] -- Installing: /home/mwq/abs_news/install/my_interfaces/share/my_interfaces/cmake/my_interfaces__rosidl_typesupport_introspection_cppExport-noconfig.cmake
[1.927s] -- Up-to-date: /home/mwq/abs_news/install/my_interfaces/share/my_interfaces/cmake/my_interfaces__rosidl_typesupport_cppExport.cmake
[1.927s] -- Installing: /home/mwq/abs_news/install/my_interfaces/share/my_interfaces/cmake/my_interfaces__rosidl_typesupport_cppExport-noconfig.cmake
[1.927s] -- Installing: /home/mwq/abs_news/install/my_interfaces/share/my_interfaces/cmake/rosidl_cmake-extras.cmake
[1.927s] -- Up-to-date: /home/mwq/abs_news/install/my_interfaces/share/my_interfaces/cmake/ament_cmake_export_dependencies-extras.cmake
[1.927s] -- Up-to-date: /home/mwq/abs_news/install/my_interfaces/share/my_interfaces/cmake/ament_cmake_export_libraries-extras.cmake
[1.927s] -- Up-to-date: /home/mwq/abs_news/install/my_interfaces/share/my_interfaces/cmake/ament_cmake_export_targets-extras.cmake
[1.927s] -- Up-to-date: /home/mwq/abs_news/install/my_interfaces/share/my_interfaces/cmake/ament_cmake_export_include_directories-extras.cmake
[1.927s] -- Up-to-date: /home/mwq/abs_news/install/my_interfaces/share/my_interfaces/cmake/rosidl_cmake_export_typesupport_libraries-extras.cmake
[1.927s] -- Up-to-date: /home/mwq/abs_news/install/my_interfaces/share/my_interfaces/cmake/rosidl_cmake_export_typesupport_targets-extras.cmake
[1.927s] -- Up-to-date: /home/mwq/abs_news/install/my_interfaces/share/my_interfaces/cmake/my_interfacesConfig.cmake
[1.927s] -- Up-to-date: /home/mwq/abs_news/install/my_interfaces/share/my_interfaces/cmake/my_interfacesConfig-version.cmake
[1.927s] -- Up-to-date: /home/mwq/abs_news/install/my_interfaces/share/my_interfaces/package.xml
[1.929s] Invoked command in '/home/mwq/abs_news/build/my_interfaces' returned '0': CMAKE_PREFIX_PATH=/opt/ros/foxy /usr/bin/cmake --install /home/mwq/abs_news/build/my_interfaces
