running egg_info
writing ../../build/puber_pkg/puber_pkg.egg-info/PKG-INFO
writing dependency_links to ../../build/puber_pkg/puber_pkg.egg-info/dependency_links.txt
writing entry points to ../../build/puber_pkg/puber_pkg.egg-info/entry_points.txt
writing requirements to ../../build/puber_pkg/puber_pkg.egg-info/requires.txt
writing top-level names to ../../build/puber_pkg/puber_pkg.egg-info/top_level.txt
reading manifest file '../../build/puber_pkg/puber_pkg.egg-info/SOURCES.txt'
writing manifest file '../../build/puber_pkg/puber_pkg.egg-info/SOURCES.txt'
running build
running build_py
running install
running install_lib
running install_data
running install_egg_info
removing '/home/mwq/abs_news/install/puber_pkg/lib/python3.8/site-packages/puber_pkg-0.0.0-py3.8.egg-info' (and everything under it)
Copying ../../build/puber_pkg/puber_pkg.egg-info to /home/mwq/abs_news/install/puber_pkg/lib/python3.8/site-packages/puber_pkg-0.0.0-py3.8.egg-info
running install_scripts
Installing outmatrix_puber script to /home/mwq/abs_news/install/puber_pkg/lib/puber_pkg
Installing uv_puber script to /home/mwq/abs_news/install/puber_pkg/lib/puber_pkg
writing list of installed files to '/home/mwq/abs_news/build/puber_pkg/install.log'
