[0.010s] Invoking command in '/home/mwq/abs_news/build/my_interfaces': CMAKE_PREFIX_PATH=/opt/ros/foxy /usr/bin/cmake --build /home/mwq/abs_news/build/my_interfaces -- -j20 -l20
[0.024s] -- Found ament_cmake: 0.9.11 (/opt/ros/foxy/share/ament_cmake/cmake)
[0.036s] -- Found PythonInterp: /usr/bin/python3 (found suitable version "3.8.10", minimum required is "3") 
[0.036s] -- Using PYTHON_EXECUTABLE: /usr/bin/python3
[0.127s] -- Found rosidl_default_generators: 1.0.1 (/opt/ros/foxy/share/rosidl_default_generators/cmake)
[0.128s] -- Using all available rosidl_typesupport_c: rosidl_typesupport_fastrtps_c;rosidl_typesupport_introspection_c
[0.130s] -- Found rosidl_adapter: 1.3.0 (/opt/ros/foxy/share/rosidl_adapter/cmake)
[0.215s] -- Using all available rosidl_typesupport_cpp: rosidl_typesupport_fastrtps_cpp;rosidl_typesupport_introspection_cpp
[0.239s] -- Found PythonInterp: /usr/bin/python3 (found version "3.8.10") 
[0.274s] CMake Error at /opt/ros/foxy/share/rosidl_cmake/cmake/rosidl_generate_interfaces.cmake:162 (message):
[0.274s]   rosidl_generate_interfaces() the passed dependency 'builtin_interfaces' has
[0.274s]   not been found before using find_package()
[0.274s] Call Stack (most recent call first):
[0.274s]   CMakeLists.txt:24 (rosidl_generate_interfaces)
[0.274s] 
[0.274s] 
[0.274s] -- Configuring incomplete, errors occurred!
[0.274s] See also "/home/mwq/abs_news/build/my_interfaces/CMakeFiles/CMakeOutput.log".
[0.278s] make: *** [Makefile:988：cmake_check_build_system] 错误 1
[0.280s] Invoked command in '/home/mwq/abs_news/build/my_interfaces' returned '2': CMAKE_PREFIX_PATH=/opt/ros/foxy /usr/bin/cmake --build /home/mwq/abs_news/build/my_interfaces -- -j20 -l20
