-- The C compiler identification is GNU 9.4.0
-- The CXX compiler identification is GNU 9.4.0
-- Check for working C compiler: /usr/bin/cc
-- Check for working C compiler: /usr/bin/cc -- works
-- Detecting C compiler ABI info
-- Detecting C compiler ABI info - done
-- Detecting C compile features
-- Detecting C compile features - done
-- Check for working CXX compiler: /usr/bin/c++
-- Check for working CXX compiler: /usr/bin/c++ -- works
-- Detecting CXX compiler ABI info
-- Detecting CXX compiler ABI info - done
-- Detecting CXX compile features
-- Detecting CXX compile features - done
-- Found ament_cmake: 0.9.11 (/opt/ros/foxy/share/ament_cmake/cmake)
-- Found PythonInterp: /usr/bin/python3 (found suitable version "3.8.10", minimum required is "3") 
-- Using PYTHON_EXECUTABLE: /usr/bin/python3
-- Found ament_lint_auto: 0.9.7 (/opt/ros/foxy/share/ament_lint_auto/cmake)
-- Found rosidl_default_generators: 1.0.1 (/opt/ros/foxy/share/rosidl_default_generators/cmake)
-- Using all available rosidl_typesupport_c: rosidl_typesupport_fastrtps_c;rosidl_typesupport_introspection_c
-- Found rosidl_adapter: 1.3.0 (/opt/ros/foxy/share/rosidl_adapter/cmake)
-- Found OpenSSL: /usr/lib/x86_64-linux-gnu/libcrypto.so (found version "1.1.1f")  
-- Found FastRTPS: /opt/ros/foxy/include  
-- Using all available rosidl_typesupport_cpp: rosidl_typesupport_fastrtps_cpp;rosidl_typesupport_introspection_cpp
-- Found PythonInterp: /usr/bin/python3 (found version "3.8.10") 
-- Found ament_cmake_ros: 0.9.2 (/opt/ros/foxy/share/ament_cmake_ros/cmake)
-- Using all available rosidl_typesupport_c: rosidl_typesupport_fastrtps_c;rosidl_typesupport_introspection_c
-- Using all available rosidl_typesupport_cpp: rosidl_typesupport_fastrtps_cpp;rosidl_typesupport_introspection_cpp
-- Found PythonInterp: /usr/bin/python3 (found suitable version "3.8.10", minimum required is "3.5") 
-- Found python_cmake_module: 0.8.1 (/opt/ros/foxy/share/python_cmake_module/cmake)
-- Found PythonLibs: /usr/lib/x86_64-linux-gnu/libpython3.8.so (found suitable version "3.8.10", minimum required is "3.5") 
-- Using PYTHON_EXECUTABLE: /usr/bin/python3
-- Using PYTHON_INCLUDE_DIRS: /usr/include/python3.8
-- Using PYTHON_LIBRARIES: /usr/lib/x86_64-linux-gnu/libpython3.8.so
-- Found PythonExtra: .so  
-- Added test 'copyright' to check source files copyright and LICENSE
-- Added test 'lint_cmake' to check CMake code style
-- Added test 'xmllint' to check XML markup files
-- Configuring done
-- Generating done
-- Build files have been written to: /home/mwq/abs_news/build/dobot_bringup_msg
[35m[1mScanning dependencies of target dobot_bringup_msg__cpp[0m
[  2%] [34m[1mGenerating C code for ROS interfaces[0m
[  5%] [34m[1mGenerating C++ code for ROS interfaces[0m
[  5%] Built target dobot_bringup_msg__cpp
[ 12%] [34m[1mGenerating C++ type support for eProsima Fast-RTPS[0m
[ 12%] [34m[1mGenerating C++ introspection for ROS interfaces[0m
[ 12%] [34m[1mGenerating C++ type support dispatch for ROS interfaces[0m
[35m[1mScanning dependencies of target dobot_bringup_msg__rosidl_generator_c[0m
[ 15%] [32mBuilding C object CMakeFiles/dobot_bringup_msg__rosidl_generator_c.dir/rosidl_generator_c/dobot_bringup_msg/msg/detail/tool_vector_actual__functions.c.o[0m
[ 17%] [32mBuilding C object CMakeFiles/dobot_bringup_msg__rosidl_generator_c.dir/rosidl_generator_c/dobot_bringup_msg/msg/detail/robot_status__functions.c.o[0m
[ 20%] [32m[1mLinking C shared library libdobot_bringup_msg__rosidl_generator_c.so[0m
[ 20%] Built target dobot_bringup_msg__rosidl_generator_c
[ 23%] [34m[1mGenerating C introspection for ROS interfaces[0m
[ 25%] [34m[1mGenerating C type support dispatch for ROS interfaces[0m
[35m[1mScanning dependencies of target dobot_bringup_msg__rosidl_typesupport_cpp[0m
[ 30%] [32mBuilding CXX object CMakeFiles/dobot_bringup_msg__rosidl_typesupport_cpp.dir/rosidl_typesupport_cpp/dobot_bringup_msg/msg/tool_vector_actual__type_support.cpp.o[0m
[ 30%] [32mBuilding CXX object CMakeFiles/dobot_bringup_msg__rosidl_typesupport_cpp.dir/rosidl_typesupport_cpp/dobot_bringup_msg/msg/robot_status__type_support.cpp.o[0m
[35m[1mScanning dependencies of target dobot_bringup_msg__rosidl_typesupport_introspection_cpp[0m
[35m[1mScanning dependencies of target dobot_bringup_msg__rosidl_typesupport_fastrtps_cpp[0m
[ 35%] [32mBuilding CXX object CMakeFiles/dobot_bringup_msg__rosidl_typesupport_introspection_cpp.dir/rosidl_typesupport_introspection_cpp/dobot_bringup_msg/msg/detail/tool_vector_actual__type_support.cpp.o[0m
[ 35%] [32mBuilding CXX object CMakeFiles/dobot_bringup_msg__rosidl_typesupport_introspection_cpp.dir/rosidl_typesupport_introspection_cpp/dobot_bringup_msg/msg/detail/robot_status__type_support.cpp.o[0m
[ 41%] [32mBuilding CXX object CMakeFiles/dobot_bringup_msg__rosidl_typesupport_fastrtps_cpp.dir/rosidl_typesupport_fastrtps_cpp/dobot_bringup_msg/msg/detail/dds_fastrtps/robot_status__type_support.cpp.o[0m
[ 41%] [32mBuilding CXX object CMakeFiles/dobot_bringup_msg__rosidl_typesupport_fastrtps_cpp.dir/rosidl_typesupport_fastrtps_cpp/dobot_bringup_msg/msg/detail/dds_fastrtps/tool_vector_actual__type_support.cpp.o[0m
[35m[1mScanning dependencies of target dobot_bringup_msg__rosidl_typesupport_c[0m
[35m[1mScanning dependencies of target dobot_bringup_msg__rosidl_typesupport_introspection_c[0m
[ 43%] [32mBuilding CXX object CMakeFiles/dobot_bringup_msg__rosidl_typesupport_c.dir/rosidl_typesupport_c/dobot_bringup_msg/msg/tool_vector_actual__type_support.cpp.o[0m
[ 46%] [32mBuilding CXX object CMakeFiles/dobot_bringup_msg__rosidl_typesupport_c.dir/rosidl_typesupport_c/dobot_bringup_msg/msg/robot_status__type_support.cpp.o[0m
[ 51%] [32mBuilding C object CMakeFiles/dobot_bringup_msg__rosidl_typesupport_introspection_c.dir/rosidl_typesupport_introspection_c/dobot_bringup_msg/msg/detail/robot_status__type_support.c.o[0m
[ 51%] [32mBuilding C object CMakeFiles/dobot_bringup_msg__rosidl_typesupport_introspection_c.dir/rosidl_typesupport_introspection_c/dobot_bringup_msg/msg/detail/tool_vector_actual__type_support.c.o[0m
[ 53%] [32m[1mLinking CXX shared library libdobot_bringup_msg__rosidl_typesupport_c.so[0m
[ 56%] [32m[1mLinking C shared library libdobot_bringup_msg__rosidl_typesupport_introspection_c.so[0m
[ 56%] Built target dobot_bringup_msg__rosidl_typesupport_introspection_c
[ 56%] Built target dobot_bringup_msg__rosidl_typesupport_c
[ 58%] [32m[1mLinking CXX shared library libdobot_bringup_msg__rosidl_typesupport_cpp.so[0m
[ 58%] Built target dobot_bringup_msg__rosidl_typesupport_cpp
[ 61%] [32m[1mLinking CXX shared library libdobot_bringup_msg__rosidl_typesupport_introspection_cpp.so[0m
[ 61%] Built target dobot_bringup_msg__rosidl_typesupport_introspection_cpp
[ 64%] [32m[1mLinking CXX shared library libdobot_bringup_msg__rosidl_typesupport_fastrtps_cpp.so[0m
[ 64%] Built target dobot_bringup_msg__rosidl_typesupport_fastrtps_cpp
[ 66%] [34m[1mGenerating C type support for eProsima Fast-RTPS[0m
[35m[1mScanning dependencies of target dobot_bringup_msg__rosidl_typesupport_fastrtps_c[0m
[ 69%] [32mBuilding CXX object CMakeFiles/dobot_bringup_msg__rosidl_typesupport_fastrtps_c.dir/rosidl_typesupport_fastrtps_c/dobot_bringup_msg/msg/detail/robot_status__type_support_c.cpp.o[0m
[ 71%] [32mBuilding CXX object CMakeFiles/dobot_bringup_msg__rosidl_typesupport_fastrtps_c.dir/rosidl_typesupport_fastrtps_c/dobot_bringup_msg/msg/detail/tool_vector_actual__type_support_c.cpp.o[0m
[ 74%] [32m[1mLinking CXX shared library libdobot_bringup_msg__rosidl_typesupport_fastrtps_c.so[0m
[ 74%] Built target dobot_bringup_msg__rosidl_typesupport_fastrtps_c
[35m[1mScanning dependencies of target dobot_bringup_msg[0m
[ 74%] Built target dobot_bringup_msg
[35m[1mScanning dependencies of target dobot_bringup_msg__py[0m
[ 76%] [34m[1mGenerating Python code for ROS interfaces[0m
[ 76%] Built target dobot_bringup_msg__py
[35m[1mScanning dependencies of target dobot_bringup_msg__python[0m
[ 82%] [32mBuilding C object CMakeFiles/dobot_bringup_msg__python.dir/rosidl_generator_py/dobot_bringup_msg/msg/_robot_status_s.c.o[0m
[ 82%] [32mBuilding C object CMakeFiles/dobot_bringup_msg__python.dir/rosidl_generator_py/dobot_bringup_msg/msg/_tool_vector_actual_s.c.o[0m
[ 84%] [32m[1mLinking C shared library rosidl_generator_py/dobot_bringup_msg/libdobot_bringup_msg__python.so[0m
[ 84%] Built target dobot_bringup_msg__python
[35m[1mScanning dependencies of target dobot_bringup_msg__rosidl_typesupport_c__pyext[0m
[35m[1mScanning dependencies of target dobot_bringup_msg__rosidl_typesupport_introspection_c__pyext[0m
[35m[1mScanning dependencies of target dobot_bringup_msg__rosidl_typesupport_fastrtps_c__pyext[0m
[ 92%] [32mBuilding C object CMakeFiles/dobot_bringup_msg__rosidl_typesupport_introspection_c__pyext.dir/rosidl_generator_py/dobot_bringup_msg/_dobot_bringup_msg_s.ep.rosidl_typesupport_introspection_c.c.o[0m
[ 92%] [32mBuilding C object CMakeFiles/dobot_bringup_msg__rosidl_typesupport_fastrtps_c__pyext.dir/rosidl_generator_py/dobot_bringup_msg/_dobot_bringup_msg_s.ep.rosidl_typesupport_fastrtps_c.c.o[0m
[ 92%] [32mBuilding C object CMakeFiles/dobot_bringup_msg__rosidl_typesupport_c__pyext.dir/rosidl_generator_py/dobot_bringup_msg/_dobot_bringup_msg_s.ep.rosidl_typesupport_c.c.o[0m
[ 94%] [32m[1mLinking C shared library rosidl_generator_py/dobot_bringup_msg/dobot_bringup_msg_s__rosidl_typesupport_introspection_c.cpython-38-x86_64-linux-gnu.so[0m
[ 97%] [32m[1mLinking C shared library rosidl_generator_py/dobot_bringup_msg/dobot_bringup_msg_s__rosidl_typesupport_c.cpython-38-x86_64-linux-gnu.so[0m
[ 97%] Built target dobot_bringup_msg__rosidl_typesupport_introspection_c__pyext
[100%] [32m[1mLinking CXX shared library rosidl_generator_py/dobot_bringup_msg/dobot_bringup_msg_s__rosidl_typesupport_fastrtps_c.cpython-38-x86_64-linux-gnu.so[0m
[100%] Built target dobot_bringup_msg__rosidl_typesupport_c__pyext
[100%] Built target dobot_bringup_msg__rosidl_typesupport_fastrtps_c__pyext
-- Install configuration: ""
-- Installing: /home/mwq/abs_news/install/dobot_bringup_msg/share/ament_index/resource_index/rosidl_interfaces/dobot_bringup_msg
-- Installing: /home/mwq/abs_news/install/dobot_bringup_msg/include/dobot_bringup_msg
-- Installing: /home/mwq/abs_news/install/dobot_bringup_msg/include/dobot_bringup_msg/msg
-- Installing: /home/mwq/abs_news/install/dobot_bringup_msg/include/dobot_bringup_msg/msg/robot_status.h
-- Installing: /home/mwq/abs_news/install/dobot_bringup_msg/include/dobot_bringup_msg/msg/tool_vector_actual.h
-- Installing: /home/mwq/abs_news/install/dobot_bringup_msg/include/dobot_bringup_msg/msg/detail
-- Installing: /home/mwq/abs_news/install/dobot_bringup_msg/include/dobot_bringup_msg/msg/detail/robot_status__type_support.h
-- Installing: /home/mwq/abs_news/install/dobot_bringup_msg/include/dobot_bringup_msg/msg/detail/tool_vector_actual__struct.h
-- Installing: /home/mwq/abs_news/install/dobot_bringup_msg/include/dobot_bringup_msg/msg/detail/tool_vector_actual__functions.h
-- Installing: /home/mwq/abs_news/install/dobot_bringup_msg/include/dobot_bringup_msg/msg/detail/tool_vector_actual__type_support.h
-- Installing: /home/mwq/abs_news/install/dobot_bringup_msg/include/dobot_bringup_msg/msg/detail/robot_status__functions.c
-- Installing: /home/mwq/abs_news/install/dobot_bringup_msg/include/dobot_bringup_msg/msg/detail/robot_status__struct.h
-- Installing: /home/mwq/abs_news/install/dobot_bringup_msg/include/dobot_bringup_msg/msg/detail/robot_status__functions.h
-- Installing: /home/mwq/abs_news/install/dobot_bringup_msg/include/dobot_bringup_msg/msg/detail/tool_vector_actual__functions.c
-- Installing: /home/mwq/abs_news/install/dobot_bringup_msg/include/dobot_bringup_msg/msg/rosidl_generator_c__visibility_control.h
-- Installing: /home/mwq/abs_news/install/dobot_bringup_msg/share/dobot_bringup_msg/environment/library_path.sh
-- Installing: /home/mwq/abs_news/install/dobot_bringup_msg/share/dobot_bringup_msg/environment/library_path.dsv
-- Installing: /home/mwq/abs_news/install/dobot_bringup_msg/lib/libdobot_bringup_msg__rosidl_generator_c.so
-- Set runtime path of "/home/mwq/abs_news/install/dobot_bringup_msg/lib/libdobot_bringup_msg__rosidl_generator_c.so" to ""
-- Up-to-date: /home/mwq/abs_news/install/dobot_bringup_msg/include/dobot_bringup_msg
-- Up-to-date: /home/mwq/abs_news/install/dobot_bringup_msg/include/dobot_bringup_msg/msg
-- Installing: /home/mwq/abs_news/install/dobot_bringup_msg/include/dobot_bringup_msg/msg/rosidl_typesupport_fastrtps_c__visibility_control.h
-- Up-to-date: /home/mwq/abs_news/install/dobot_bringup_msg/include/dobot_bringup_msg/msg/detail
-- Installing: /home/mwq/abs_news/install/dobot_bringup_msg/include/dobot_bringup_msg/msg/detail/robot_status__rosidl_typesupport_fastrtps_c.h
-- Installing: /home/mwq/abs_news/install/dobot_bringup_msg/include/dobot_bringup_msg/msg/detail/tool_vector_actual__rosidl_typesupport_fastrtps_c.h
-- Installing: /home/mwq/abs_news/install/dobot_bringup_msg/lib/libdobot_bringup_msg__rosidl_typesupport_fastrtps_c.so
-- Set runtime path of "/home/mwq/abs_news/install/dobot_bringup_msg/lib/libdobot_bringup_msg__rosidl_typesupport_fastrtps_c.so" to ""
-- Up-to-date: /home/mwq/abs_news/install/dobot_bringup_msg/include/dobot_bringup_msg
-- Up-to-date: /home/mwq/abs_news/install/dobot_bringup_msg/include/dobot_bringup_msg/msg
-- Up-to-date: /home/mwq/abs_news/install/dobot_bringup_msg/include/dobot_bringup_msg/msg/detail
-- Installing: /home/mwq/abs_news/install/dobot_bringup_msg/include/dobot_bringup_msg/msg/detail/tool_vector_actual__rosidl_typesupport_fastrtps_cpp.hpp
-- Installing: /home/mwq/abs_news/install/dobot_bringup_msg/include/dobot_bringup_msg/msg/detail/dds_fastrtps
-- Installing: /home/mwq/abs_news/install/dobot_bringup_msg/include/dobot_bringup_msg/msg/detail/robot_status__rosidl_typesupport_fastrtps_cpp.hpp
-- Installing: /home/mwq/abs_news/install/dobot_bringup_msg/include/dobot_bringup_msg/msg/rosidl_typesupport_fastrtps_cpp__visibility_control.h
-- Installing: /home/mwq/abs_news/install/dobot_bringup_msg/lib/libdobot_bringup_msg__rosidl_typesupport_fastrtps_cpp.so
-- Set runtime path of "/home/mwq/abs_news/install/dobot_bringup_msg/lib/libdobot_bringup_msg__rosidl_typesupport_fastrtps_cpp.so" to ""
-- Up-to-date: /home/mwq/abs_news/install/dobot_bringup_msg/include/dobot_bringup_msg
-- Up-to-date: /home/mwq/abs_news/install/dobot_bringup_msg/include/dobot_bringup_msg/msg
-- Up-to-date: /home/mwq/abs_news/install/dobot_bringup_msg/include/dobot_bringup_msg/msg/detail
-- Installing: /home/mwq/abs_news/install/dobot_bringup_msg/include/dobot_bringup_msg/msg/detail/robot_status__type_support.c
-- Installing: /home/mwq/abs_news/install/dobot_bringup_msg/include/dobot_bringup_msg/msg/detail/tool_vector_actual__rosidl_typesupport_introspection_c.h
-- Installing: /home/mwq/abs_news/install/dobot_bringup_msg/include/dobot_bringup_msg/msg/detail/robot_status__rosidl_typesupport_introspection_c.h
-- Installing: /home/mwq/abs_news/install/dobot_bringup_msg/include/dobot_bringup_msg/msg/detail/tool_vector_actual__type_support.c
-- Installing: /home/mwq/abs_news/install/dobot_bringup_msg/include/dobot_bringup_msg/msg/rosidl_typesupport_introspection_c__visibility_control.h
-- Installing: /home/mwq/abs_news/install/dobot_bringup_msg/lib/libdobot_bringup_msg__rosidl_typesupport_introspection_c.so
-- Set runtime path of "/home/mwq/abs_news/install/dobot_bringup_msg/lib/libdobot_bringup_msg__rosidl_typesupport_introspection_c.so" to ""
-- Installing: /home/mwq/abs_news/install/dobot_bringup_msg/lib/libdobot_bringup_msg__rosidl_typesupport_c.so
-- Set runtime path of "/home/mwq/abs_news/install/dobot_bringup_msg/lib/libdobot_bringup_msg__rosidl_typesupport_c.so" to ""
-- Up-to-date: /home/mwq/abs_news/install/dobot_bringup_msg/include/dobot_bringup_msg
-- Up-to-date: /home/mwq/abs_news/install/dobot_bringup_msg/include/dobot_bringup_msg/msg
-- Installing: /home/mwq/abs_news/install/dobot_bringup_msg/include/dobot_bringup_msg/msg/tool_vector_actual.hpp
-- Installing: /home/mwq/abs_news/install/dobot_bringup_msg/include/dobot_bringup_msg/msg/robot_status.hpp
-- Up-to-date: /home/mwq/abs_news/install/dobot_bringup_msg/include/dobot_bringup_msg/msg/detail
-- Installing: /home/mwq/abs_news/install/dobot_bringup_msg/include/dobot_bringup_msg/msg/detail/tool_vector_actual__traits.hpp
-- Installing: /home/mwq/abs_news/install/dobot_bringup_msg/include/dobot_bringup_msg/msg/detail/tool_vector_actual__builder.hpp
-- Installing: /home/mwq/abs_news/install/dobot_bringup_msg/include/dobot_bringup_msg/msg/detail/robot_status__builder.hpp
-- Installing: /home/mwq/abs_news/install/dobot_bringup_msg/include/dobot_bringup_msg/msg/detail/robot_status__traits.hpp
-- Installing: /home/mwq/abs_news/install/dobot_bringup_msg/include/dobot_bringup_msg/msg/detail/tool_vector_actual__struct.hpp
-- Installing: /home/mwq/abs_news/install/dobot_bringup_msg/include/dobot_bringup_msg/msg/detail/robot_status__struct.hpp
-- Up-to-date: /home/mwq/abs_news/install/dobot_bringup_msg/include/dobot_bringup_msg
-- Up-to-date: /home/mwq/abs_news/install/dobot_bringup_msg/include/dobot_bringup_msg/msg
-- Up-to-date: /home/mwq/abs_news/install/dobot_bringup_msg/include/dobot_bringup_msg/msg/detail
-- Installing: /home/mwq/abs_news/install/dobot_bringup_msg/include/dobot_bringup_msg/msg/detail/robot_status__rosidl_typesupport_introspection_cpp.hpp
-- Installing: /home/mwq/abs_news/install/dobot_bringup_msg/include/dobot_bringup_msg/msg/detail/robot_status__type_support.cpp
-- Installing: /home/mwq/abs_news/install/dobot_bringup_msg/include/dobot_bringup_msg/msg/detail/tool_vector_actual__rosidl_typesupport_introspection_cpp.hpp
-- Installing: /home/mwq/abs_news/install/dobot_bringup_msg/include/dobot_bringup_msg/msg/detail/tool_vector_actual__type_support.cpp
-- Installing: /home/mwq/abs_news/install/dobot_bringup_msg/lib/libdobot_bringup_msg__rosidl_typesupport_introspection_cpp.so
-- Set runtime path of "/home/mwq/abs_news/install/dobot_bringup_msg/lib/libdobot_bringup_msg__rosidl_typesupport_introspection_cpp.so" to ""
-- Installing: /home/mwq/abs_news/install/dobot_bringup_msg/lib/libdobot_bringup_msg__rosidl_typesupport_cpp.so
-- Set runtime path of "/home/mwq/abs_news/install/dobot_bringup_msg/lib/libdobot_bringup_msg__rosidl_typesupport_cpp.so" to ""
-- Installing: /home/mwq/abs_news/install/dobot_bringup_msg/share/dobot_bringup_msg/environment/pythonpath.sh
-- Installing: /home/mwq/abs_news/install/dobot_bringup_msg/share/dobot_bringup_msg/environment/pythonpath.dsv
-- Installing: /home/mwq/abs_news/install/dobot_bringup_msg/lib/python3.8/site-packages/dobot_bringup_msg/__init__.py
Compiling '/home/mwq/abs_news/install/dobot_bringup_msg/lib/python3.8/site-packages/dobot_bringup_msg/__init__.py'...
-- Installing: /home/mwq/abs_news/install/dobot_bringup_msg/lib/python3.8/site-packages/dobot_bringup_msg/msg
-- Installing: /home/mwq/abs_news/install/dobot_bringup_msg/lib/python3.8/site-packages/dobot_bringup_msg/msg/__init__.py
-- Installing: /home/mwq/abs_news/install/dobot_bringup_msg/lib/python3.8/site-packages/dobot_bringup_msg/msg/_tool_vector_actual_s.c
-- Installing: /home/mwq/abs_news/install/dobot_bringup_msg/lib/python3.8/site-packages/dobot_bringup_msg/msg/_tool_vector_actual.py
-- Installing: /home/mwq/abs_news/install/dobot_bringup_msg/lib/python3.8/site-packages/dobot_bringup_msg/msg/_robot_status.py
-- Installing: /home/mwq/abs_news/install/dobot_bringup_msg/lib/python3.8/site-packages/dobot_bringup_msg/msg/_robot_status_s.c
-- Installing: /home/mwq/abs_news/install/dobot_bringup_msg/lib/python3.8/site-packages/dobot_bringup_msg/dobot_bringup_msg_s__rosidl_typesupport_fastrtps_c.cpython-38-x86_64-linux-gnu.so
-- Set runtime path of "/home/mwq/abs_news/install/dobot_bringup_msg/lib/python3.8/site-packages/dobot_bringup_msg/dobot_bringup_msg_s__rosidl_typesupport_fastrtps_c.cpython-38-x86_64-linux-gnu.so" to ""
-- Installing: /home/mwq/abs_news/install/dobot_bringup_msg/lib/python3.8/site-packages/dobot_bringup_msg/dobot_bringup_msg_s__rosidl_typesupport_introspection_c.cpython-38-x86_64-linux-gnu.so
-- Set runtime path of "/home/mwq/abs_news/install/dobot_bringup_msg/lib/python3.8/site-packages/dobot_bringup_msg/dobot_bringup_msg_s__rosidl_typesupport_introspection_c.cpython-38-x86_64-linux-gnu.so" to ""
-- Installing: /home/mwq/abs_news/install/dobot_bringup_msg/lib/python3.8/site-packages/dobot_bringup_msg/dobot_bringup_msg_s__rosidl_typesupport_c.cpython-38-x86_64-linux-gnu.so
-- Set runtime path of "/home/mwq/abs_news/install/dobot_bringup_msg/lib/python3.8/site-packages/dobot_bringup_msg/dobot_bringup_msg_s__rosidl_typesupport_c.cpython-38-x86_64-linux-gnu.so" to ""
-- Installing: /home/mwq/abs_news/install/dobot_bringup_msg/lib/libdobot_bringup_msg__python.so
-- Set runtime path of "/home/mwq/abs_news/install/dobot_bringup_msg/lib/libdobot_bringup_msg__python.so" to ""
-- Installing: /home/mwq/abs_news/install/dobot_bringup_msg/share/dobot_bringup_msg/msg/RobotStatus.idl
-- Installing: /home/mwq/abs_news/install/dobot_bringup_msg/share/dobot_bringup_msg/msg/ToolVectorActual.idl
-- Installing: /home/mwq/abs_news/install/dobot_bringup_msg/share/dobot_bringup_msg/msg/RobotStatus.msg
-- Installing: /home/mwq/abs_news/install/dobot_bringup_msg/share/dobot_bringup_msg/msg/ToolVectorActual.msg
-- Installing: /home/mwq/abs_news/install/dobot_bringup_msg/share/ament_index/resource_index/package_run_dependencies/dobot_bringup_msg
-- Installing: /home/mwq/abs_news/install/dobot_bringup_msg/share/ament_index/resource_index/parent_prefix_path/dobot_bringup_msg
-- Installing: /home/mwq/abs_news/install/dobot_bringup_msg/share/dobot_bringup_msg/environment/ament_prefix_path.sh
-- Installing: /home/mwq/abs_news/install/dobot_bringup_msg/share/dobot_bringup_msg/environment/ament_prefix_path.dsv
-- Installing: /home/mwq/abs_news/install/dobot_bringup_msg/share/dobot_bringup_msg/environment/path.sh
-- Installing: /home/mwq/abs_news/install/dobot_bringup_msg/share/dobot_bringup_msg/environment/path.dsv
-- Installing: /home/mwq/abs_news/install/dobot_bringup_msg/share/dobot_bringup_msg/local_setup.bash
-- Installing: /home/mwq/abs_news/install/dobot_bringup_msg/share/dobot_bringup_msg/local_setup.sh
-- Installing: /home/mwq/abs_news/install/dobot_bringup_msg/share/dobot_bringup_msg/local_setup.zsh
-- Installing: /home/mwq/abs_news/install/dobot_bringup_msg/share/dobot_bringup_msg/local_setup.dsv
-- Installing: /home/mwq/abs_news/install/dobot_bringup_msg/share/dobot_bringup_msg/package.dsv
-- Installing: /home/mwq/abs_news/install/dobot_bringup_msg/share/ament_index/resource_index/packages/dobot_bringup_msg
-- Installing: /home/mwq/abs_news/install/dobot_bringup_msg/share/dobot_bringup_msg/cmake/dobot_bringup_msg__rosidl_generator_cExport.cmake
-- Installing: /home/mwq/abs_news/install/dobot_bringup_msg/share/dobot_bringup_msg/cmake/dobot_bringup_msg__rosidl_generator_cExport-noconfig.cmake
-- Installing: /home/mwq/abs_news/install/dobot_bringup_msg/share/dobot_bringup_msg/cmake/dobot_bringup_msg__rosidl_typesupport_introspection_cExport.cmake
-- Installing: /home/mwq/abs_news/install/dobot_bringup_msg/share/dobot_bringup_msg/cmake/dobot_bringup_msg__rosidl_typesupport_introspection_cExport-noconfig.cmake
-- Installing: /home/mwq/abs_news/install/dobot_bringup_msg/share/dobot_bringup_msg/cmake/dobot_bringup_msg__rosidl_typesupport_cExport.cmake
-- Installing: /home/mwq/abs_news/install/dobot_bringup_msg/share/dobot_bringup_msg/cmake/dobot_bringup_msg__rosidl_typesupport_cExport-noconfig.cmake
-- Installing: /home/mwq/abs_news/install/dobot_bringup_msg/share/dobot_bringup_msg/cmake/dobot_bringup_msg__rosidl_generator_cppExport.cmake
-- Installing: /home/mwq/abs_news/install/dobot_bringup_msg/share/dobot_bringup_msg/cmake/dobot_bringup_msg__rosidl_typesupport_introspection_cppExport.cmake
-- Installing: /home/mwq/abs_news/install/dobot_bringup_msg/share/dobot_bringup_msg/cmake/dobot_bringup_msg__rosidl_typesupport_introspection_cppExport-noconfig.cmake
-- Installing: /home/mwq/abs_news/install/dobot_bringup_msg/share/dobot_bringup_msg/cmake/dobot_bringup_msg__rosidl_typesupport_cppExport.cmake
-- Installing: /home/mwq/abs_news/install/dobot_bringup_msg/share/dobot_bringup_msg/cmake/dobot_bringup_msg__rosidl_typesupport_cppExport-noconfig.cmake
-- Installing: /home/mwq/abs_news/install/dobot_bringup_msg/share/dobot_bringup_msg/cmake/rosidl_cmake-extras.cmake
-- Installing: /home/mwq/abs_news/install/dobot_bringup_msg/share/dobot_bringup_msg/cmake/ament_cmake_export_dependencies-extras.cmake
-- Installing: /home/mwq/abs_news/install/dobot_bringup_msg/share/dobot_bringup_msg/cmake/ament_cmake_export_libraries-extras.cmake
-- Installing: /home/mwq/abs_news/install/dobot_bringup_msg/share/dobot_bringup_msg/cmake/ament_cmake_export_targets-extras.cmake
-- Installing: /home/mwq/abs_news/install/dobot_bringup_msg/share/dobot_bringup_msg/cmake/ament_cmake_export_include_directories-extras.cmake
-- Installing: /home/mwq/abs_news/install/dobot_bringup_msg/share/dobot_bringup_msg/cmake/rosidl_cmake_export_typesupport_libraries-extras.cmake
-- Installing: /home/mwq/abs_news/install/dobot_bringup_msg/share/dobot_bringup_msg/cmake/rosidl_cmake_export_typesupport_targets-extras.cmake
-- Installing: /home/mwq/abs_news/install/dobot_bringup_msg/share/dobot_bringup_msg/cmake/dobot_bringup_msgConfig.cmake
-- Installing: /home/mwq/abs_news/install/dobot_bringup_msg/share/dobot_bringup_msg/cmake/dobot_bringup_msgConfig-version.cmake
-- Installing: /home/mwq/abs_news/install/dobot_bringup_msg/share/dobot_bringup_msg/package.xml
