[0.026s] Invoking command in '/home/mwq/abs_news/build/dobot_bringup_msg': CMAKE_PREFIX_PATH=/opt/ros/foxy /usr/bin/cmake /home/mwq/abs_news/src/dobot_bringup_msg -DCMAKE_INSTALL_PREFIX=/home/mwq/abs_news/install/dobot_bringup_msg
[0.375s] -- The C compiler identification is GNU 9.4.0
[0.375s] -- The CXX compiler identification is GNU 9.4.0
[0.375s] -- Check for working C compiler: /usr/bin/cc
[0.376s] -- Check for working C compiler: /usr/bin/cc -- works
[0.376s] -- Detecting C compiler ABI info
[0.376s] -- Detecting C compiler ABI info - done
[0.377s] -- Detecting C compile features
[0.377s] -- Detecting C compile features - done
[0.377s] -- Check for working CXX compiler: /usr/bin/c++
[0.378s] -- Check for working CXX compiler: /usr/bin/c++ -- works
[0.378s] -- Detecting CXX compiler ABI info
[0.379s] -- Detecting CXX compiler ABI info - done
[0.379s] -- Detecting CXX compile features
[0.379s] -- Detecting CXX compile features - done
[0.379s] -- Found ament_cmake: 0.9.11 (/opt/ros/foxy/share/ament_cmake/cmake)
[0.380s] -- Found PythonInterp: /usr/bin/python3 (found suitable version "3.8.10", minimum required is "3") 
[0.380s] -- Using PYTHON_EXECUTABLE: /usr/bin/python3
[0.438s] -- Found ament_lint_auto: 0.9.7 (/opt/ros/foxy/share/ament_lint_auto/cmake)
[0.492s] -- Found rosidl_default_generators: 1.0.1 (/opt/ros/foxy/share/rosidl_default_generators/cmake)
[0.495s] -- Using all available rosidl_typesupport_c: rosidl_typesupport_fastrtps_c;rosidl_typesupport_introspection_c
[0.502s] -- Found rosidl_adapter: 1.3.0 (/opt/ros/foxy/share/rosidl_adapter/cmake)
[0.568s] -- Found OpenSSL: /usr/lib/x86_64-linux-gnu/libcrypto.so (found version "1.1.1f")  
[0.594s] -- Found FastRTPS: /opt/ros/foxy/include  
[0.647s] -- Using all available rosidl_typesupport_cpp: rosidl_typesupport_fastrtps_cpp;rosidl_typesupport_introspection_cpp
[0.678s] -- Found PythonInterp: /usr/bin/python3 (found version "3.8.10") 
[0.727s] -- Found ament_cmake_ros: 0.9.2 (/opt/ros/foxy/share/ament_cmake_ros/cmake)
[0.802s] -- Using all available rosidl_typesupport_c: rosidl_typesupport_fastrtps_c;rosidl_typesupport_introspection_c
[0.807s] -- Using all available rosidl_typesupport_cpp: rosidl_typesupport_fastrtps_cpp;rosidl_typesupport_introspection_cpp
[0.822s] -- Found PythonInterp: /usr/bin/python3 (found suitable version "3.8.10", minimum required is "3.5") 
[0.823s] -- Found python_cmake_module: 0.8.1 (/opt/ros/foxy/share/python_cmake_module/cmake)
[0.840s] -- Found PythonLibs: /usr/lib/x86_64-linux-gnu/libpython3.8.so (found suitable version "3.8.10", minimum required is "3.5") 
[0.840s] -- Using PYTHON_EXECUTABLE: /usr/bin/python3
[0.840s] -- Using PYTHON_INCLUDE_DIRS: /usr/include/python3.8
[0.840s] -- Using PYTHON_LIBRARIES: /usr/lib/x86_64-linux-gnu/libpython3.8.so
[0.853s] -- Found PythonExtra: .so  
[0.878s] -- Added test 'copyright' to check source files copyright and LICENSE
[0.879s] -- Added test 'lint_cmake' to check CMake code style
[0.880s] -- Added test 'xmllint' to check XML markup files
[0.884s] -- Configuring done
[0.901s] -- Generating done
[0.902s] -- Build files have been written to: /home/mwq/abs_news/build/dobot_bringup_msg
[0.906s] Invoked command in '/home/mwq/abs_news/build/dobot_bringup_msg' returned '0': CMAKE_PREFIX_PATH=/opt/ros/foxy /usr/bin/cmake /home/mwq/abs_news/src/dobot_bringup_msg -DCMAKE_INSTALL_PREFIX=/home/mwq/abs_news/install/dobot_bringup_msg
[0.908s] Invoking command in '/home/mwq/abs_news/build/dobot_bringup_msg': CMAKE_PREFIX_PATH=/opt/ros/foxy /usr/bin/cmake --build /home/mwq/abs_news/build/dobot_bringup_msg -- -j20 -l20
[0.931s] [35m[1mScanning dependencies of target dobot_bringup_msg__cpp[0m
[0.931s] [  2%] [34m[1mGenerating C code for ROS interfaces[0m
[0.937s] [  5%] [34m[1mGenerating C++ code for ROS interfaces[0m
[1.079s] [  5%] Built target dobot_bringup_msg__cpp
[1.085s] [ 12%] [34m[1mGenerating C++ type support for eProsima Fast-RTPS[0m
[1.085s] [ 12%] [34m[1mGenerating C++ introspection for ROS interfaces[0m
[1.085s] [ 12%] [34m[1mGenerating C++ type support dispatch for ROS interfaces[0m
[1.087s] [35m[1mScanning dependencies of target dobot_bringup_msg__rosidl_generator_c[0m
[1.095s] [ 15%] [32mBuilding C object CMakeFiles/dobot_bringup_msg__rosidl_generator_c.dir/rosidl_generator_c/dobot_bringup_msg/msg/detail/tool_vector_actual__functions.c.o[0m
[1.096s] [ 17%] [32mBuilding C object CMakeFiles/dobot_bringup_msg__rosidl_generator_c.dir/rosidl_generator_c/dobot_bringup_msg/msg/detail/robot_status__functions.c.o[0m
[1.131s] [ 20%] [32m[1mLinking C shared library libdobot_bringup_msg__rosidl_generator_c.so[0m
[1.157s] [ 20%] Built target dobot_bringup_msg__rosidl_generator_c
[1.162s] [ 23%] [34m[1mGenerating C introspection for ROS interfaces[0m
[1.165s] [ 25%] [34m[1mGenerating C type support dispatch for ROS interfaces[0m
[1.209s] [35m[1mScanning dependencies of target dobot_bringup_msg__rosidl_typesupport_cpp[0m
[1.216s] [ 30%] [32mBuilding CXX object CMakeFiles/dobot_bringup_msg__rosidl_typesupport_cpp.dir/rosidl_typesupport_cpp/dobot_bringup_msg/msg/tool_vector_actual__type_support.cpp.o[0m
[1.216s] [ 30%] [32mBuilding CXX object CMakeFiles/dobot_bringup_msg__rosidl_typesupport_cpp.dir/rosidl_typesupport_cpp/dobot_bringup_msg/msg/robot_status__type_support.cpp.o[0m
[1.222s] [35m[1mScanning dependencies of target dobot_bringup_msg__rosidl_typesupport_introspection_cpp[0m
[1.228s] [35m[1mScanning dependencies of target dobot_bringup_msg__rosidl_typesupport_fastrtps_cpp[0m
[1.233s] [ 35%] [32mBuilding CXX object CMakeFiles/dobot_bringup_msg__rosidl_typesupport_introspection_cpp.dir/rosidl_typesupport_introspection_cpp/dobot_bringup_msg/msg/detail/tool_vector_actual__type_support.cpp.o[0m
[1.234s] [ 35%] [32mBuilding CXX object CMakeFiles/dobot_bringup_msg__rosidl_typesupport_introspection_cpp.dir/rosidl_typesupport_introspection_cpp/dobot_bringup_msg/msg/detail/robot_status__type_support.cpp.o[0m
[1.239s] [ 41%] [32mBuilding CXX object CMakeFiles/dobot_bringup_msg__rosidl_typesupport_fastrtps_cpp.dir/rosidl_typesupport_fastrtps_cpp/dobot_bringup_msg/msg/detail/dds_fastrtps/robot_status__type_support.cpp.o[0m
[1.239s] [ 41%] [32mBuilding CXX object CMakeFiles/dobot_bringup_msg__rosidl_typesupport_fastrtps_cpp.dir/rosidl_typesupport_fastrtps_cpp/dobot_bringup_msg/msg/detail/dds_fastrtps/tool_vector_actual__type_support.cpp.o[0m
[1.309s] [35m[1mScanning dependencies of target dobot_bringup_msg__rosidl_typesupport_c[0m
[1.311s] [35m[1mScanning dependencies of target dobot_bringup_msg__rosidl_typesupport_introspection_c[0m
[1.317s] [ 43%] [32mBuilding CXX object CMakeFiles/dobot_bringup_msg__rosidl_typesupport_c.dir/rosidl_typesupport_c/dobot_bringup_msg/msg/tool_vector_actual__type_support.cpp.o[0m
[1.319s] [ 46%] [32mBuilding CXX object CMakeFiles/dobot_bringup_msg__rosidl_typesupport_c.dir/rosidl_typesupport_c/dobot_bringup_msg/msg/robot_status__type_support.cpp.o[0m
[1.323s] [ 51%] [32mBuilding C object CMakeFiles/dobot_bringup_msg__rosidl_typesupport_introspection_c.dir/rosidl_typesupport_introspection_c/dobot_bringup_msg/msg/detail/robot_status__type_support.c.o[0m
[1.323s] [ 51%] [32mBuilding C object CMakeFiles/dobot_bringup_msg__rosidl_typesupport_introspection_c.dir/rosidl_typesupport_introspection_c/dobot_bringup_msg/msg/detail/tool_vector_actual__type_support.c.o[0m
[1.348s] [ 53%] [32m[1mLinking CXX shared library libdobot_bringup_msg__rosidl_typesupport_c.so[0m
[1.355s] [ 56%] [32m[1mLinking C shared library libdobot_bringup_msg__rosidl_typesupport_introspection_c.so[0m
[1.374s] [ 56%] Built target dobot_bringup_msg__rosidl_typesupport_introspection_c
[1.376s] [ 56%] Built target dobot_bringup_msg__rosidl_typesupport_c
[1.379s] [ 58%] [32m[1mLinking CXX shared library libdobot_bringup_msg__rosidl_typesupport_cpp.so[0m
[1.403s] [ 58%] Built target dobot_bringup_msg__rosidl_typesupport_cpp
[1.463s] [ 61%] [32m[1mLinking CXX shared library libdobot_bringup_msg__rosidl_typesupport_introspection_cpp.so[0m
[1.490s] [ 61%] Built target dobot_bringup_msg__rosidl_typesupport_introspection_cpp
[1.523s] [ 64%] [32m[1mLinking CXX shared library libdobot_bringup_msg__rosidl_typesupport_fastrtps_cpp.so[0m
[1.573s] [ 64%] Built target dobot_bringup_msg__rosidl_typesupport_fastrtps_cpp
[1.578s] [ 66%] [34m[1mGenerating C type support for eProsima Fast-RTPS[0m
[1.710s] [35m[1mScanning dependencies of target dobot_bringup_msg__rosidl_typesupport_fastrtps_c[0m
[1.718s] [ 69%] [32mBuilding CXX object CMakeFiles/dobot_bringup_msg__rosidl_typesupport_fastrtps_c.dir/rosidl_typesupport_fastrtps_c/dobot_bringup_msg/msg/detail/robot_status__type_support_c.cpp.o[0m
[1.719s] [ 71%] [32mBuilding CXX object CMakeFiles/dobot_bringup_msg__rosidl_typesupport_fastrtps_c.dir/rosidl_typesupport_fastrtps_c/dobot_bringup_msg/msg/detail/tool_vector_actual__type_support_c.cpp.o[0m
[1.889s] [ 74%] [32m[1mLinking CXX shared library libdobot_bringup_msg__rosidl_typesupport_fastrtps_c.so[0m
[1.936s] [ 74%] Built target dobot_bringup_msg__rosidl_typesupport_fastrtps_c
[1.942s] [35m[1mScanning dependencies of target dobot_bringup_msg[0m
[1.947s] [ 74%] Built target dobot_bringup_msg
[1.953s] [35m[1mScanning dependencies of target dobot_bringup_msg__py[0m
[1.958s] [ 76%] [34m[1mGenerating Python code for ROS interfaces[0m
[2.228s] [ 76%] Built target dobot_bringup_msg__py
[2.234s] [35m[1mScanning dependencies of target dobot_bringup_msg__python[0m
[2.245s] [ 82%] [32mBuilding C object CMakeFiles/dobot_bringup_msg__python.dir/rosidl_generator_py/dobot_bringup_msg/msg/_robot_status_s.c.o[0m
[2.245s] [ 82%] [32mBuilding C object CMakeFiles/dobot_bringup_msg__python.dir/rosidl_generator_py/dobot_bringup_msg/msg/_tool_vector_actual_s.c.o[0m
[2.294s] [ 84%] [32m[1mLinking C shared library rosidl_generator_py/dobot_bringup_msg/libdobot_bringup_msg__python.so[0m
[2.316s] [ 84%] Built target dobot_bringup_msg__python
[2.322s] [35m[1mScanning dependencies of target dobot_bringup_msg__rosidl_typesupport_c__pyext[0m
[2.322s] [35m[1mScanning dependencies of target dobot_bringup_msg__rosidl_typesupport_introspection_c__pyext[0m
[2.322s] [35m[1mScanning dependencies of target dobot_bringup_msg__rosidl_typesupport_fastrtps_c__pyext[0m
[2.334s] [ 92%] [32mBuilding C object CMakeFiles/dobot_bringup_msg__rosidl_typesupport_introspection_c__pyext.dir/rosidl_generator_py/dobot_bringup_msg/_dobot_bringup_msg_s.ep.rosidl_typesupport_introspection_c.c.o[0m
[2.334s] [ 92%] [32mBuilding C object CMakeFiles/dobot_bringup_msg__rosidl_typesupport_fastrtps_c__pyext.dir/rosidl_generator_py/dobot_bringup_msg/_dobot_bringup_msg_s.ep.rosidl_typesupport_fastrtps_c.c.o[0m
[2.334s] [ 92%] [32mBuilding C object CMakeFiles/dobot_bringup_msg__rosidl_typesupport_c__pyext.dir/rosidl_generator_py/dobot_bringup_msg/_dobot_bringup_msg_s.ep.rosidl_typesupport_c.c.o[0m
[2.379s] [ 94%] [32m[1mLinking C shared library rosidl_generator_py/dobot_bringup_msg/dobot_bringup_msg_s__rosidl_typesupport_introspection_c.cpython-38-x86_64-linux-gnu.so[0m
[2.387s] [ 97%] [32m[1mLinking C shared library rosidl_generator_py/dobot_bringup_msg/dobot_bringup_msg_s__rosidl_typesupport_c.cpython-38-x86_64-linux-gnu.so[0m
[2.398s] [ 97%] Built target dobot_bringup_msg__rosidl_typesupport_introspection_c__pyext
[2.406s] [100%] [32m[1mLinking CXX shared library rosidl_generator_py/dobot_bringup_msg/dobot_bringup_msg_s__rosidl_typesupport_fastrtps_c.cpython-38-x86_64-linux-gnu.so[0m
[2.407s] [100%] Built target dobot_bringup_msg__rosidl_typesupport_c__pyext
[2.442s] [100%] Built target dobot_bringup_msg__rosidl_typesupport_fastrtps_c__pyext
[2.450s] Invoked command in '/home/mwq/abs_news/build/dobot_bringup_msg' returned '0': CMAKE_PREFIX_PATH=/opt/ros/foxy /usr/bin/cmake --build /home/mwq/abs_news/build/dobot_bringup_msg -- -j20 -l20
[2.485s] Invoking command in '/home/mwq/abs_news/build/dobot_bringup_msg': CMAKE_PREFIX_PATH=/opt/ros/foxy /usr/bin/cmake --install /home/mwq/abs_news/build/dobot_bringup_msg
[2.491s] -- Install configuration: ""
[2.491s] -- Installing: /home/mwq/abs_news/install/dobot_bringup_msg/share/ament_index/resource_index/rosidl_interfaces/dobot_bringup_msg
[2.491s] -- Installing: /home/mwq/abs_news/install/dobot_bringup_msg/include/dobot_bringup_msg
[2.491s] -- Installing: /home/mwq/abs_news/install/dobot_bringup_msg/include/dobot_bringup_msg/msg
[2.491s] -- Installing: /home/mwq/abs_news/install/dobot_bringup_msg/include/dobot_bringup_msg/msg/robot_status.h
[2.492s] -- Installing: /home/mwq/abs_news/install/dobot_bringup_msg/include/dobot_bringup_msg/msg/tool_vector_actual.h
[2.492s] -- Installing: /home/mwq/abs_news/install/dobot_bringup_msg/include/dobot_bringup_msg/msg/detail
[2.492s] -- Installing: /home/mwq/abs_news/install/dobot_bringup_msg/include/dobot_bringup_msg/msg/detail/robot_status__type_support.h
[2.492s] -- Installing: /home/mwq/abs_news/install/dobot_bringup_msg/include/dobot_bringup_msg/msg/detail/tool_vector_actual__struct.h
[2.492s] -- Installing: /home/mwq/abs_news/install/dobot_bringup_msg/include/dobot_bringup_msg/msg/detail/tool_vector_actual__functions.h
[2.492s] -- Installing: /home/mwq/abs_news/install/dobot_bringup_msg/include/dobot_bringup_msg/msg/detail/tool_vector_actual__type_support.h
[2.492s] -- Installing: /home/mwq/abs_news/install/dobot_bringup_msg/include/dobot_bringup_msg/msg/detail/robot_status__functions.c
[2.492s] -- Installing: /home/mwq/abs_news/install/dobot_bringup_msg/include/dobot_bringup_msg/msg/detail/robot_status__struct.h
[2.492s] -- Installing: /home/mwq/abs_news/install/dobot_bringup_msg/include/dobot_bringup_msg/msg/detail/robot_status__functions.h
[2.492s] -- Installing: /home/mwq/abs_news/install/dobot_bringup_msg/include/dobot_bringup_msg/msg/detail/tool_vector_actual__functions.c
[2.492s] -- Installing: /home/mwq/abs_news/install/dobot_bringup_msg/include/dobot_bringup_msg/msg/rosidl_generator_c__visibility_control.h
[2.492s] -- Installing: /home/mwq/abs_news/install/dobot_bringup_msg/share/dobot_bringup_msg/environment/library_path.sh
[2.492s] -- Installing: /home/mwq/abs_news/install/dobot_bringup_msg/share/dobot_bringup_msg/environment/library_path.dsv
[2.492s] -- Installing: /home/mwq/abs_news/install/dobot_bringup_msg/lib/libdobot_bringup_msg__rosidl_generator_c.so
[2.493s] -- Set runtime path of "/home/mwq/abs_news/install/dobot_bringup_msg/lib/libdobot_bringup_msg__rosidl_generator_c.so" to ""
[2.493s] -- Up-to-date: /home/mwq/abs_news/install/dobot_bringup_msg/include/dobot_bringup_msg
[2.493s] -- Up-to-date: /home/mwq/abs_news/install/dobot_bringup_msg/include/dobot_bringup_msg/msg
[2.493s] -- Installing: /home/mwq/abs_news/install/dobot_bringup_msg/include/dobot_bringup_msg/msg/rosidl_typesupport_fastrtps_c__visibility_control.h
[2.493s] -- Up-to-date: /home/mwq/abs_news/install/dobot_bringup_msg/include/dobot_bringup_msg/msg/detail
[2.493s] -- Installing: /home/mwq/abs_news/install/dobot_bringup_msg/include/dobot_bringup_msg/msg/detail/robot_status__rosidl_typesupport_fastrtps_c.h
[2.493s] -- Installing: /home/mwq/abs_news/install/dobot_bringup_msg/include/dobot_bringup_msg/msg/detail/tool_vector_actual__rosidl_typesupport_fastrtps_c.h
[2.493s] -- Installing: /home/mwq/abs_news/install/dobot_bringup_msg/lib/libdobot_bringup_msg__rosidl_typesupport_fastrtps_c.so
[2.493s] -- Set runtime path of "/home/mwq/abs_news/install/dobot_bringup_msg/lib/libdobot_bringup_msg__rosidl_typesupport_fastrtps_c.so" to ""
[2.493s] -- Up-to-date: /home/mwq/abs_news/install/dobot_bringup_msg/include/dobot_bringup_msg
[2.494s] -- Up-to-date: /home/mwq/abs_news/install/dobot_bringup_msg/include/dobot_bringup_msg/msg
[2.494s] -- Up-to-date: /home/mwq/abs_news/install/dobot_bringup_msg/include/dobot_bringup_msg/msg/detail
[2.494s] -- Installing: /home/mwq/abs_news/install/dobot_bringup_msg/include/dobot_bringup_msg/msg/detail/tool_vector_actual__rosidl_typesupport_fastrtps_cpp.hpp
[2.494s] -- Installing: /home/mwq/abs_news/install/dobot_bringup_msg/include/dobot_bringup_msg/msg/detail/dds_fastrtps
[2.494s] -- Installing: /home/mwq/abs_news/install/dobot_bringup_msg/include/dobot_bringup_msg/msg/detail/robot_status__rosidl_typesupport_fastrtps_cpp.hpp
[2.494s] -- Installing: /home/mwq/abs_news/install/dobot_bringup_msg/include/dobot_bringup_msg/msg/rosidl_typesupport_fastrtps_cpp__visibility_control.h
[2.494s] -- Installing: /home/mwq/abs_news/install/dobot_bringup_msg/lib/libdobot_bringup_msg__rosidl_typesupport_fastrtps_cpp.so
[2.494s] -- Set runtime path of "/home/mwq/abs_news/install/dobot_bringup_msg/lib/libdobot_bringup_msg__rosidl_typesupport_fastrtps_cpp.so" to ""
[2.494s] -- Up-to-date: /home/mwq/abs_news/install/dobot_bringup_msg/include/dobot_bringup_msg
[2.494s] -- Up-to-date: /home/mwq/abs_news/install/dobot_bringup_msg/include/dobot_bringup_msg/msg
[2.494s] -- Up-to-date: /home/mwq/abs_news/install/dobot_bringup_msg/include/dobot_bringup_msg/msg/detail
[2.494s] -- Installing: /home/mwq/abs_news/install/dobot_bringup_msg/include/dobot_bringup_msg/msg/detail/robot_status__type_support.c
[2.494s] -- Installing: /home/mwq/abs_news/install/dobot_bringup_msg/include/dobot_bringup_msg/msg/detail/tool_vector_actual__rosidl_typesupport_introspection_c.h
[2.494s] -- Installing: /home/mwq/abs_news/install/dobot_bringup_msg/include/dobot_bringup_msg/msg/detail/robot_status__rosidl_typesupport_introspection_c.h
[2.494s] -- Installing: /home/mwq/abs_news/install/dobot_bringup_msg/include/dobot_bringup_msg/msg/detail/tool_vector_actual__type_support.c
[2.494s] -- Installing: /home/mwq/abs_news/install/dobot_bringup_msg/include/dobot_bringup_msg/msg/rosidl_typesupport_introspection_c__visibility_control.h
[2.495s] -- Installing: /home/mwq/abs_news/install/dobot_bringup_msg/lib/libdobot_bringup_msg__rosidl_typesupport_introspection_c.so
[2.495s] -- Set runtime path of "/home/mwq/abs_news/install/dobot_bringup_msg/lib/libdobot_bringup_msg__rosidl_typesupport_introspection_c.so" to ""
[2.495s] -- Installing: /home/mwq/abs_news/install/dobot_bringup_msg/lib/libdobot_bringup_msg__rosidl_typesupport_c.so
[2.495s] -- Set runtime path of "/home/mwq/abs_news/install/dobot_bringup_msg/lib/libdobot_bringup_msg__rosidl_typesupport_c.so" to ""
[2.495s] -- Up-to-date: /home/mwq/abs_news/install/dobot_bringup_msg/include/dobot_bringup_msg
[2.495s] -- Up-to-date: /home/mwq/abs_news/install/dobot_bringup_msg/include/dobot_bringup_msg/msg
[2.495s] -- Installing: /home/mwq/abs_news/install/dobot_bringup_msg/include/dobot_bringup_msg/msg/tool_vector_actual.hpp
[2.495s] -- Installing: /home/mwq/abs_news/install/dobot_bringup_msg/include/dobot_bringup_msg/msg/robot_status.hpp
[2.495s] -- Up-to-date: /home/mwq/abs_news/install/dobot_bringup_msg/include/dobot_bringup_msg/msg/detail
[2.495s] -- Installing: /home/mwq/abs_news/install/dobot_bringup_msg/include/dobot_bringup_msg/msg/detail/tool_vector_actual__traits.hpp
[2.495s] -- Installing: /home/mwq/abs_news/install/dobot_bringup_msg/include/dobot_bringup_msg/msg/detail/tool_vector_actual__builder.hpp
[2.495s] -- Installing: /home/mwq/abs_news/install/dobot_bringup_msg/include/dobot_bringup_msg/msg/detail/robot_status__builder.hpp
[2.495s] -- Installing: /home/mwq/abs_news/install/dobot_bringup_msg/include/dobot_bringup_msg/msg/detail/robot_status__traits.hpp
[2.495s] -- Installing: /home/mwq/abs_news/install/dobot_bringup_msg/include/dobot_bringup_msg/msg/detail/tool_vector_actual__struct.hpp
[2.496s] -- Installing: /home/mwq/abs_news/install/dobot_bringup_msg/include/dobot_bringup_msg/msg/detail/robot_status__struct.hpp
[2.496s] -- Up-to-date: /home/mwq/abs_news/install/dobot_bringup_msg/include/dobot_bringup_msg
[2.496s] -- Up-to-date: /home/mwq/abs_news/install/dobot_bringup_msg/include/dobot_bringup_msg/msg
[2.496s] -- Up-to-date: /home/mwq/abs_news/install/dobot_bringup_msg/include/dobot_bringup_msg/msg/detail
[2.496s] -- Installing: /home/mwq/abs_news/install/dobot_bringup_msg/include/dobot_bringup_msg/msg/detail/robot_status__rosidl_typesupport_introspection_cpp.hpp
[2.496s] -- Installing: /home/mwq/abs_news/install/dobot_bringup_msg/include/dobot_bringup_msg/msg/detail/robot_status__type_support.cpp
[2.496s] -- Installing: /home/mwq/abs_news/install/dobot_bringup_msg/include/dobot_bringup_msg/msg/detail/tool_vector_actual__rosidl_typesupport_introspection_cpp.hpp
[2.496s] -- Installing: /home/mwq/abs_news/install/dobot_bringup_msg/include/dobot_bringup_msg/msg/detail/tool_vector_actual__type_support.cpp
[2.496s] -- Installing: /home/mwq/abs_news/install/dobot_bringup_msg/lib/libdobot_bringup_msg__rosidl_typesupport_introspection_cpp.so
[2.496s] -- Set runtime path of "/home/mwq/abs_news/install/dobot_bringup_msg/lib/libdobot_bringup_msg__rosidl_typesupport_introspection_cpp.so" to ""
[2.496s] -- Installing: /home/mwq/abs_news/install/dobot_bringup_msg/lib/libdobot_bringup_msg__rosidl_typesupport_cpp.so
[2.496s] -- Set runtime path of "/home/mwq/abs_news/install/dobot_bringup_msg/lib/libdobot_bringup_msg__rosidl_typesupport_cpp.so" to ""
[2.496s] -- Installing: /home/mwq/abs_news/install/dobot_bringup_msg/share/dobot_bringup_msg/environment/pythonpath.sh
[2.496s] -- Installing: /home/mwq/abs_news/install/dobot_bringup_msg/share/dobot_bringup_msg/environment/pythonpath.dsv
[2.496s] -- Installing: /home/mwq/abs_news/install/dobot_bringup_msg/lib/python3.8/site-packages/dobot_bringup_msg/__init__.py
[2.513s] Compiling '/home/mwq/abs_news/install/dobot_bringup_msg/lib/python3.8/site-packages/dobot_bringup_msg/__init__.py'...
[2.516s] -- Installing: /home/mwq/abs_news/install/dobot_bringup_msg/lib/python3.8/site-packages/dobot_bringup_msg/msg
[2.516s] -- Installing: /home/mwq/abs_news/install/dobot_bringup_msg/lib/python3.8/site-packages/dobot_bringup_msg/msg/__init__.py
[2.516s] -- Installing: /home/mwq/abs_news/install/dobot_bringup_msg/lib/python3.8/site-packages/dobot_bringup_msg/msg/_tool_vector_actual_s.c
[2.516s] -- Installing: /home/mwq/abs_news/install/dobot_bringup_msg/lib/python3.8/site-packages/dobot_bringup_msg/msg/_tool_vector_actual.py
[2.517s] -- Installing: /home/mwq/abs_news/install/dobot_bringup_msg/lib/python3.8/site-packages/dobot_bringup_msg/msg/_robot_status.py
[2.517s] -- Installing: /home/mwq/abs_news/install/dobot_bringup_msg/lib/python3.8/site-packages/dobot_bringup_msg/msg/_robot_status_s.c
[2.517s] -- Installing: /home/mwq/abs_news/install/dobot_bringup_msg/lib/python3.8/site-packages/dobot_bringup_msg/dobot_bringup_msg_s__rosidl_typesupport_fastrtps_c.cpython-38-x86_64-linux-gnu.so
[2.517s] -- Set runtime path of "/home/mwq/abs_news/install/dobot_bringup_msg/lib/python3.8/site-packages/dobot_bringup_msg/dobot_bringup_msg_s__rosidl_typesupport_fastrtps_c.cpython-38-x86_64-linux-gnu.so" to ""
[2.517s] -- Installing: /home/mwq/abs_news/install/dobot_bringup_msg/lib/python3.8/site-packages/dobot_bringup_msg/dobot_bringup_msg_s__rosidl_typesupport_introspection_c.cpython-38-x86_64-linux-gnu.so
[2.518s] -- Set runtime path of "/home/mwq/abs_news/install/dobot_bringup_msg/lib/python3.8/site-packages/dobot_bringup_msg/dobot_bringup_msg_s__rosidl_typesupport_introspection_c.cpython-38-x86_64-linux-gnu.so" to ""
[2.518s] -- Installing: /home/mwq/abs_news/install/dobot_bringup_msg/lib/python3.8/site-packages/dobot_bringup_msg/dobot_bringup_msg_s__rosidl_typesupport_c.cpython-38-x86_64-linux-gnu.so
[2.518s] -- Set runtime path of "/home/mwq/abs_news/install/dobot_bringup_msg/lib/python3.8/site-packages/dobot_bringup_msg/dobot_bringup_msg_s__rosidl_typesupport_c.cpython-38-x86_64-linux-gnu.so" to ""
[2.518s] -- Installing: /home/mwq/abs_news/install/dobot_bringup_msg/lib/libdobot_bringup_msg__python.so
[2.519s] -- Set runtime path of "/home/mwq/abs_news/install/dobot_bringup_msg/lib/libdobot_bringup_msg__python.so" to ""
[2.519s] -- Installing: /home/mwq/abs_news/install/dobot_bringup_msg/share/dobot_bringup_msg/msg/RobotStatus.idl
[2.519s] -- Installing: /home/mwq/abs_news/install/dobot_bringup_msg/share/dobot_bringup_msg/msg/ToolVectorActual.idl
[2.519s] -- Installing: /home/mwq/abs_news/install/dobot_bringup_msg/share/dobot_bringup_msg/msg/RobotStatus.msg
[2.519s] -- Installing: /home/mwq/abs_news/install/dobot_bringup_msg/share/dobot_bringup_msg/msg/ToolVectorActual.msg
[2.519s] -- Installing: /home/mwq/abs_news/install/dobot_bringup_msg/share/ament_index/resource_index/package_run_dependencies/dobot_bringup_msg
[2.519s] -- Installing: /home/mwq/abs_news/install/dobot_bringup_msg/share/ament_index/resource_index/parent_prefix_path/dobot_bringup_msg
[2.519s] -- Installing: /home/mwq/abs_news/install/dobot_bringup_msg/share/dobot_bringup_msg/environment/ament_prefix_path.sh
[2.519s] -- Installing: /home/mwq/abs_news/install/dobot_bringup_msg/share/dobot_bringup_msg/environment/ament_prefix_path.dsv
[2.519s] -- Installing: /home/mwq/abs_news/install/dobot_bringup_msg/share/dobot_bringup_msg/environment/path.sh
[2.520s] -- Installing: /home/mwq/abs_news/install/dobot_bringup_msg/share/dobot_bringup_msg/environment/path.dsv
[2.520s] -- Installing: /home/mwq/abs_news/install/dobot_bringup_msg/share/dobot_bringup_msg/local_setup.bash
[2.520s] -- Installing: /home/mwq/abs_news/install/dobot_bringup_msg/share/dobot_bringup_msg/local_setup.sh
[2.520s] -- Installing: /home/mwq/abs_news/install/dobot_bringup_msg/share/dobot_bringup_msg/local_setup.zsh
[2.520s] -- Installing: /home/mwq/abs_news/install/dobot_bringup_msg/share/dobot_bringup_msg/local_setup.dsv
[2.520s] -- Installing: /home/mwq/abs_news/install/dobot_bringup_msg/share/dobot_bringup_msg/package.dsv
[2.520s] -- Installing: /home/mwq/abs_news/install/dobot_bringup_msg/share/ament_index/resource_index/packages/dobot_bringup_msg
[2.520s] -- Installing: /home/mwq/abs_news/install/dobot_bringup_msg/share/dobot_bringup_msg/cmake/dobot_bringup_msg__rosidl_generator_cExport.cmake
[2.520s] -- Installing: /home/mwq/abs_news/install/dobot_bringup_msg/share/dobot_bringup_msg/cmake/dobot_bringup_msg__rosidl_generator_cExport-noconfig.cmake
[2.521s] -- Installing: /home/mwq/abs_news/install/dobot_bringup_msg/share/dobot_bringup_msg/cmake/dobot_bringup_msg__rosidl_typesupport_introspection_cExport.cmake
[2.521s] -- Installing: /home/mwq/abs_news/install/dobot_bringup_msg/share/dobot_bringup_msg/cmake/dobot_bringup_msg__rosidl_typesupport_introspection_cExport-noconfig.cmake
[2.521s] -- Installing: /home/mwq/abs_news/install/dobot_bringup_msg/share/dobot_bringup_msg/cmake/dobot_bringup_msg__rosidl_typesupport_cExport.cmake
[2.521s] -- Installing: /home/mwq/abs_news/install/dobot_bringup_msg/share/dobot_bringup_msg/cmake/dobot_bringup_msg__rosidl_typesupport_cExport-noconfig.cmake
[2.521s] -- Installing: /home/mwq/abs_news/install/dobot_bringup_msg/share/dobot_bringup_msg/cmake/dobot_bringup_msg__rosidl_generator_cppExport.cmake
[2.521s] -- Installing: /home/mwq/abs_news/install/dobot_bringup_msg/share/dobot_bringup_msg/cmake/dobot_bringup_msg__rosidl_typesupport_introspection_cppExport.cmake
[2.521s] -- Installing: /home/mwq/abs_news/install/dobot_bringup_msg/share/dobot_bringup_msg/cmake/dobot_bringup_msg__rosidl_typesupport_introspection_cppExport-noconfig.cmake
[2.521s] -- Installing: /home/mwq/abs_news/install/dobot_bringup_msg/share/dobot_bringup_msg/cmake/dobot_bringup_msg__rosidl_typesupport_cppExport.cmake
[2.522s] -- Installing: /home/mwq/abs_news/install/dobot_bringup_msg/share/dobot_bringup_msg/cmake/dobot_bringup_msg__rosidl_typesupport_cppExport-noconfig.cmake
[2.522s] -- Installing: /home/mwq/abs_news/install/dobot_bringup_msg/share/dobot_bringup_msg/cmake/rosidl_cmake-extras.cmake
[2.522s] -- Installing: /home/mwq/abs_news/install/dobot_bringup_msg/share/dobot_bringup_msg/cmake/ament_cmake_export_dependencies-extras.cmake
[2.522s] -- Installing: /home/mwq/abs_news/install/dobot_bringup_msg/share/dobot_bringup_msg/cmake/ament_cmake_export_libraries-extras.cmake
[2.522s] -- Installing: /home/mwq/abs_news/install/dobot_bringup_msg/share/dobot_bringup_msg/cmake/ament_cmake_export_targets-extras.cmake
[2.522s] -- Installing: /home/mwq/abs_news/install/dobot_bringup_msg/share/dobot_bringup_msg/cmake/ament_cmake_export_include_directories-extras.cmake
[2.522s] -- Installing: /home/mwq/abs_news/install/dobot_bringup_msg/share/dobot_bringup_msg/cmake/rosidl_cmake_export_typesupport_libraries-extras.cmake
[2.522s] -- Installing: /home/mwq/abs_news/install/dobot_bringup_msg/share/dobot_bringup_msg/cmake/rosidl_cmake_export_typesupport_targets-extras.cmake
[2.522s] -- Installing: /home/mwq/abs_news/install/dobot_bringup_msg/share/dobot_bringup_msg/cmake/dobot_bringup_msgConfig.cmake
[2.522s] -- Installing: /home/mwq/abs_news/install/dobot_bringup_msg/share/dobot_bringup_msg/cmake/dobot_bringup_msgConfig-version.cmake
[2.523s] -- Installing: /home/mwq/abs_news/install/dobot_bringup_msg/share/dobot_bringup_msg/package.xml
[2.525s] Invoked command in '/home/mwq/abs_news/build/dobot_bringup_msg' returned '0': CMAKE_PREFIX_PATH=/opt/ros/foxy /usr/bin/cmake --install /home/mwq/abs_news/build/dobot_bringup_msg
