running egg_info
creating ../../build/puber_pkg/puber_pkg.egg-info
writing ../../build/puber_pkg/puber_pkg.egg-info/PKG-INFO
writing dependency_links to ../../build/puber_pkg/puber_pkg.egg-info/dependency_links.txt
writing entry points to ../../build/puber_pkg/puber_pkg.egg-info/entry_points.txt
writing requirements to ../../build/puber_pkg/puber_pkg.egg-info/requires.txt
writing top-level names to ../../build/puber_pkg/puber_pkg.egg-info/top_level.txt
writing manifest file '../../build/puber_pkg/puber_pkg.egg-info/SOURCES.txt'
reading manifest file '../../build/puber_pkg/puber_pkg.egg-info/SOURCES.txt'
writing manifest file '../../build/puber_pkg/puber_pkg.egg-info/SOURCES.txt'
running build
running build_py
creating /home/mwq/abs_news/build/puber_pkg/build
creating /home/mwq/abs_news/build/puber_pkg/build/lib
creating /home/mwq/abs_news/build/puber_pkg/build/lib/puber_pkg
copying puber_pkg/__init__.py -> /home/mwq/abs_news/build/puber_pkg/build/lib/puber_pkg
copying puber_pkg/outmatrix_puber.py -> /home/mwq/abs_news/build/puber_pkg/build/lib/puber_pkg
running install
running install_lib
creating /home/mwq/abs_news/install/puber_pkg/lib/python3.8/site-packages/puber_pkg
copying /home/mwq/abs_news/build/puber_pkg/build/lib/puber_pkg/__init__.py -> /home/mwq/abs_news/install/puber_pkg/lib/python3.8/site-packages/puber_pkg
copying /home/mwq/abs_news/build/puber_pkg/build/lib/puber_pkg/outmatrix_puber.py -> /home/mwq/abs_news/install/puber_pkg/lib/python3.8/site-packages/puber_pkg
byte-compiling /home/mwq/abs_news/install/puber_pkg/lib/python3.8/site-packages/puber_pkg/__init__.py to __init__.cpython-38.pyc
byte-compiling /home/mwq/abs_news/install/puber_pkg/lib/python3.8/site-packages/puber_pkg/outmatrix_puber.py to outmatrix_puber.cpython-38.pyc
running install_data
creating /home/mwq/abs_news/install/puber_pkg/share/ament_index
creating /home/mwq/abs_news/install/puber_pkg/share/ament_index/resource_index
creating /home/mwq/abs_news/install/puber_pkg/share/ament_index/resource_index/packages
copying resource/puber_pkg -> /home/mwq/abs_news/install/puber_pkg/share/ament_index/resource_index/packages
copying package.xml -> /home/mwq/abs_news/install/puber_pkg/share/puber_pkg
running install_egg_info
Copying ../../build/puber_pkg/puber_pkg.egg-info to /home/mwq/abs_news/install/puber_pkg/lib/python3.8/site-packages/puber_pkg-0.0.0-py3.8.egg-info
running install_scripts
Installing outmatrix_puber script to /home/mwq/abs_news/install/puber_pkg/lib/puber_pkg
writing list of installed files to '/home/mwq/abs_news/build/puber_pkg/install.log'
