/home/mwq/abs_news/install/suber_pkg/lib/python3.8/site-packages/suber_pkg/__init__.py
/home/mwq/abs_news/install/suber_pkg/lib/python3.8/site-packages/suber_pkg/outmatrix_suber.py
/home/mwq/abs_news/install/suber_pkg/lib/python3.8/site-packages/suber_pkg/out_suber.py
/home/mwq/abs_news/install/suber_pkg/lib/python3.8/site-packages/suber_pkg/uv_suber.py
/home/mwq/abs_news/install/suber_pkg/lib/python3.8/site-packages/suber_pkg/torun.py
/home/mwq/abs_news/install/suber_pkg/lib/python3.8/site-packages/suber_pkg/numpy_learning.py
/home/mwq/abs_news/install/suber_pkg/lib/python3.8/site-packages/suber_pkg/__pycache__/__init__.cpython-38.pyc
/home/mwq/abs_news/install/suber_pkg/lib/python3.8/site-packages/suber_pkg/__pycache__/outmatrix_suber.cpython-38.pyc
/home/mwq/abs_news/install/suber_pkg/lib/python3.8/site-packages/suber_pkg/__pycache__/out_suber.cpython-38.pyc
/home/mwq/abs_news/install/suber_pkg/lib/python3.8/site-packages/suber_pkg/__pycache__/uv_suber.cpython-38.pyc
/home/mwq/abs_news/install/suber_pkg/lib/python3.8/site-packages/suber_pkg/__pycache__/torun.cpython-38.pyc
/home/mwq/abs_news/install/suber_pkg/lib/python3.8/site-packages/suber_pkg/__pycache__/numpy_learning.cpython-38.pyc
/home/mwq/abs_news/install/suber_pkg/share/ament_index/resource_index/packages/suber_pkg
/home/mwq/abs_news/install/suber_pkg/share/suber_pkg/package.xml
/home/mwq/abs_news/install/suber_pkg/lib/python3.8/site-packages/suber_pkg-0.0.0-py3.8.egg-info/zip-safe
/home/mwq/abs_news/install/suber_pkg/lib/python3.8/site-packages/suber_pkg-0.0.0-py3.8.egg-info/PKG-INFO
/home/mwq/abs_news/install/suber_pkg/lib/python3.8/site-packages/suber_pkg-0.0.0-py3.8.egg-info/dependency_links.txt
/home/mwq/abs_news/install/suber_pkg/lib/python3.8/site-packages/suber_pkg-0.0.0-py3.8.egg-info/top_level.txt
/home/mwq/abs_news/install/suber_pkg/lib/python3.8/site-packages/suber_pkg-0.0.0-py3.8.egg-info/entry_points.txt
/home/mwq/abs_news/install/suber_pkg/lib/python3.8/site-packages/suber_pkg-0.0.0-py3.8.egg-info/requires.txt
/home/mwq/abs_news/install/suber_pkg/lib/python3.8/site-packages/suber_pkg-0.0.0-py3.8.egg-info/SOURCES.txt
/home/mwq/abs_news/install/suber_pkg/lib/suber_pkg/outmatrix_suber
/home/mwq/abs_news/install/suber_pkg/lib/suber_pkg/uv_suber
