In file included from [01m[K/home/mwq/abs_news/src/dobot_bringup/include/dobot_bringup/cr5_robot.h:15[m[K,
                 from [01m[K/home/mwq/abs_news/src/dobot_bringup/src/main.cpp:20[m[K:
[01m[K/home/mwq/abs_news/src/dobot_bringup/include/dobot_bringup/commander.h:12:[m[K [01;35m[Kwarning: [m[Kignoring #pragma clang diagnostic [[01;35m[K-Wunknown-pragmas[m[K]
   12 | #pragma clang diagnostic push
      | 
[01m[K/home/mwq/abs_news/src/dobot_bringup/include/dobot_bringup/commander.h:14:[m[K [01;35m[Kwarning: [m[Kignoring #pragma ide diagnostic [[01;35m[K-Wunknown-pragmas[m[K]
   14 | #pragma ide diagnostic ignored "OCUnusedGlobalDeclarationInspection"
      | 
In file included from [01m[K/home/mwq/abs_news/src/dobot_bringup/include/dobot_bringup/cr5_robot.h:15[m[K,
                 from [01m[K/home/mwq/abs_news/src/dobot_bringup/src/main.cpp:20[m[K:
[01m[K/home/mwq/abs_news/src/dobot_bringup/include/dobot_bringup/commander.h:323:[m[K [01;35m[Kwarning: [m[Kignoring #pragma clang diagnostic [[01;35m[K-Wunknown-pragmas[m[K]
  323 | #pragma clang diagnostic pop
      | 
In file included from [01m[K/home/mwq/abs_news/src/dobot_bringup/include/dobot_bringup/cr5_robot.h:15[m[K,
                 from [01m[K/home/mwq/abs_news/src/dobot_bringup/src/cr5_robot.cpp:23[m[K:
[01m[K/home/mwq/abs_news/src/dobot_bringup/include/dobot_bringup/commander.h:12:[m[K [01;35m[Kwarning: [m[Kignoring #pragma clang diagnostic [[01;35m[K-Wunknown-pragmas[m[K]
   12 | #pragma clang diagnostic push
      | 
[01m[K/home/mwq/abs_news/src/dobot_bringup/include/dobot_bringup/commander.h:14:[m[K [01;35m[Kwarning: [m[Kignoring #pragma ide diagnostic [[01;35m[K-Wunknown-pragmas[m[K]
   14 | #pragma ide diagnostic ignored "OCUnusedGlobalDeclarationInspection"
      | 
In file included from [01m[K/home/mwq/abs_news/src/dobot_bringup/include/dobot_bringup/cr5_robot.h:15[m[K,
                 from [01m[K/home/mwq/abs_news/src/dobot_bringup/src/cr5_robot.cpp:23[m[K:
[01m[K/home/mwq/abs_news/src/dobot_bringup/include/dobot_bringup/commander.h:323:[m[K [01;35m[Kwarning: [m[Kignoring #pragma clang diagnostic [[01;35m[K-Wunknown-pragmas[m[K]
  323 | #pragma clang diagnostic pop
      | 
[01m[K/home/mwq/abs_news/src/dobot_bringup/include/dobot_bringup/commander.h:[m[K In member function ‘[01m[Kvoid CR5Commander::dashSendCmd(const char*, uint32_t)[m[K’:
[01m[K/home/mwq/abs_news/src/dobot_bringup/include/dobot_bringup/commander.h:301:47:[m[K [01;35m[Kwarning: [m[Kunused parameter ‘[01m[Klen[m[K’ [[01;35m[K-Wunused-parameter[m[K]
  301 |     void dashSendCmd(const char*cmd, [01;35m[Kuint32_t len[m[K)
      |                                      [01;35m[K~~~~~~~~~^~~[m[K
[01m[K/home/mwq/abs_news/src/dobot_bringup/include/dobot_bringup/commander.h:[m[K In member function ‘[01m[Kvoid CR5Commander::realSendCmd(const char*, uint32_t)[m[K’:
[01m[K/home/mwq/abs_news/src/dobot_bringup/include/dobot_bringup/commander.h:306:47:[m[K [01;35m[Kwarning: [m[Kunused parameter ‘[01m[Klen[m[K’ [[01;35m[K-Wunused-parameter[m[K]
  306 |     void realSendCmd(const char*cmd, [01;35m[Kuint32_t len[m[K)
      |                                      [01;35m[K~~~~~~~~~^~~[m[K
[01m[K/home/mwq/abs_news/src/dobot_bringup/include/dobot_bringup/commander.h:[m[K In member function ‘[01m[Kvoid CR5Commander::dashSendCmd(const char*, uint32_t)[m[K’:
[01m[K/home/mwq/abs_news/src/dobot_bringup/include/dobot_bringup/commander.h:301:47:[m[K [01;35m[Kwarning: [m[Kunused parameter ‘[01m[Klen[m[K’ [[01;35m[K-Wunused-parameter[m[K]
  301 |     void dashSendCmd(const char*cmd, [01;35m[Kuint32_t len[m[K)
      |                                      [01;35m[K~~~~~~~~~^~~[m[K
[01m[K/home/mwq/abs_news/src/dobot_bringup/include/dobot_bringup/commander.h:[m[K In member function ‘[01m[Kvoid CR5Commander::realSendCmd(const char*, uint32_t)[m[K’:
[01m[K/home/mwq/abs_news/src/dobot_bringup/include/dobot_bringup/commander.h:306:47:[m[K [01;35m[Kwarning: [m[Kunused parameter ‘[01m[Klen[m[K’ [[01;35m[K-Wunused-parameter[m[K]
  306 |     void realSendCmd(const char*cmd, [01;35m[Kuint32_t len[m[K)
      |                                      [01;35m[K~~~~~~~~~^~~[m[K
[01m[K/home/mwq/abs_news/src/dobot_bringup/src/cr5_robot.cpp:[m[K In member function ‘[01m[Krclcpp_action::GoalResponse CR5Robot::goalHandle(const GoalUUID&, std::shared_ptr<const control_msgs::action::FollowJointTrajectory_Goal_<std::allocator<void> > >)[m[K’:
[01m[K/home/mwq/abs_news/src/dobot_bringup/src/cr5_robot.cpp:290:93:[m[K [01;35m[Kwarning: [m[Kunused parameter ‘[01m[Kgoal[m[K’ [[01;35m[K-Wunused-parameter[m[K]
  290 |                                                 [01;35m[Kstd::shared_ptr<const CR5FollowJoint::Goal> goal[m[K)
      |                                                 [01;35m[K~~~~~~~~~~~~~~~~~~~~~~~~~~~~~~~~~~~~~~~~~~~~^~~~[m[K
[01m[K/home/mwq/abs_news/src/dobot_bringup/src/cr5_robot.cpp:[m[K In member function ‘[01m[Krclcpp_action::CancelResponse CR5Robot::cancelHandle(std::shared_ptr<rclcpp_action::ServerGoalHandle<control_msgs::action::FollowJointTrajectory> >)[m[K’:
[01m[K/home/mwq/abs_news/src/dobot_bringup/src/cr5_robot.cpp:306:102:[m[K [01;35m[Kwarning: [m[Kunused parameter ‘[01m[Khandle[m[K’ [[01;35m[K-Wunused-parameter[m[K]
  306 | rclcpp_action::CancelResponse CR5Robot::cancelHandle([01;35m[Kconst std::shared_ptr<GoalHandleCR5FollowJoint> handle[m[K)
      |                                                      [01;35m[K~~~~~~~~~~~~~~~~~~~~~~~~~~~~~~~~~~~~~~~~~~~~~~~~^~~~~~[m[K
[01m[K/home/mwq/abs_news/src/dobot_bringup/src/cr5_robot.cpp:[m[K In member function ‘[01m[Kbool CR5Robot::enableRobot(dobot_bringup_srv::srv::EnableRobot_Request_<std::allocator<void> >::SharedPtr, dobot_bringup_srv::srv::EnableRobot_Response_<std::allocator<void> >::SharedPtr)[m[K’:
[01m[K/home/mwq/abs_news/src/dobot_bringup/src/cr5_robot.cpp:342:90:[m[K [01;35m[Kwarning: [m[Kunused parameter ‘[01m[Krequest[m[K’ [[01;35m[K-Wunused-parameter[m[K]
  342 | bool CR5Robot::enableRobot([01;35m[Kconst dobot_bringup_srv::srv::EnableRobot::Request::SharedPtr request[m[K, dobot_bringup_srv::srv::EnableRobot::Response::SharedPtr response)
      |                            [01;35m[K~~~~~~~~~~~~~~~~~~~~~~~~~~~~~~~~~~~~~~~~~~~~~~~~~~~~~~~~~~~~~~^~~~~~~[m[K
[01m[K/home/mwq/abs_news/src/dobot_bringup/src/cr5_robot.cpp:[m[K In member function ‘[01m[Kbool CR5Robot::disableRobot(dobot_bringup_srv::srv::DisableRobot_Request_<std::allocator<void> >::SharedPtr, dobot_bringup_srv::srv::DisableRobot_Response_<std::allocator<void> >::SharedPtr)[m[K’:
[01m[K/home/mwq/abs_news/src/dobot_bringup/src/cr5_robot.cpp:360:92:[m[K [01;35m[Kwarning: [m[Kunused parameter ‘[01m[Krequest[m[K’ [[01;35m[K-Wunused-parameter[m[K]
  360 | bool CR5Robot::disableRobot([01;35m[Kconst dobot_bringup_srv::srv::DisableRobot::Request::SharedPtr request[m[K,
      |                             [01;35m[K~~~~~~~~~~~~~~~~~~~~~~~~~~~~~~~~~~~~~~~~~~~~~~~~~~~~~~~~~~~~~~~^~~~~~~[m[K
[01m[K/home/mwq/abs_news/src/dobot_bringup/src/cr5_robot.cpp:[m[K In member function ‘[01m[Kbool CR5Robot::clearError(dobot_bringup_srv::srv::ClearError_Request_<std::allocator<void> >::SharedPtr, dobot_bringup_srv::srv::ClearError_Response_<std::allocator<void> >::SharedPtr)[m[K’:
[01m[K/home/mwq/abs_news/src/dobot_bringup/src/cr5_robot.cpp:377:88:[m[K [01;35m[Kwarning: [m[Kunused parameter ‘[01m[Krequest[m[K’ [[01;35m[K-Wunused-parameter[m[K]
  377 | bool CR5Robot::clearError([01;35m[Kconst dobot_bringup_srv::srv::ClearError::Request::SharedPtr request[m[K, dobot_bringup_srv::srv::ClearError::Response::SharedPtr response)
      |                           [01;35m[K~~~~~~~~~~~~~~~~~~~~~~~~~~~~~~~~~~~~~~~~~~~~~~~~~~~~~~~~~~~~~^~~~~~~[m[K
[01m[K/home/mwq/abs_news/src/dobot_bringup/src/cr5_robot.cpp:[m[K In member function ‘[01m[Kbool CR5Robot::resetRobot(dobot_bringup_srv::srv::ResetRobot_Request_<std::allocator<void> >::SharedPtr, dobot_bringup_srv::srv::ResetRobot_Response_<std::allocator<void> >::SharedPtr)[m[K’:
[01m[K/home/mwq/abs_news/src/dobot_bringup/src/cr5_robot.cpp:393:88:[m[K [01;35m[Kwarning: [m[Kunused parameter ‘[01m[Krequest[m[K’ [[01;35m[K-Wunused-parameter[m[K]
  393 | bool CR5Robot::resetRobot([01;35m[Kconst dobot_bringup_srv::srv::ResetRobot::Request::SharedPtr request[m[K, dobot_bringup_srv::srv::ResetRobot::Response::SharedPtr response)
      |                           [01;35m[K~~~~~~~~~~~~~~~~~~~~~~~~~~~~~~~~~~~~~~~~~~~~~~~~~~~~~~~~~~~~~^~~~~~~[m[K
[01m[K/home/mwq/abs_news/src/dobot_bringup/src/cr5_robot.cpp:[m[K In member function ‘[01m[Kbool CR5Robot::robotMode(dobot_bringup_srv::srv::RobotMode_Request_<std::allocator<void> >::SharedPtr, dobot_bringup_srv::srv::RobotMode_Response_<std::allocator<void> >::SharedPtr)[m[K’:
[01m[K/home/mwq/abs_news/src/dobot_bringup/src/cr5_robot.cpp:463:86:[m[K [01;35m[Kwarning: [m[Kunused parameter ‘[01m[Krequest[m[K’ [[01;35m[K-Wunused-parameter[m[K]
  463 | bool CR5Robot::robotMode([01;35m[Kconst dobot_bringup_srv::srv::RobotMode::Request::SharedPtr request[m[K, dobot_bringup_srv::srv::RobotMode::Response::SharedPtr response)
      |                          [01;35m[K~~~~~~~~~~~~~~~~~~~~~~~~~~~~~~~~~~~~~~~~~~~~~~~~~~~~~~~~~~~~^~~~~~~[m[K
[01m[K/home/mwq/abs_news/src/dobot_bringup/src/cr5_robot.cpp:[m[K In member function ‘[01m[Kbool CR5Robot::setArmOrientation(dobot_bringup_srv::srv::SetArmOrientation_Request_<std::allocator<void> >::SharedPtr, dobot_bringup_srv::srv::SetArmOrientation_Response_<std::allocator<void> >::SharedPtr)[m[K’:
[01m[K/home/mwq/abs_news/src/dobot_bringup/src/cr5_robot.cpp:737:42:[m[K [01;35m[Kwarning: [m[Kformat ‘[01m[K%d[m[K’ expects argument of type ‘[01m[Kint[m[K’, but argument 3 has type ‘[01m[Kdobot_bringup_srv::srv::SetArmOrientation_Request_<std::allocator<void> >::_lorr_type[m[K’ {aka ‘[01m[Klong int[m[K’} [[01;35m[K-Wformat=[m[K]
  737 |         sprintf(cmd, "SetArmOrientation([01;35m[K%d[m[K,%d,%d,%d)", [32m[Krequest->lorr[m[K, request->uord, request->forn, request->config6);
      |                                         [01;35m[K~^[m[K             [32m[K~~~~~~~~~~~~~[m[K
      |                                          [01;35m[K|[m[K                      [32m[K|[m[K
      |                                          [01;35m[Kint[m[K                    [32m[Kdobot_bringup_srv::srv::SetArmOrientation_Request_<std::allocator<void> >::_lorr_type {aka long int}[m[K
      |                                         [32m[K%ld[m[K
[01m[K/home/mwq/abs_news/src/dobot_bringup/src/cr5_robot.cpp:737:45:[m[K [01;35m[Kwarning: [m[Kformat ‘[01m[K%d[m[K’ expects argument of type ‘[01m[Kint[m[K’, but argument 4 has type ‘[01m[Kdobot_bringup_srv::srv::SetArmOrientation_Request_<std::allocator<void> >::_uord_type[m[K’ {aka ‘[01m[Klong int[m[K’} [[01;35m[K-Wformat=[m[K]
  737 |         sprintf(cmd, "SetArmOrientation(%d,[01;35m[K%d[m[K,%d,%d)", request->lorr, [32m[Krequest->uord[m[K, request->forn, request->config6);
      |                                            [01;35m[K~^[m[K                         [32m[K~~~~~~~~~~~~~[m[K
      |                                             [01;35m[K|[m[K                                  [32m[K|[m[K
      |                                             [01;35m[Kint[m[K                                [32m[Kdobot_bringup_srv::srv::SetArmOrientation_Request_<std::allocator<void> >::_uord_type {aka long int}[m[K
      |                                            [32m[K%ld[m[K
[01m[K/home/mwq/abs_news/src/dobot_bringup/src/cr5_robot.cpp:737:48:[m[K [01;35m[Kwarning: [m[Kformat ‘[01m[K%d[m[K’ expects argument of type ‘[01m[Kint[m[K’, but argument 5 has type ‘[01m[Kdobot_bringup_srv::srv::SetArmOrientation_Request_<std::allocator<void> >::_forn_type[m[K’ {aka ‘[01m[Klong int[m[K’} [[01;35m[K-Wformat=[m[K]
  737 |         sprintf(cmd, "SetArmOrientation(%d,%d,[01;35m[K%d[m[K,%d)", request->lorr, request->uord, [32m[Krequest->forn[m[K, request->config6);
      |                                               [01;35m[K~^[m[K                                     [32m[K~~~~~~~~~~~~~[m[K
      |                                                [01;35m[K|[m[K                                              [32m[K|[m[K
      |                                                [01;35m[Kint[m[K                                            [32m[Kdobot_bringup_srv::srv::SetArmOrientation_Request_<std::allocator<void> >::_forn_type {aka long int}[m[K
      |                                               [32m[K%ld[m[K
[01m[K/home/mwq/abs_news/src/dobot_bringup/src/cr5_robot.cpp:737:51:[m[K [01;35m[Kwarning: [m[Kformat ‘[01m[K%d[m[K’ expects argument of type ‘[01m[Kint[m[K’, but argument 6 has type ‘[01m[Kdobot_bringup_srv::srv::SetArmOrientation_Request_<std::allocator<void> >::_config6_type[m[K’ {aka ‘[01m[Klong int[m[K’} [[01;35m[K-Wformat=[m[K]
  737 |         sprintf(cmd, "SetArmOrientation(%d,%d,%d,[01;35m[K%d[m[K)", request->lorr, request->uord, request->forn, [32m[Krequest->config6[m[K);
      |                                                  [01;35m[K~^[m[K                                                 [32m[K~~~~~~~~~~~~~~~~[m[K
      |                                                   [01;35m[K|[m[K                                                          [32m[K|[m[K
      |                                                   [01;35m[Kint[m[K                                                        [32m[Kdobot_bringup_srv::srv::SetArmOrientation_Request_<std::allocator<void> >::_config6_type {aka long int}[m[K
      |                                                  [32m[K%ld[m[K
[01m[K/home/mwq/abs_news/src/dobot_bringup/src/cr5_robot.cpp:[m[K In member function ‘[01m[Kbool CR5Robot::powerOn(dobot_bringup_srv::srv::PowerOn_Request_<std::allocator<void> >::SharedPtr, dobot_bringup_srv::srv::PowerOn_Response_<std::allocator<void> >::SharedPtr)[m[K’:
[01m[K/home/mwq/abs_news/src/dobot_bringup/src/cr5_robot.cpp:750:82:[m[K [01;35m[Kwarning: [m[Kunused parameter ‘[01m[Krequest[m[K’ [[01;35m[K-Wunused-parameter[m[K]
  750 | bool CR5Robot::powerOn([01;35m[Kconst dobot_bringup_srv::srv::PowerOn::Request::SharedPtr request[m[K, dobot_bringup_srv::srv::PowerOn::Response::SharedPtr response)
      |                        [01;35m[K~~~~~~~~~~~~~~~~~~~~~~~~~~~~~~~~~~~~~~~~~~~~~~~~~~~~~~~~~~^~~~~~~[m[K
[01m[K/home/mwq/abs_news/src/dobot_bringup/src/cr5_robot.cpp:[m[K In member function ‘[01m[Kbool CR5Robot::stopScript(dobot_bringup_srv::srv::StopScript_Request_<std::allocator<void> >::SharedPtr, dobot_bringup_srv::srv::StopScript_Response_<std::allocator<void> >::SharedPtr)[m[K’:
[01m[K/home/mwq/abs_news/src/dobot_bringup/src/cr5_robot.cpp:785:88:[m[K [01;35m[Kwarning: [m[Kunused parameter ‘[01m[Krequest[m[K’ [[01;35m[K-Wunused-parameter[m[K]
  785 | bool CR5Robot::stopScript([01;35m[Kconst dobot_bringup_srv::srv::StopScript::Request::SharedPtr request[m[K, dobot_bringup_srv::srv::StopScript::Response::SharedPtr response)
      |                           [01;35m[K~~~~~~~~~~~~~~~~~~~~~~~~~~~~~~~~~~~~~~~~~~~~~~~~~~~~~~~~~~~~~^~~~~~~[m[K
[01m[K/home/mwq/abs_news/src/dobot_bringup/src/cr5_robot.cpp:[m[K In member function ‘[01m[Kbool CR5Robot::pauseScript(dobot_bringup_srv::srv::PauseScript_Request_<std::allocator<void> >::SharedPtr, dobot_bringup_srv::srv::PauseScript_Response_<std::allocator<void> >::SharedPtr)[m[K’:
[01m[K/home/mwq/abs_news/src/dobot_bringup/src/cr5_robot.cpp:802:90:[m[K [01;35m[Kwarning: [m[Kunused parameter ‘[01m[Krequest[m[K’ [[01;35m[K-Wunused-parameter[m[K]
  802 | bool CR5Robot::pauseScript([01;35m[Kconst dobot_bringup_srv::srv::PauseScript::Request::SharedPtr request[m[K, dobot_bringup_srv::srv::PauseScript::Response::SharedPtr response)
      |                            [01;35m[K~~~~~~~~~~~~~~~~~~~~~~~~~~~~~~~~~~~~~~~~~~~~~~~~~~~~~~~~~~~~~~^~~~~~~[m[K
[01m[K/home/mwq/abs_news/src/dobot_bringup/src/cr5_robot.cpp:[m[K In member function ‘[01m[Kbool CR5Robot::continueScript(dobot_bringup_srv::srv::ContinueScript_Request_<std::allocator<void> >::SharedPtr, dobot_bringup_srv::srv::ContinueScript_Response_<std::allocator<void> >::SharedPtr)[m[K’:
[01m[K/home/mwq/abs_news/src/dobot_bringup/src/cr5_robot.cpp:819:96:[m[K [01;35m[Kwarning: [m[Kunused parameter ‘[01m[Krequest[m[K’ [[01;35m[K-Wunused-parameter[m[K]
  819 | bool CR5Robot::continueScript([01;35m[Kconst dobot_bringup_srv::srv::ContinueScript::Request::SharedPtr request[m[K, dobot_bringup_srv::srv::ContinueScript::Response::SharedPtr response)
      |                               [01;35m[K~~~~~~~~~~~~~~~~~~~~~~~~~~~~~~~~~~~~~~~~~~~~~~~~~~~~~~~~~~~~~~~~~^~~~~~~[m[K
[01m[K/home/mwq/abs_news/src/dobot_bringup/src/cr5_robot.cpp:[m[K In member function ‘[01m[Kbool CR5Robot::emergencyStop(dobot_bringup_srv::srv::EmergencyStop_Request_<std::allocator<void> >::SharedPtr, dobot_bringup_srv::srv::EmergencyStop_Response_<std::allocator<void> >::SharedPtr)[m[K’:
[01m[K/home/mwq/abs_news/src/dobot_bringup/src/cr5_robot.cpp:890:94:[m[K [01;35m[Kwarning: [m[Kunused parameter ‘[01m[Krequest[m[K’ [[01;35m[K-Wunused-parameter[m[K]
  890 | bool CR5Robot::emergencyStop([01;35m[Kconst dobot_bringup_srv::srv::EmergencyStop::Request::SharedPtr request[m[K, dobot_bringup_srv::srv::EmergencyStop::Response::SharedPtr response)
      |                              [01;35m[K~~~~~~~~~~~~~~~~~~~~~~~~~~~~~~~~~~~~~~~~~~~~~~~~~~~~~~~~~~~~~~~~^~~~~~~[m[K
[01m[K/home/mwq/abs_news/src/dobot_bringup/src/cr5_robot.cpp:[m[K In member function ‘[01m[Kbool CR5Robot::sync(dobot_bringup_srv::srv::Sync_Request_<std::allocator<void> >::SharedPtr, dobot_bringup_srv::srv::Sync_Response_<std::allocator<void> >::SharedPtr)[m[K’:
[01m[K/home/mwq/abs_news/src/dobot_bringup/src/cr5_robot.cpp:1090:76:[m[K [01;35m[Kwarning: [m[Kunused parameter ‘[01m[Krequest[m[K’ [[01;35m[K-Wunused-parameter[m[K]
 1090 | bool CR5Robot::sync([01;35m[Kconst dobot_bringup_srv::srv::Sync::Request::SharedPtr request[m[K, dobot_bringup_srv::srv::Sync::Response::SharedPtr response)
      |                     [01;35m[K~~~~~~~~~~~~~~~~~~~~~~~~~~~~~~~~~~~~~~~~~~~~~~~~~~~~~~~^~~~~~~[m[K
