-- The C compiler identification is GNU 9.4.0
-- The CXX compiler identification is GNU 9.4.0
-- Check for working C compiler: /usr/bin/cc
-- Check for working C compiler: /usr/bin/cc -- works
-- Detecting C compiler ABI info
-- Detecting C compiler ABI info - done
-- Detecting C compile features
-- Detecting C compile features - done
-- Check for working CXX compiler: /usr/bin/c++
-- Check for working CXX compiler: /usr/bin/c++ -- works
-- Detecting CXX compiler ABI info
-- Detecting CXX compiler ABI info - done
-- Detecting CXX compile features
-- Detecting CXX compile features - done
-- Found ament_cmake: 0.9.11 (/opt/ros/foxy/share/ament_cmake/cmake)
-- Found PythonInterp: /usr/bin/python3 (found suitable version "3.8.10", minimum required is "3") 
-- Using PYTHON_EXECUTABLE: /usr/bin/python3
-- Found builtin_interfaces: 1.0.0 (/opt/ros/foxy/share/builtin_interfaces/cmake)
-- Using all available rosidl_typesupport_c: rosidl_typesupport_fastrtps_c;rosidl_typesupport_introspection_c
-- Found rosidl_adapter: 1.3.0 (/opt/ros/foxy/share/rosidl_adapter/cmake)
-- Found OpenSSL: /usr/lib/x86_64-linux-gnu/libcrypto.so (found version "1.1.1f")  
-- Found FastRTPS: /opt/ros/foxy/include  
-- Using all available rosidl_typesupport_cpp: rosidl_typesupport_fastrtps_cpp;rosidl_typesupport_introspection_cpp
-- Found rclcpp: 2.4.2 (/opt/ros/foxy/share/rclcpp/cmake)
-- Found rmw_implementation_cmake: 1.0.3 (/opt/ros/foxy/share/rmw_implementation_cmake/cmake)
-- Using RMW implementation 'rmw_fastrtps_cpp' as default
-- Looking for pthread.h
-- Looking for pthread.h - found
-- Performing Test CMAKE_HAVE_LIBC_PTHREAD
-- Performing Test CMAKE_HAVE_LIBC_PTHREAD - Failed
-- Looking for pthread_create in pthreads
-- Looking for pthread_create in pthreads - not found
-- Looking for pthread_create in pthread
-- Looking for pthread_create in pthread - found
-- Found Threads: TRUE  
-- Found rclcpp_action: 2.4.2 (/opt/ros/foxy/share/rclcpp_action/cmake)
-- Found control_msgs: 2.5.1 (/opt/ros/foxy/share/control_msgs/cmake)
-- Found sensor_msgs: 2.0.5 (/opt/ros/foxy/share/sensor_msgs/cmake)
-- Found rclcpp_components: 2.4.2 (/opt/ros/foxy/share/rclcpp_components/cmake)
-- Found dobot_bringup_msg: 0.0.0 (/home/mwq/abs_news/install/dobot_bringup_msg/share/dobot_bringup_msg/cmake)
-- Found dobot_bringup_srv: 0.0.0 (/home/mwq/abs_news/install/dobot_bringup_srv/share/dobot_bringup_srv/cmake)
-- Found ament_lint_auto: 0.9.7 (/opt/ros/foxy/share/ament_lint_auto/cmake)
-- Added test 'copyright' to check source files copyright and LICENSE
-- Added test 'cppcheck' to perform static code analysis on C / C++ code
-- Configured cppcheck include dirs: /home/mwq/abs_news/src/dobot_bringup/include
-- Configured cppcheck exclude dirs and/or files: 
-- Added test 'cpplint' to check C / C++ code against the Google style
-- Configured cpplint exclude dirs and/or files: 
-- Added test 'flake8' to check Python code syntax and style conventions
-- Added test 'lint_cmake' to check CMake code style
-- Added test 'pep257' to check Python code against some of the style conventions in PEP 257
-- Added test 'uncrustify' to check C / C++ code style
-- Configured uncrustify additional arguments: 
-- Added test 'xmllint' to check XML markup files
-- Configuring done
-- Generating done
-- Build files have been written to: /home/mwq/abs_news/build/dobot_bringup
[35m[1mScanning dependencies of target cr5_bringup[0m
[ 75%] [32mBuilding CXX object CMakeFiles/cr5_bringup.dir/src/cr5_robot.cpp.o[0m
[ 75%] [32mBuilding CXX object CMakeFiles/cr5_bringup.dir/src/main.cpp.o[0m
[ 75%] [32mBuilding CXX object CMakeFiles/cr5_bringup.dir/src/tcp_socket.cpp.o[0m
[100%] [32m[1mLinking CXX executable cr5_bringup[0m
[100%] Built target cr5_bringup
-- Install configuration: ""
-- Installing: /home/mwq/abs_news/install/dobot_bringup/lib/dobot_bringup/cr5_bringup
-- Set runtime path of "/home/mwq/abs_news/install/dobot_bringup/lib/dobot_bringup/cr5_bringup" to ""
-- Installing: /home/mwq/abs_news/install/dobot_bringup/share/dobot_bringup//launch
-- Installing: /home/mwq/abs_news/install/dobot_bringup/share/dobot_bringup//launch/cr5_bringup_launch.py
-- Installing: /home/mwq/abs_news/install/dobot_bringup/share/dobot_bringup/environment/library_path.sh
-- Installing: /home/mwq/abs_news/install/dobot_bringup/share/dobot_bringup/environment/library_path.dsv
-- Installing: /home/mwq/abs_news/install/dobot_bringup/share/ament_index/resource_index/package_run_dependencies/dobot_bringup
-- Installing: /home/mwq/abs_news/install/dobot_bringup/share/ament_index/resource_index/parent_prefix_path/dobot_bringup
-- Installing: /home/mwq/abs_news/install/dobot_bringup/share/dobot_bringup/environment/ament_prefix_path.sh
-- Installing: /home/mwq/abs_news/install/dobot_bringup/share/dobot_bringup/environment/ament_prefix_path.dsv
-- Installing: /home/mwq/abs_news/install/dobot_bringup/share/dobot_bringup/environment/path.sh
-- Installing: /home/mwq/abs_news/install/dobot_bringup/share/dobot_bringup/environment/path.dsv
-- Installing: /home/mwq/abs_news/install/dobot_bringup/share/dobot_bringup/local_setup.bash
-- Installing: /home/mwq/abs_news/install/dobot_bringup/share/dobot_bringup/local_setup.sh
-- Installing: /home/mwq/abs_news/install/dobot_bringup/share/dobot_bringup/local_setup.zsh
-- Installing: /home/mwq/abs_news/install/dobot_bringup/share/dobot_bringup/local_setup.dsv
-- Installing: /home/mwq/abs_news/install/dobot_bringup/share/dobot_bringup/package.dsv
-- Installing: /home/mwq/abs_news/install/dobot_bringup/share/ament_index/resource_index/packages/dobot_bringup
-- Installing: /home/mwq/abs_news/install/dobot_bringup/share/dobot_bringup/cmake/ament_cmake_export_dependencies-extras.cmake
-- Installing: /home/mwq/abs_news/install/dobot_bringup/share/dobot_bringup/cmake/ament_cmake_export_include_directories-extras.cmake
-- Installing: /home/mwq/abs_news/install/dobot_bringup/share/dobot_bringup/cmake/ament_cmake_export_libraries-extras.cmake
-- Installing: /home/mwq/abs_news/install/dobot_bringup/share/dobot_bringup/cmake/dobot_bringupConfig.cmake
-- Installing: /home/mwq/abs_news/install/dobot_bringup/share/dobot_bringup/cmake/dobot_bringupConfig-version.cmake
-- Installing: /home/mwq/abs_news/install/dobot_bringup/share/dobot_bringup/package.xml
