[0.083s] DEBUG:colcon:Command line arguments: ['/usr/bin/colcon', 'build', '--packages-select', 'my_interfaces']
[0.083s] DEBUG:colcon:Parsed command line arguments: Namespace(allow_overriding=[], ament_cmake_args=None, base_paths=['.'], build_base='build', catkin_cmake_args=None, catkin_skip_building_tests=False, cmake_args=None, cmake_clean_cache=False, cmake_clean_first=False, cmake_force_configure=False, cmake_target=None, cmake_target_skip_unavailable=False, continue_on_error=False, event_handlers=None, executor='parallel', ignore_user_meta=False, install_base='install', log_base=None, log_level=None, main=<bound method BuildVerb.main of <colcon_core.verb.build.BuildVerb object at 0x7fb890a7f4c0>>, merge_install=False, metas=['./colcon.meta'], packages_above=None, packages_above_and_dependencies=None, packages_above_depth=None, packages_end=None, packages_ignore=None, packages_ignore_regex=None, packages_select=['my_interfaces'], packages_select_build_failed=False, packages_select_by_dep=None, packages_select_regex=None, packages_select_test_failures=False, packages_skip=None, packages_skip_build_finished=False, packages_skip_by_dep=None, packages_skip_regex=None, packages_skip_test_passed=False, packages_skip_up_to=None, packages_start=None, packages_up_to=None, packages_up_to_regex=None, parallel_workers=20, paths=None, symlink_install=False, test_result_base=None, verb_extension=<colcon_core.verb.build.BuildVerb object at 0x7fb890a7f4c0>, verb_name='build', verb_parser=<colcon_defaults.argument_parser.defaults.DefaultArgumentsDecorator object at 0x7fb890a7fa00>)
[0.095s] Level 1:colcon.colcon_core.package_discovery:discover_packages(colcon_meta) check parameters
[0.095s] Level 1:colcon.colcon_core.package_discovery:discover_packages(recursive) check parameters
[0.095s] Level 1:colcon.colcon_core.package_discovery:discover_packages(ignore) check parameters
[0.095s] Level 1:colcon.colcon_core.package_discovery:discover_packages(path) check parameters
[0.095s] Level 1:colcon.colcon_core.package_discovery:discover_packages(colcon_meta) discover
[0.095s] Level 1:colcon.colcon_core.package_discovery:discover_packages(recursive) discover
[0.095s] INFO:colcon.colcon_core.package_discovery:Crawling recursively for packages in '/home/mwq/abs_news'
[0.095s] Level 1:colcon.colcon_core.package_identification:_identify(.) by extensions ['ignore', 'ignore_ament_install']
[0.095s] Level 1:colcon.colcon_core.package_identification:_identify(.) by extension 'ignore'
[0.095s] Level 1:colcon.colcon_core.package_identification:_identify(.) by extension 'ignore_ament_install'
[0.095s] Level 1:colcon.colcon_core.package_identification:_identify(.) by extensions ['colcon_pkg']
[0.095s] Level 1:colcon.colcon_core.package_identification:_identify(.) by extension 'colcon_pkg'
[0.095s] Level 1:colcon.colcon_core.package_identification:_identify(.) by extensions ['colcon_meta']
[0.095s] Level 1:colcon.colcon_core.package_identification:_identify(.) by extension 'colcon_meta'
[0.095s] Level 1:colcon.colcon_core.package_identification:_identify(.) by extensions ['ros']
[0.095s] Level 1:colcon.colcon_core.package_identification:_identify(.) by extension 'ros'
[0.101s] Level 1:colcon.colcon_core.package_identification:_identify(.) by extensions ['cmake', 'python']
[0.101s] Level 1:colcon.colcon_core.package_identification:_identify(.) by extension 'cmake'
[0.101s] Level 1:colcon.colcon_core.package_identification:_identify(.) by extension 'python'
[0.101s] Level 1:colcon.colcon_core.package_identification:_identify(.) by extensions ['python_setup_py']
[0.101s] Level 1:colcon.colcon_core.package_identification:_identify(.) by extension 'python_setup_py'
[0.101s] Level 1:colcon.colcon_core.package_identification:_identify(build) by extensions ['ignore', 'ignore_ament_install']
[0.101s] Level 1:colcon.colcon_core.package_identification:_identify(build) by extension 'ignore'
[0.101s] Level 1:colcon.colcon_core.package_identification:_identify(build) ignored
[0.101s] Level 1:colcon.colcon_core.package_identification:_identify(install) by extensions ['ignore', 'ignore_ament_install']
[0.101s] Level 1:colcon.colcon_core.package_identification:_identify(install) by extension 'ignore'
[0.101s] Level 1:colcon.colcon_core.package_identification:_identify(install) ignored
[0.101s] Level 1:colcon.colcon_core.package_identification:_identify(log) by extensions ['ignore', 'ignore_ament_install']
[0.101s] Level 1:colcon.colcon_core.package_identification:_identify(log) by extension 'ignore'
[0.101s] Level 1:colcon.colcon_core.package_identification:_identify(log) ignored
[0.101s] Level 1:colcon.colcon_core.package_identification:_identify(src) by extensions ['ignore', 'ignore_ament_install']
[0.101s] Level 1:colcon.colcon_core.package_identification:_identify(src) by extension 'ignore'
[0.101s] Level 1:colcon.colcon_core.package_identification:_identify(src) by extension 'ignore_ament_install'
[0.101s] Level 1:colcon.colcon_core.package_identification:_identify(src) by extensions ['colcon_pkg']
[0.101s] Level 1:colcon.colcon_core.package_identification:_identify(src) by extension 'colcon_pkg'
[0.101s] Level 1:colcon.colcon_core.package_identification:_identify(src) by extensions ['colcon_meta']
[0.101s] Level 1:colcon.colcon_core.package_identification:_identify(src) by extension 'colcon_meta'
[0.101s] Level 1:colcon.colcon_core.package_identification:_identify(src) by extensions ['ros']
[0.101s] Level 1:colcon.colcon_core.package_identification:_identify(src) by extension 'ros'
[0.101s] Level 1:colcon.colcon_core.package_identification:_identify(src) by extensions ['cmake', 'python']
[0.101s] Level 1:colcon.colcon_core.package_identification:_identify(src) by extension 'cmake'
[0.101s] Level 1:colcon.colcon_core.package_identification:_identify(src) by extension 'python'
[0.101s] Level 1:colcon.colcon_core.package_identification:_identify(src) by extensions ['python_setup_py']
[0.101s] Level 1:colcon.colcon_core.package_identification:_identify(src) by extension 'python_setup_py'
[0.101s] Level 1:colcon.colcon_core.package_identification:_identify(src/cr3_scout_with_srvs) by extensions ['ignore', 'ignore_ament_install']
[0.102s] Level 1:colcon.colcon_core.package_identification:_identify(src/cr3_scout_with_srvs) by extension 'ignore'
[0.102s] Level 1:colcon.colcon_core.package_identification:_identify(src/cr3_scout_with_srvs) by extension 'ignore_ament_install'
[0.102s] Level 1:colcon.colcon_core.package_identification:_identify(src/cr3_scout_with_srvs) by extensions ['colcon_pkg']
[0.102s] Level 1:colcon.colcon_core.package_identification:_identify(src/cr3_scout_with_srvs) by extension 'colcon_pkg'
[0.102s] Level 1:colcon.colcon_core.package_identification:_identify(src/cr3_scout_with_srvs) by extensions ['colcon_meta']
[0.102s] Level 1:colcon.colcon_core.package_identification:_identify(src/cr3_scout_with_srvs) by extension 'colcon_meta'
[0.102s] Level 1:colcon.colcon_core.package_identification:_identify(src/cr3_scout_with_srvs) by extensions ['ros']
[0.102s] Level 1:colcon.colcon_core.package_identification:_identify(src/cr3_scout_with_srvs) by extension 'ros'
[0.103s] DEBUG:colcon.colcon_core.package_identification:Package 'src/cr3_scout_with_srvs' with type 'ros.ament_python' and name 'cr3_scout_with_srvs'
[0.103s] Level 1:colcon.colcon_core.package_identification:_identify(src/dobot_bringup) by extensions ['ignore', 'ignore_ament_install']
[0.103s] Level 1:colcon.colcon_core.package_identification:_identify(src/dobot_bringup) by extension 'ignore'
[0.103s] Level 1:colcon.colcon_core.package_identification:_identify(src/dobot_bringup) by extension 'ignore_ament_install'
[0.103s] Level 1:colcon.colcon_core.package_identification:_identify(src/dobot_bringup) by extensions ['colcon_pkg']
[0.103s] Level 1:colcon.colcon_core.package_identification:_identify(src/dobot_bringup) by extension 'colcon_pkg'
[0.103s] Level 1:colcon.colcon_core.package_identification:_identify(src/dobot_bringup) by extensions ['colcon_meta']
[0.103s] Level 1:colcon.colcon_core.package_identification:_identify(src/dobot_bringup) by extension 'colcon_meta'
[0.103s] Level 1:colcon.colcon_core.package_identification:_identify(src/dobot_bringup) by extensions ['ros']
[0.103s] Level 1:colcon.colcon_core.package_identification:_identify(src/dobot_bringup) by extension 'ros'
[0.104s] DEBUG:colcon.colcon_core.package_identification:Package 'src/dobot_bringup' with type 'ros.ament_cmake' and name 'dobot_bringup'
[0.104s] Level 1:colcon.colcon_core.package_identification:_identify(src/dobot_bringup_msg) by extensions ['ignore', 'ignore_ament_install']
[0.104s] Level 1:colcon.colcon_core.package_identification:_identify(src/dobot_bringup_msg) by extension 'ignore'
[0.104s] Level 1:colcon.colcon_core.package_identification:_identify(src/dobot_bringup_msg) by extension 'ignore_ament_install'
[0.104s] Level 1:colcon.colcon_core.package_identification:_identify(src/dobot_bringup_msg) by extensions ['colcon_pkg']
[0.104s] Level 1:colcon.colcon_core.package_identification:_identify(src/dobot_bringup_msg) by extension 'colcon_pkg'
[0.104s] Level 1:colcon.colcon_core.package_identification:_identify(src/dobot_bringup_msg) by extensions ['colcon_meta']
[0.104s] Level 1:colcon.colcon_core.package_identification:_identify(src/dobot_bringup_msg) by extension 'colcon_meta'
[0.104s] Level 1:colcon.colcon_core.package_identification:_identify(src/dobot_bringup_msg) by extensions ['ros']
[0.104s] Level 1:colcon.colcon_core.package_identification:_identify(src/dobot_bringup_msg) by extension 'ros'
[0.104s] DEBUG:colcon.colcon_core.package_identification:Package 'src/dobot_bringup_msg' with type 'ros.ament_cmake' and name 'dobot_bringup_msg'
[0.105s] Level 1:colcon.colcon_core.package_identification:_identify(src/dobot_bringup_srv) by extensions ['ignore', 'ignore_ament_install']
[0.105s] Level 1:colcon.colcon_core.package_identification:_identify(src/dobot_bringup_srv) by extension 'ignore'
[0.105s] Level 1:colcon.colcon_core.package_identification:_identify(src/dobot_bringup_srv) by extension 'ignore_ament_install'
[0.105s] Level 1:colcon.colcon_core.package_identification:_identify(src/dobot_bringup_srv) by extensions ['colcon_pkg']
[0.105s] Level 1:colcon.colcon_core.package_identification:_identify(src/dobot_bringup_srv) by extension 'colcon_pkg'
[0.105s] Level 1:colcon.colcon_core.package_identification:_identify(src/dobot_bringup_srv) by extensions ['colcon_meta']
[0.105s] Level 1:colcon.colcon_core.package_identification:_identify(src/dobot_bringup_srv) by extension 'colcon_meta'
[0.105s] Level 1:colcon.colcon_core.package_identification:_identify(src/dobot_bringup_srv) by extensions ['ros']
[0.105s] Level 1:colcon.colcon_core.package_identification:_identify(src/dobot_bringup_srv) by extension 'ros'
[0.105s] DEBUG:colcon.colcon_core.package_identification:Package 'src/dobot_bringup_srv' with type 'ros.ament_cmake' and name 'dobot_bringup_srv'
[0.105s] Level 1:colcon.colcon_core.package_identification:_identify(src/my_interfaces) by extensions ['ignore', 'ignore_ament_install']
[0.105s] Level 1:colcon.colcon_core.package_identification:_identify(src/my_interfaces) by extension 'ignore'
[0.105s] Level 1:colcon.colcon_core.package_identification:_identify(src/my_interfaces) by extension 'ignore_ament_install'
[0.105s] Level 1:colcon.colcon_core.package_identification:_identify(src/my_interfaces) by extensions ['colcon_pkg']
[0.105s] Level 1:colcon.colcon_core.package_identification:_identify(src/my_interfaces) by extension 'colcon_pkg'
[0.105s] Level 1:colcon.colcon_core.package_identification:_identify(src/my_interfaces) by extensions ['colcon_meta']
[0.105s] Level 1:colcon.colcon_core.package_identification:_identify(src/my_interfaces) by extension 'colcon_meta'
[0.105s] Level 1:colcon.colcon_core.package_identification:_identify(src/my_interfaces) by extensions ['ros']
[0.105s] Level 1:colcon.colcon_core.package_identification:_identify(src/my_interfaces) by extension 'ros'
[0.105s] DEBUG:colcon.colcon_core.package_identification:Package 'src/my_interfaces' with type 'ros.ament_cmake' and name 'my_interfaces'
[0.105s] Level 1:colcon.colcon_core.package_identification:_identify(src/puber_pkg) by extensions ['ignore', 'ignore_ament_install']
[0.106s] Level 1:colcon.colcon_core.package_identification:_identify(src/puber_pkg) by extension 'ignore'
[0.106s] Level 1:colcon.colcon_core.package_identification:_identify(src/puber_pkg) by extension 'ignore_ament_install'
[0.106s] Level 1:colcon.colcon_core.package_identification:_identify(src/puber_pkg) by extensions ['colcon_pkg']
[0.106s] Level 1:colcon.colcon_core.package_identification:_identify(src/puber_pkg) by extension 'colcon_pkg'
[0.106s] Level 1:colcon.colcon_core.package_identification:_identify(src/puber_pkg) by extensions ['colcon_meta']
[0.106s] Level 1:colcon.colcon_core.package_identification:_identify(src/puber_pkg) by extension 'colcon_meta'
[0.106s] Level 1:colcon.colcon_core.package_identification:_identify(src/puber_pkg) by extensions ['ros']
[0.106s] Level 1:colcon.colcon_core.package_identification:_identify(src/puber_pkg) by extension 'ros'
[0.106s] DEBUG:colcon.colcon_core.package_identification:Package 'src/puber_pkg' with type 'ros.ament_python' and name 'puber_pkg'
[0.106s] Level 1:colcon.colcon_core.package_identification:_identify(src/suber_pkg) by extensions ['ignore', 'ignore_ament_install']
[0.106s] Level 1:colcon.colcon_core.package_identification:_identify(src/suber_pkg) by extension 'ignore'
[0.106s] Level 1:colcon.colcon_core.package_identification:_identify(src/suber_pkg) by extension 'ignore_ament_install'
[0.106s] Level 1:colcon.colcon_core.package_identification:_identify(src/suber_pkg) by extensions ['colcon_pkg']
[0.106s] Level 1:colcon.colcon_core.package_identification:_identify(src/suber_pkg) by extension 'colcon_pkg'
[0.106s] Level 1:colcon.colcon_core.package_identification:_identify(src/suber_pkg) by extensions ['colcon_meta']
[0.106s] Level 1:colcon.colcon_core.package_identification:_identify(src/suber_pkg) by extension 'colcon_meta'
[0.106s] Level 1:colcon.colcon_core.package_identification:_identify(src/suber_pkg) by extensions ['ros']
[0.106s] Level 1:colcon.colcon_core.package_identification:_identify(src/suber_pkg) by extension 'ros'
[0.106s] DEBUG:colcon.colcon_core.package_identification:Package 'src/suber_pkg' with type 'ros.ament_python' and name 'suber_pkg'
[0.106s] Level 1:colcon.colcon_core.package_discovery:discover_packages(recursive) using defaults
[0.106s] Level 1:colcon.colcon_core.package_discovery:discover_packages(ignore) discover
[0.106s] Level 1:colcon.colcon_core.package_discovery:discover_packages(ignore) using defaults
[0.106s] Level 1:colcon.colcon_core.package_discovery:discover_packages(path) discover
[0.106s] Level 1:colcon.colcon_core.package_discovery:discover_packages(path) using defaults
[0.120s] INFO:colcon.colcon_core.package_selection:Skipping not selected package 'cr3_scout_with_srvs' in 'src/cr3_scout_with_srvs'
[0.120s] INFO:colcon.colcon_core.package_selection:Skipping not selected package 'dobot_bringup_msg' in 'src/dobot_bringup_msg'
[0.120s] INFO:colcon.colcon_core.package_selection:Skipping not selected package 'dobot_bringup_srv' in 'src/dobot_bringup_srv'
[0.120s] INFO:colcon.colcon_core.package_selection:Skipping not selected package 'puber_pkg' in 'src/puber_pkg'
[0.121s] INFO:colcon.colcon_core.package_selection:Skipping not selected package 'suber_pkg' in 'src/suber_pkg'
[0.121s] INFO:colcon.colcon_core.package_selection:Skipping not selected package 'dobot_bringup' in 'src/dobot_bringup'
[0.121s] Level 1:colcon.colcon_core.package_discovery:discover_packages(prefix_path) check parameters
[0.121s] Level 1:colcon.colcon_core.package_discovery:discover_packages(prefix_path) discover
[0.124s] DEBUG:colcon.colcon_installed_package_information.package_discovery:Found 266 installed packages in /opt/ros/foxy
[0.124s] Level 1:colcon.colcon_core.package_discovery:discover_packages(prefix_path) using defaults
[0.162s] Level 5:colcon.colcon_core.verb:set package 'my_interfaces' build argument 'cmake_args' from command line to 'None'
[0.162s] Level 5:colcon.colcon_core.verb:set package 'my_interfaces' build argument 'cmake_target' from command line to 'None'
[0.162s] Level 5:colcon.colcon_core.verb:set package 'my_interfaces' build argument 'cmake_target_skip_unavailable' from command line to 'False'
[0.162s] Level 5:colcon.colcon_core.verb:set package 'my_interfaces' build argument 'cmake_clean_cache' from command line to 'False'
[0.162s] Level 5:colcon.colcon_core.verb:set package 'my_interfaces' build argument 'cmake_clean_first' from command line to 'False'
[0.162s] Level 5:colcon.colcon_core.verb:set package 'my_interfaces' build argument 'cmake_force_configure' from command line to 'False'
[0.162s] Level 5:colcon.colcon_core.verb:set package 'my_interfaces' build argument 'ament_cmake_args' from command line to 'None'
[0.162s] Level 5:colcon.colcon_core.verb:set package 'my_interfaces' build argument 'catkin_cmake_args' from command line to 'None'
[0.162s] Level 5:colcon.colcon_core.verb:set package 'my_interfaces' build argument 'catkin_skip_building_tests' from command line to 'False'
[0.162s] DEBUG:colcon.colcon_core.verb:Building package 'my_interfaces' with the following arguments: {'ament_cmake_args': None, 'build_base': '/home/mwq/abs_news/build/my_interfaces', 'catkin_cmake_args': None, 'catkin_skip_building_tests': False, 'cmake_args': None, 'cmake_clean_cache': False, 'cmake_clean_first': False, 'cmake_force_configure': False, 'cmake_target': None, 'cmake_target_skip_unavailable': False, 'install_base': '/home/mwq/abs_news/install/my_interfaces', 'merge_install': False, 'path': '/home/mwq/abs_news/src/my_interfaces', 'symlink_install': False, 'test_result_base': None}
[0.163s] INFO:colcon.colcon_core.executor:Executing jobs using 'parallel' executor
[0.165s] DEBUG:colcon.colcon_parallel_executor.executor.parallel:run_until_complete
[0.165s] INFO:colcon.colcon_ros.task.ament_cmake.build:Building ROS package in '/home/mwq/abs_news/src/my_interfaces' with build type 'ament_cmake'
[0.165s] INFO:colcon.colcon_cmake.task.cmake.build:Building CMake package in '/home/mwq/abs_news/src/my_interfaces'
[0.168s] INFO:colcon.colcon_core.plugin_system:Skipping extension 'colcon_core.shell.bat': Not used on non-Windows systems
[0.168s] INFO:colcon.colcon_core.shell:Skip shell extension 'powershell' for command environment: Not usable outside of PowerShell
[0.168s] DEBUG:colcon.colcon_core.shell:Skip shell extension 'dsv' for command environment
[0.175s] DEBUG:colcon.colcon_core.event_handler.log_command:Invoking command in '/home/mwq/abs_news/build/my_interfaces': CMAKE_PREFIX_PATH=/opt/ros/foxy /usr/bin/cmake --build /home/mwq/abs_news/build/my_interfaces -- -j20 -l20
[2.027s] DEBUG:colcon.colcon_core.event_handler.log_command:Invoked command in '/home/mwq/abs_news/build/my_interfaces' returned '0': CMAKE_PREFIX_PATH=/opt/ros/foxy /usr/bin/cmake --build /home/mwq/abs_news/build/my_interfaces -- -j20 -l20
[2.061s] DEBUG:colcon.colcon_core.event_handler.log_command:Invoking command in '/home/mwq/abs_news/build/my_interfaces': CMAKE_PREFIX_PATH=/opt/ros/foxy /usr/bin/cmake --install /home/mwq/abs_news/build/my_interfaces
[2.095s] Level 1:colcon.colcon_core.environment:create_environment_scripts_only(my_interfaces)
[2.095s] DEBUG:colcon.colcon_core.event_handler.log_command:Invoked command in '/home/mwq/abs_news/build/my_interfaces' returned '0': CMAKE_PREFIX_PATH=/opt/ros/foxy /usr/bin/cmake --install /home/mwq/abs_news/build/my_interfaces
[2.099s] Level 1:colcon.colcon_core.environment:checking '/home/mwq/abs_news/install/my_interfaces' for CMake module files
[2.099s] Level 1:colcon.colcon_core.environment:checking '/home/mwq/abs_news/install/my_interfaces' for CMake config files
[2.100s] Level 1:colcon.colcon_core.shell:create_environment_hook('my_interfaces', 'cmake_prefix_path')
[2.100s] INFO:colcon.colcon_core.shell:Creating environment hook '/home/mwq/abs_news/install/my_interfaces/share/my_interfaces/hook/cmake_prefix_path.ps1'
[2.101s] INFO:colcon.colcon_core.shell:Creating environment descriptor '/home/mwq/abs_news/install/my_interfaces/share/my_interfaces/hook/cmake_prefix_path.dsv'
[2.101s] INFO:colcon.colcon_core.shell:Creating environment hook '/home/mwq/abs_news/install/my_interfaces/share/my_interfaces/hook/cmake_prefix_path.sh'
[2.102s] Level 1:colcon.colcon_core.environment:checking '/home/mwq/abs_news/install/my_interfaces/lib'
[2.102s] Level 1:colcon.colcon_core.shell:create_environment_hook('my_interfaces', 'ld_library_path_lib')
[2.102s] INFO:colcon.colcon_core.shell:Creating environment hook '/home/mwq/abs_news/install/my_interfaces/share/my_interfaces/hook/ld_library_path_lib.ps1'
[2.102s] INFO:colcon.colcon_core.shell:Creating environment descriptor '/home/mwq/abs_news/install/my_interfaces/share/my_interfaces/hook/ld_library_path_lib.dsv'
[2.103s] INFO:colcon.colcon_core.shell:Creating environment hook '/home/mwq/abs_news/install/my_interfaces/share/my_interfaces/hook/ld_library_path_lib.sh'
[2.103s] Level 1:colcon.colcon_core.environment:checking '/home/mwq/abs_news/install/my_interfaces/bin'
[2.103s] Level 1:colcon.colcon_core.environment:checking '/home/mwq/abs_news/install/my_interfaces/lib/pkgconfig/my_interfaces.pc'
[2.103s] Level 1:colcon.colcon_core.environment:checking '/home/mwq/abs_news/install/my_interfaces/lib/python3.8/site-packages'
[2.103s] Level 1:colcon.colcon_core.shell:create_environment_hook('my_interfaces', 'pythonpath')
[2.104s] INFO:colcon.colcon_core.shell:Creating environment hook '/home/mwq/abs_news/install/my_interfaces/share/my_interfaces/hook/pythonpath.ps1'
[2.104s] INFO:colcon.colcon_core.shell:Creating environment descriptor '/home/mwq/abs_news/install/my_interfaces/share/my_interfaces/hook/pythonpath.dsv'
[2.104s] INFO:colcon.colcon_core.shell:Creating environment hook '/home/mwq/abs_news/install/my_interfaces/share/my_interfaces/hook/pythonpath.sh'
[2.104s] Level 1:colcon.colcon_core.environment:checking '/home/mwq/abs_news/install/my_interfaces/bin'
[2.105s] INFO:colcon.colcon_core.shell:Creating package script '/home/mwq/abs_news/install/my_interfaces/share/my_interfaces/package.ps1'
[2.105s] INFO:colcon.colcon_core.shell:Creating package descriptor '/home/mwq/abs_news/install/my_interfaces/share/my_interfaces/package.dsv'
[2.106s] INFO:colcon.colcon_core.shell:Creating package script '/home/mwq/abs_news/install/my_interfaces/share/my_interfaces/package.sh'
[2.106s] INFO:colcon.colcon_core.shell:Creating package script '/home/mwq/abs_news/install/my_interfaces/share/my_interfaces/package.bash'
[2.107s] INFO:colcon.colcon_core.shell:Creating package script '/home/mwq/abs_news/install/my_interfaces/share/my_interfaces/package.zsh'
[2.107s] Level 1:colcon.colcon_core.environment:create_file_with_runtime_dependencies(/home/mwq/abs_news/install/my_interfaces/share/colcon-core/packages/my_interfaces)
[2.135s] Level 1:colcon.colcon_core.environment:create_environment_scripts_only(my_interfaces)
[2.136s] Level 1:colcon.colcon_core.environment:checking '/home/mwq/abs_news/install/my_interfaces' for CMake module files
[2.136s] Level 1:colcon.colcon_core.environment:checking '/home/mwq/abs_news/install/my_interfaces' for CMake config files
[2.136s] Level 1:colcon.colcon_core.shell:create_environment_hook('my_interfaces', 'cmake_prefix_path')
[2.137s] INFO:colcon.colcon_core.shell:Creating environment hook '/home/mwq/abs_news/install/my_interfaces/share/my_interfaces/hook/cmake_prefix_path.ps1'
[2.137s] INFO:colcon.colcon_core.shell:Creating environment descriptor '/home/mwq/abs_news/install/my_interfaces/share/my_interfaces/hook/cmake_prefix_path.dsv'
[2.138s] INFO:colcon.colcon_core.shell:Creating environment hook '/home/mwq/abs_news/install/my_interfaces/share/my_interfaces/hook/cmake_prefix_path.sh'
[2.138s] Level 1:colcon.colcon_core.environment:checking '/home/mwq/abs_news/install/my_interfaces/lib'
[2.138s] Level 1:colcon.colcon_core.shell:create_environment_hook('my_interfaces', 'ld_library_path_lib')
[2.139s] INFO:colcon.colcon_core.shell:Creating environment hook '/home/mwq/abs_news/install/my_interfaces/share/my_interfaces/hook/ld_library_path_lib.ps1'
[2.139s] INFO:colcon.colcon_core.shell:Creating environment descriptor '/home/mwq/abs_news/install/my_interfaces/share/my_interfaces/hook/ld_library_path_lib.dsv'
[2.139s] INFO:colcon.colcon_core.shell:Creating environment hook '/home/mwq/abs_news/install/my_interfaces/share/my_interfaces/hook/ld_library_path_lib.sh'
[2.139s] Level 1:colcon.colcon_core.environment:checking '/home/mwq/abs_news/install/my_interfaces/bin'
[2.139s] Level 1:colcon.colcon_core.environment:checking '/home/mwq/abs_news/install/my_interfaces/lib/pkgconfig/my_interfaces.pc'
[2.139s] Level 1:colcon.colcon_core.environment:checking '/home/mwq/abs_news/install/my_interfaces/lib/python3.8/site-packages'
[2.139s] Level 1:colcon.colcon_core.shell:create_environment_hook('my_interfaces', 'pythonpath')
[2.140s] INFO:colcon.colcon_core.shell:Creating environment hook '/home/mwq/abs_news/install/my_interfaces/share/my_interfaces/hook/pythonpath.ps1'
[2.140s] INFO:colcon.colcon_core.shell:Creating environment descriptor '/home/mwq/abs_news/install/my_interfaces/share/my_interfaces/hook/pythonpath.dsv'
[2.140s] INFO:colcon.colcon_core.shell:Creating environment hook '/home/mwq/abs_news/install/my_interfaces/share/my_interfaces/hook/pythonpath.sh'
[2.141s] Level 1:colcon.colcon_core.environment:checking '/home/mwq/abs_news/install/my_interfaces/bin'
[2.141s] INFO:colcon.colcon_core.shell:Creating package script '/home/mwq/abs_news/install/my_interfaces/share/my_interfaces/package.ps1'
[2.142s] INFO:colcon.colcon_core.shell:Creating package descriptor '/home/mwq/abs_news/install/my_interfaces/share/my_interfaces/package.dsv'
[2.142s] INFO:colcon.colcon_core.shell:Creating package script '/home/mwq/abs_news/install/my_interfaces/share/my_interfaces/package.sh'
[2.142s] INFO:colcon.colcon_core.shell:Creating package script '/home/mwq/abs_news/install/my_interfaces/share/my_interfaces/package.bash'
[2.142s] INFO:colcon.colcon_core.shell:Creating package script '/home/mwq/abs_news/install/my_interfaces/share/my_interfaces/package.zsh'
[2.142s] Level 1:colcon.colcon_core.environment:create_file_with_runtime_dependencies(/home/mwq/abs_news/install/my_interfaces/share/colcon-core/packages/my_interfaces)
[2.143s] DEBUG:colcon.colcon_parallel_executor.executor.parallel:closing loop
[2.143s] DEBUG:colcon.colcon_parallel_executor.executor.parallel:loop closed
[2.143s] DEBUG:colcon.colcon_parallel_executor.executor.parallel:run_until_complete finished with '0'
[2.143s] DEBUG:colcon.colcon_core.event_reactor:joining thread
[2.147s] INFO:colcon.colcon_core.plugin_system:Skipping extension 'colcon_notification.desktop_notification.terminal_notifier': Not used on non-Darwin systems
[2.147s] INFO:colcon.colcon_core.plugin_system:Skipping extension 'colcon_notification.desktop_notification.win32': Not used on non-Windows systems
[2.147s] INFO:colcon.colcon_notification.desktop_notification:Sending desktop notification using 'notify2'
[2.159s] DEBUG:colcon.colcon_core.event_reactor:joined thread
[2.161s] INFO:colcon.colcon_core.shell:Creating prefix script '/home/mwq/abs_news/install/local_setup.ps1'
[2.162s] INFO:colcon.colcon_core.shell:Creating prefix util module '/home/mwq/abs_news/install/_local_setup_util_ps1.py'
[2.163s] INFO:colcon.colcon_core.shell:Creating prefix chain script '/home/mwq/abs_news/install/setup.ps1'
[2.163s] INFO:colcon.colcon_core.shell:Creating prefix script '/home/mwq/abs_news/install/local_setup.sh'
[2.164s] INFO:colcon.colcon_core.shell:Creating prefix util module '/home/mwq/abs_news/install/_local_setup_util_sh.py'
[2.164s] INFO:colcon.colcon_core.shell:Creating prefix chain script '/home/mwq/abs_news/install/setup.sh'
[2.165s] INFO:colcon.colcon_core.shell:Creating prefix script '/home/mwq/abs_news/install/local_setup.bash'
[2.165s] INFO:colcon.colcon_core.shell:Creating prefix chain script '/home/mwq/abs_news/install/setup.bash'
[2.166s] INFO:colcon.colcon_core.shell:Creating prefix script '/home/mwq/abs_news/install/local_setup.zsh'
[2.166s] INFO:colcon.colcon_core.shell:Creating prefix chain script '/home/mwq/abs_news/install/setup.zsh'
