[0.008s] Invoking command in '/home/mwq/abs_news/build/my_interfaces': CMAKE_PREFIX_PATH=/opt/ros/foxy /usr/bin/cmake /home/mwq/abs_news/src/my_interfaces -DCMAKE_INSTALL_PREFIX=/home/mwq/abs_news/install/my_interfaces
[0.042s] -- The C compiler identification is GNU 9.4.0
[0.071s] -- The CXX compiler identification is GNU 9.4.0
[0.073s] -- Check for working C compiler: /usr/bin/cc
[0.130s] -- Check for working C compiler: /usr/bin/cc -- works
[0.131s] -- Detecting C compiler ABI info
[0.191s] -- Detecting C compiler ABI info - done
[0.198s] -- Detecting C compile features
[0.198s] -- Detecting C compile features - done
[0.199s] -- Check for working CXX compiler: /usr/bin/c++
[0.251s] -- Check for working CXX compiler: /usr/bin/c++ -- works
[0.252s] -- Detecting CXX compiler ABI info
[0.323s] -- Detecting CXX compiler ABI info - done
[0.333s] -- Detecting CXX compile features
[0.333s] -- Detecting CXX compile features - done
[0.334s] -- Found ament_cmake: 0.9.11 (/opt/ros/foxy/share/ament_cmake/cmake)
[0.348s] -- Found PythonInterp: /usr/bin/python3 (found suitable version "3.8.10", minimum required is "3") 
[0.348s] -- Using PYTHON_EXECUTABLE: /usr/bin/python3
[0.438s] -- Found rosidl_default_generators: 1.0.1 (/opt/ros/foxy/share/rosidl_default_generators/cmake)
[0.439s] -- Using all available rosidl_typesupport_c: rosidl_typesupport_fastrtps_c;rosidl_typesupport_introspection_c
[0.442s] -- Found rosidl_adapter: 1.3.0 (/opt/ros/foxy/share/rosidl_adapter/cmake)
[0.489s] -- Found OpenSSL: /usr/lib/x86_64-linux-gnu/libcrypto.so (found version "1.1.1f")  
[0.504s] -- Found FastRTPS: /opt/ros/foxy/include  
[0.545s] -- Using all available rosidl_typesupport_cpp: rosidl_typesupport_fastrtps_cpp;rosidl_typesupport_introspection_cpp
[0.570s] -- Found PythonInterp: /usr/bin/python3 (found version "3.8.10") 
[0.600s] CMake Error at /opt/ros/foxy/share/rosidl_cmake/cmake/rosidl_generate_interfaces.cmake:162 (message):
[0.600s]   rosidl_generate_interfaces() the passed dependency 'geometry_msgs' has not
[0.600s]   been found before using find_package()
[0.600s] Call Stack (most recent call first):
[0.600s]   CMakeLists.txt:24 (rosidl_generate_interfaces)
[0.600s] 
[0.600s] 
[0.601s] -- Configuring incomplete, errors occurred!
[0.601s] See also "/home/mwq/abs_news/build/my_interfaces/CMakeFiles/CMakeOutput.log".
[0.607s] Invoked command in '/home/mwq/abs_news/build/my_interfaces' returned '1': CMAKE_PREFIX_PATH=/opt/ros/foxy /usr/bin/cmake /home/mwq/abs_news/src/my_interfaces -DCMAKE_INSTALL_PREFIX=/home/mwq/abs_news/install/my_interfaces
