[0.008s] Invoking command in '/home/mwq/abs_news/build/my_interfaces': CMAKE_PREFIX_PATH=/opt/ros/foxy /usr/bin/cmake /home/mwq/abs_news/src/my_interfaces -DCMAKE_INSTALL_PREFIX=/home/mwq/abs_news/install/my_interfaces
[0.015s] -- Found ament_cmake: 0.9.11 (/opt/ros/foxy/share/ament_cmake/cmake)
[0.028s] -- Found PythonInterp: /usr/bin/python3 (found suitable version "3.8.10", minimum required is "3") 
[0.028s] -- Using PYTHON_EXECUTABLE: /usr/bin/python3
[0.108s] -- Found rosidl_default_generators: 1.0.1 (/opt/ros/foxy/share/rosidl_default_generators/cmake)
[0.109s] -- Using all available rosidl_typesupport_c: rosidl_typesupport_fastrtps_c;rosidl_typesupport_introspection_c
[0.111s] -- Found rosidl_adapter: 1.3.0 (/opt/ros/foxy/share/rosidl_adapter/cmake)
[0.182s] -- Using all available rosidl_typesupport_cpp: rosidl_typesupport_fastrtps_cpp;rosidl_typesupport_introspection_cpp
[0.205s] -- Found PythonInterp: /usr/bin/python3 (found version "3.8.10") 
[0.267s] -- Found ament_cmake_ros: 0.9.2 (/opt/ros/foxy/share/ament_cmake_ros/cmake)
[0.316s] -- Using all available rosidl_typesupport_c: rosidl_typesupport_fastrtps_c;rosidl_typesupport_introspection_c
[0.320s] -- Using all available rosidl_typesupport_cpp: rosidl_typesupport_fastrtps_cpp;rosidl_typesupport_introspection_cpp
[0.332s] -- Found PythonInterp: /usr/bin/python3 (found suitable version "3.8.10", minimum required is "3.5") 
[0.333s] -- Found python_cmake_module: 0.8.1 (/opt/ros/foxy/share/python_cmake_module/cmake)
[0.347s] -- Found PythonLibs: /usr/lib/x86_64-linux-gnu/libpython3.8.so (found suitable version "3.8.10", minimum required is "3.5") 
[0.347s] -- Using PYTHON_EXECUTABLE: /usr/bin/python3
[0.347s] -- Using PYTHON_INCLUDE_DIRS: /usr/include/python3.8
[0.347s] -- Using PYTHON_LIBRARIES: /usr/lib/x86_64-linux-gnu/libpython3.8.so
[0.359s] -- Found PythonExtra: .so  
[0.382s] -- Found ament_lint_auto: 0.9.7 (/opt/ros/foxy/share/ament_lint_auto/cmake)
[0.391s] -- Added test 'copyright' to check source files copyright and LICENSE
[0.392s] -- Added test 'lint_cmake' to check CMake code style
[0.392s] -- Added test 'xmllint' to check XML markup files
[0.394s] -- Configuring done
[0.407s] -- Generating done
[0.408s] -- Build files have been written to: /home/mwq/abs_news/build/my_interfaces
[0.415s] Invoked command in '/home/mwq/abs_news/build/my_interfaces' returned '0': CMAKE_PREFIX_PATH=/opt/ros/foxy /usr/bin/cmake /home/mwq/abs_news/src/my_interfaces -DCMAKE_INSTALL_PREFIX=/home/mwq/abs_news/install/my_interfaces
[0.415s] Invoking command in '/home/mwq/abs_news/build/my_interfaces': CMAKE_PREFIX_PATH=/opt/ros/foxy /usr/bin/cmake --build /home/mwq/abs_news/build/my_interfaces -- -j20 -l20
[0.437s] [35m[1mScanning dependencies of target my_interfaces__cpp[0m
[0.437s] [  3%] [34m[1mGenerating C code for ROS interfaces[0m
[0.442s] [  6%] [34m[1mGenerating C++ code for ROS interfaces[0m
[0.552s] [35m[1mScanning dependencies of target my_interfaces__rosidl_generator_c[0m
[0.557s] [  6%] Built target my_interfaces__cpp
[0.558s] [  9%] [32mBuilding C object CMakeFiles/my_interfaces__rosidl_generator_c.dir/rosidl_generator_c/my_interfaces/msg/detail/outpose__functions.c.o[0m
[0.562s] [ 12%] [34m[1mGenerating C++ type support dispatch for ROS interfaces[0m
[0.562s] [ 16%] [34m[1mGenerating C++ type support for eProsima Fast-RTPS[0m
[0.562s] [ 19%] [34m[1mGenerating C++ introspection for ROS interfaces[0m
[0.585s] [ 22%] [32m[1mLinking C shared library libmy_interfaces__rosidl_generator_c.so[0m
[0.605s] [ 22%] Built target my_interfaces__rosidl_generator_c
[0.612s] [ 29%] [34m[1mGenerating C introspection for ROS interfaces[0m
[0.612s] [ 29%] [34m[1mGenerating C type support dispatch for ROS interfaces[0m
[0.669s] [35m[1mScanning dependencies of target my_interfaces__rosidl_typesupport_cpp[0m
[0.676s] [ 32%] [32mBuilding CXX object CMakeFiles/my_interfaces__rosidl_typesupport_cpp.dir/rosidl_typesupport_cpp/my_interfaces/msg/outpose__type_support.cpp.o[0m
[0.677s] [35m[1mScanning dependencies of target my_interfaces__rosidl_typesupport_introspection_cpp[0m
[0.681s] [35m[1mScanning dependencies of target my_interfaces__rosidl_typesupport_fastrtps_cpp[0m
[0.683s] [ 35%] [32mBuilding CXX object CMakeFiles/my_interfaces__rosidl_typesupport_introspection_cpp.dir/rosidl_typesupport_introspection_cpp/my_interfaces/msg/detail/outpose__type_support.cpp.o[0m
[0.689s] [ 38%] [32mBuilding CXX object CMakeFiles/my_interfaces__rosidl_typesupport_fastrtps_cpp.dir/rosidl_typesupport_fastrtps_cpp/my_interfaces/msg/detail/dds_fastrtps/outpose__type_support.cpp.o[0m
[0.720s] [35m[1mScanning dependencies of target my_interfaces__rosidl_typesupport_c[0m
[0.727s] [ 41%] [32mBuilding CXX object CMakeFiles/my_interfaces__rosidl_typesupport_c.dir/rosidl_typesupport_c/my_interfaces/msg/outpose__type_support.cpp.o[0m
[0.730s] [35m[1mScanning dependencies of target my_interfaces__rosidl_typesupport_introspection_c[0m
[0.738s] [ 45%] [32mBuilding C object CMakeFiles/my_interfaces__rosidl_typesupport_introspection_c.dir/rosidl_typesupport_introspection_c/my_interfaces/msg/detail/outpose__type_support.c.o[0m
[0.745s] [ 48%] [32m[1mLinking CXX shared library libmy_interfaces__rosidl_typesupport_c.so[0m
[0.757s] [ 51%] [32m[1mLinking C shared library libmy_interfaces__rosidl_typesupport_introspection_c.so[0m
[0.767s] [ 51%] Built target my_interfaces__rosidl_typesupport_c
[0.773s] [ 51%] Built target my_interfaces__rosidl_typesupport_introspection_c
[0.814s] [ 54%] [32m[1mLinking CXX shared library libmy_interfaces__rosidl_typesupport_cpp.so[0m
[0.820s] [ 58%] [32m[1mLinking CXX shared library libmy_interfaces__rosidl_typesupport_introspection_cpp.so[0m
[0.836s] [ 58%] Built target my_interfaces__rosidl_typesupport_cpp
[0.841s] [ 58%] Built target my_interfaces__rosidl_typesupport_introspection_cpp
[0.885s] [ 61%] [32m[1mLinking CXX shared library libmy_interfaces__rosidl_typesupport_fastrtps_cpp.so[0m
[0.936s] [ 61%] Built target my_interfaces__rosidl_typesupport_fastrtps_cpp
[0.941s] [ 64%] [34m[1mGenerating C type support for eProsima Fast-RTPS[0m
[1.049s] [35m[1mScanning dependencies of target my_interfaces__rosidl_typesupport_fastrtps_c[0m
[1.056s] [ 67%] [32mBuilding CXX object CMakeFiles/my_interfaces__rosidl_typesupport_fastrtps_c.dir/rosidl_typesupport_fastrtps_c/my_interfaces/msg/detail/outpose__type_support_c.cpp.o[0m
[1.217s] [ 70%] [32m[1mLinking CXX shared library libmy_interfaces__rosidl_typesupport_fastrtps_c.so[0m
[1.264s] [ 70%] Built target my_interfaces__rosidl_typesupport_fastrtps_c
[1.269s] [35m[1mScanning dependencies of target my_interfaces[0m
[1.275s] [ 70%] Built target my_interfaces
[1.280s] [35m[1mScanning dependencies of target my_interfaces__py[0m
[1.285s] [ 74%] [34m[1mGenerating Python code for ROS interfaces[0m
[1.479s] [ 74%] Built target my_interfaces__py
[1.484s] [35m[1mScanning dependencies of target my_interfaces__python[0m
[1.493s] [ 77%] [32mBuilding C object CMakeFiles/my_interfaces__python.dir/rosidl_generator_py/my_interfaces/msg/_outpose_s.c.o[0m
[1.541s] [ 80%] [32m[1mLinking C shared library rosidl_generator_py/my_interfaces/libmy_interfaces__python.so[0m
[1.562s] [ 80%] Built target my_interfaces__python
[1.568s] [35m[1mScanning dependencies of target my_interfaces__rosidl_typesupport_introspection_c__pyext[0m
[1.568s] [35m[1mScanning dependencies of target my_interfaces__rosidl_typesupport_c__pyext[0m
[1.569s] [35m[1mScanning dependencies of target my_interfaces__rosidl_typesupport_fastrtps_c__pyext[0m
[1.578s] [ 87%] [32mBuilding C object CMakeFiles/my_interfaces__rosidl_typesupport_introspection_c__pyext.dir/rosidl_generator_py/my_interfaces/_my_interfaces_s.ep.rosidl_typesupport_introspection_c.c.o[0m
[1.578s] [ 87%] [32mBuilding C object CMakeFiles/my_interfaces__rosidl_typesupport_c__pyext.dir/rosidl_generator_py/my_interfaces/_my_interfaces_s.ep.rosidl_typesupport_c.c.o[0m
[1.579s] [ 90%] [32mBuilding C object CMakeFiles/my_interfaces__rosidl_typesupport_fastrtps_c__pyext.dir/rosidl_generator_py/my_interfaces/_my_interfaces_s.ep.rosidl_typesupport_fastrtps_c.c.o[0m
[1.619s] [ 96%] [32m[1mLinking C shared library rosidl_generator_py/my_interfaces/my_interfaces_s__rosidl_typesupport_c.cpython-38-x86_64-linux-gnu.so[0m
[1.619s] [ 96%] [32m[1mLinking C shared library rosidl_generator_py/my_interfaces/my_interfaces_s__rosidl_typesupport_introspection_c.cpython-38-x86_64-linux-gnu.so[0m
[1.620s] [100%] [32m[1mLinking CXX shared library rosidl_generator_py/my_interfaces/my_interfaces_s__rosidl_typesupport_fastrtps_c.cpython-38-x86_64-linux-gnu.so[0m
[1.638s] [100%] Built target my_interfaces__rosidl_typesupport_c__pyext
[1.638s] [100%] Built target my_interfaces__rosidl_typesupport_introspection_c__pyext
[1.654s] [100%] Built target my_interfaces__rosidl_typesupport_fastrtps_c__pyext
[1.662s] Invoked command in '/home/mwq/abs_news/build/my_interfaces' returned '0': CMAKE_PREFIX_PATH=/opt/ros/foxy /usr/bin/cmake --build /home/mwq/abs_news/build/my_interfaces -- -j20 -l20
[1.689s] Invoking command in '/home/mwq/abs_news/build/my_interfaces': CMAKE_PREFIX_PATH=/opt/ros/foxy /usr/bin/cmake --install /home/mwq/abs_news/build/my_interfaces
[1.694s] -- Install configuration: ""
[1.694s] -- Installing: /home/mwq/abs_news/install/my_interfaces/share/ament_index/resource_index/rosidl_interfaces/my_interfaces
[1.694s] -- Installing: /home/mwq/abs_news/install/my_interfaces/include/my_interfaces
[1.694s] -- Installing: /home/mwq/abs_news/install/my_interfaces/include/my_interfaces/msg
[1.694s] -- Installing: /home/mwq/abs_news/install/my_interfaces/include/my_interfaces/msg/outpose.h
[1.694s] -- Installing: /home/mwq/abs_news/install/my_interfaces/include/my_interfaces/msg/detail
[1.695s] -- Installing: /home/mwq/abs_news/install/my_interfaces/include/my_interfaces/msg/detail/outpose__struct.h
[1.695s] -- Installing: /home/mwq/abs_news/install/my_interfaces/include/my_interfaces/msg/detail/outpose__functions.c
[1.695s] -- Installing: /home/mwq/abs_news/install/my_interfaces/include/my_interfaces/msg/detail/outpose__functions.h
[1.695s] -- Installing: /home/mwq/abs_news/install/my_interfaces/include/my_interfaces/msg/detail/outpose__type_support.h
[1.695s] -- Installing: /home/mwq/abs_news/install/my_interfaces/include/my_interfaces/msg/rosidl_generator_c__visibility_control.h
[1.695s] -- Installing: /home/mwq/abs_news/install/my_interfaces/share/my_interfaces/environment/library_path.sh
[1.695s] -- Installing: /home/mwq/abs_news/install/my_interfaces/share/my_interfaces/environment/library_path.dsv
[1.695s] -- Installing: /home/mwq/abs_news/install/my_interfaces/lib/libmy_interfaces__rosidl_generator_c.so
[1.695s] -- Set runtime path of "/home/mwq/abs_news/install/my_interfaces/lib/libmy_interfaces__rosidl_generator_c.so" to ""
[1.695s] -- Up-to-date: /home/mwq/abs_news/install/my_interfaces/include/my_interfaces
[1.695s] -- Up-to-date: /home/mwq/abs_news/install/my_interfaces/include/my_interfaces/msg
[1.695s] -- Installing: /home/mwq/abs_news/install/my_interfaces/include/my_interfaces/msg/rosidl_typesupport_fastrtps_c__visibility_control.h
[1.695s] -- Up-to-date: /home/mwq/abs_news/install/my_interfaces/include/my_interfaces/msg/detail
[1.695s] -- Installing: /home/mwq/abs_news/install/my_interfaces/include/my_interfaces/msg/detail/outpose__rosidl_typesupport_fastrtps_c.h
[1.696s] -- Installing: /home/mwq/abs_news/install/my_interfaces/lib/libmy_interfaces__rosidl_typesupport_fastrtps_c.so
[1.696s] -- Set runtime path of "/home/mwq/abs_news/install/my_interfaces/lib/libmy_interfaces__rosidl_typesupport_fastrtps_c.so" to ""
[1.696s] -- Up-to-date: /home/mwq/abs_news/install/my_interfaces/include/my_interfaces
[1.696s] -- Up-to-date: /home/mwq/abs_news/install/my_interfaces/include/my_interfaces/msg
[1.696s] -- Up-to-date: /home/mwq/abs_news/install/my_interfaces/include/my_interfaces/msg/detail
[1.696s] -- Installing: /home/mwq/abs_news/install/my_interfaces/include/my_interfaces/msg/detail/outpose__rosidl_typesupport_fastrtps_cpp.hpp
[1.696s] -- Installing: /home/mwq/abs_news/install/my_interfaces/include/my_interfaces/msg/detail/dds_fastrtps
[1.696s] -- Installing: /home/mwq/abs_news/install/my_interfaces/include/my_interfaces/msg/rosidl_typesupport_fastrtps_cpp__visibility_control.h
[1.696s] -- Installing: /home/mwq/abs_news/install/my_interfaces/lib/libmy_interfaces__rosidl_typesupport_fastrtps_cpp.so
[1.696s] -- Set runtime path of "/home/mwq/abs_news/install/my_interfaces/lib/libmy_interfaces__rosidl_typesupport_fastrtps_cpp.so" to ""
[1.696s] -- Up-to-date: /home/mwq/abs_news/install/my_interfaces/include/my_interfaces
[1.696s] -- Up-to-date: /home/mwq/abs_news/install/my_interfaces/include/my_interfaces/msg
[1.696s] -- Up-to-date: /home/mwq/abs_news/install/my_interfaces/include/my_interfaces/msg/detail
[1.696s] -- Installing: /home/mwq/abs_news/install/my_interfaces/include/my_interfaces/msg/detail/outpose__type_support.c
[1.696s] -- Installing: /home/mwq/abs_news/install/my_interfaces/include/my_interfaces/msg/detail/outpose__rosidl_typesupport_introspection_c.h
[1.697s] -- Installing: /home/mwq/abs_news/install/my_interfaces/include/my_interfaces/msg/rosidl_typesupport_introspection_c__visibility_control.h
[1.697s] -- Installing: /home/mwq/abs_news/install/my_interfaces/lib/libmy_interfaces__rosidl_typesupport_introspection_c.so
[1.697s] -- Set runtime path of "/home/mwq/abs_news/install/my_interfaces/lib/libmy_interfaces__rosidl_typesupport_introspection_c.so" to ""
[1.697s] -- Installing: /home/mwq/abs_news/install/my_interfaces/lib/libmy_interfaces__rosidl_typesupport_c.so
[1.697s] -- Set runtime path of "/home/mwq/abs_news/install/my_interfaces/lib/libmy_interfaces__rosidl_typesupport_c.so" to ""
[1.697s] -- Up-to-date: /home/mwq/abs_news/install/my_interfaces/include/my_interfaces
[1.697s] -- Up-to-date: /home/mwq/abs_news/install/my_interfaces/include/my_interfaces/msg
[1.697s] -- Installing: /home/mwq/abs_news/install/my_interfaces/include/my_interfaces/msg/outpose.hpp
[1.697s] -- Up-to-date: /home/mwq/abs_news/install/my_interfaces/include/my_interfaces/msg/detail
[1.697s] -- Installing: /home/mwq/abs_news/install/my_interfaces/include/my_interfaces/msg/detail/outpose__struct.hpp
[1.697s] -- Installing: /home/mwq/abs_news/install/my_interfaces/include/my_interfaces/msg/detail/outpose__traits.hpp
[1.697s] -- Installing: /home/mwq/abs_news/install/my_interfaces/include/my_interfaces/msg/detail/outpose__builder.hpp
[1.697s] -- Up-to-date: /home/mwq/abs_news/install/my_interfaces/include/my_interfaces
[1.697s] -- Up-to-date: /home/mwq/abs_news/install/my_interfaces/include/my_interfaces/msg
[1.697s] -- Up-to-date: /home/mwq/abs_news/install/my_interfaces/include/my_interfaces/msg/detail
[1.697s] -- Installing: /home/mwq/abs_news/install/my_interfaces/include/my_interfaces/msg/detail/outpose__type_support.cpp
[1.697s] -- Installing: /home/mwq/abs_news/install/my_interfaces/include/my_interfaces/msg/detail/outpose__rosidl_typesupport_introspection_cpp.hpp
[1.698s] -- Installing: /home/mwq/abs_news/install/my_interfaces/lib/libmy_interfaces__rosidl_typesupport_introspection_cpp.so
[1.698s] -- Set runtime path of "/home/mwq/abs_news/install/my_interfaces/lib/libmy_interfaces__rosidl_typesupport_introspection_cpp.so" to ""
[1.698s] -- Installing: /home/mwq/abs_news/install/my_interfaces/lib/libmy_interfaces__rosidl_typesupport_cpp.so
[1.698s] -- Set runtime path of "/home/mwq/abs_news/install/my_interfaces/lib/libmy_interfaces__rosidl_typesupport_cpp.so" to ""
[1.698s] -- Installing: /home/mwq/abs_news/install/my_interfaces/share/my_interfaces/environment/pythonpath.sh
[1.698s] -- Installing: /home/mwq/abs_news/install/my_interfaces/share/my_interfaces/environment/pythonpath.dsv
[1.698s] -- Installing: /home/mwq/abs_news/install/my_interfaces/lib/python3.8/site-packages/my_interfaces/__init__.py
[1.713s] Compiling '/home/mwq/abs_news/install/my_interfaces/lib/python3.8/site-packages/my_interfaces/__init__.py'...
[1.715s] -- Installing: /home/mwq/abs_news/install/my_interfaces/lib/python3.8/site-packages/my_interfaces/msg
[1.715s] -- Installing: /home/mwq/abs_news/install/my_interfaces/lib/python3.8/site-packages/my_interfaces/msg/__init__.py
[1.716s] -- Installing: /home/mwq/abs_news/install/my_interfaces/lib/python3.8/site-packages/my_interfaces/msg/_outpose.py
[1.716s] -- Installing: /home/mwq/abs_news/install/my_interfaces/lib/python3.8/site-packages/my_interfaces/msg/_outpose_s.c
[1.716s] -- Installing: /home/mwq/abs_news/install/my_interfaces/lib/python3.8/site-packages/my_interfaces/my_interfaces_s__rosidl_typesupport_fastrtps_c.cpython-38-x86_64-linux-gnu.so
[1.716s] -- Set runtime path of "/home/mwq/abs_news/install/my_interfaces/lib/python3.8/site-packages/my_interfaces/my_interfaces_s__rosidl_typesupport_fastrtps_c.cpython-38-x86_64-linux-gnu.so" to ""
[1.716s] -- Installing: /home/mwq/abs_news/install/my_interfaces/lib/python3.8/site-packages/my_interfaces/my_interfaces_s__rosidl_typesupport_introspection_c.cpython-38-x86_64-linux-gnu.so
[1.716s] -- Set runtime path of "/home/mwq/abs_news/install/my_interfaces/lib/python3.8/site-packages/my_interfaces/my_interfaces_s__rosidl_typesupport_introspection_c.cpython-38-x86_64-linux-gnu.so" to ""
[1.716s] -- Installing: /home/mwq/abs_news/install/my_interfaces/lib/python3.8/site-packages/my_interfaces/my_interfaces_s__rosidl_typesupport_c.cpython-38-x86_64-linux-gnu.so
[1.716s] -- Set runtime path of "/home/mwq/abs_news/install/my_interfaces/lib/python3.8/site-packages/my_interfaces/my_interfaces_s__rosidl_typesupport_c.cpython-38-x86_64-linux-gnu.so" to ""
[1.717s] -- Installing: /home/mwq/abs_news/install/my_interfaces/lib/libmy_interfaces__python.so
[1.717s] -- Set runtime path of "/home/mwq/abs_news/install/my_interfaces/lib/libmy_interfaces__python.so" to ""
[1.717s] -- Installing: /home/mwq/abs_news/install/my_interfaces/share/my_interfaces/msg/Outpose.idl
[1.717s] -- Installing: /home/mwq/abs_news/install/my_interfaces/share/my_interfaces/msg/Outpose.msg
[1.717s] -- Installing: /home/mwq/abs_news/install/my_interfaces/share/ament_index/resource_index/package_run_dependencies/my_interfaces
[1.717s] -- Installing: /home/mwq/abs_news/install/my_interfaces/share/ament_index/resource_index/parent_prefix_path/my_interfaces
[1.717s] -- Installing: /home/mwq/abs_news/install/my_interfaces/share/my_interfaces/environment/ament_prefix_path.sh
[1.717s] -- Installing: /home/mwq/abs_news/install/my_interfaces/share/my_interfaces/environment/ament_prefix_path.dsv
[1.717s] -- Installing: /home/mwq/abs_news/install/my_interfaces/share/my_interfaces/environment/path.sh
[1.717s] -- Installing: /home/mwq/abs_news/install/my_interfaces/share/my_interfaces/environment/path.dsv
[1.717s] -- Installing: /home/mwq/abs_news/install/my_interfaces/share/my_interfaces/local_setup.bash
[1.717s] -- Installing: /home/mwq/abs_news/install/my_interfaces/share/my_interfaces/local_setup.sh
[1.717s] -- Installing: /home/mwq/abs_news/install/my_interfaces/share/my_interfaces/local_setup.zsh
[1.718s] -- Installing: /home/mwq/abs_news/install/my_interfaces/share/my_interfaces/local_setup.dsv
[1.718s] -- Installing: /home/mwq/abs_news/install/my_interfaces/share/my_interfaces/package.dsv
[1.718s] -- Installing: /home/mwq/abs_news/install/my_interfaces/share/ament_index/resource_index/packages/my_interfaces
[1.718s] -- Installing: /home/mwq/abs_news/install/my_interfaces/share/my_interfaces/cmake/my_interfaces__rosidl_generator_cExport.cmake
[1.718s] -- Installing: /home/mwq/abs_news/install/my_interfaces/share/my_interfaces/cmake/my_interfaces__rosidl_generator_cExport-noconfig.cmake
[1.718s] -- Installing: /home/mwq/abs_news/install/my_interfaces/share/my_interfaces/cmake/my_interfaces__rosidl_typesupport_introspection_cExport.cmake
[1.718s] -- Installing: /home/mwq/abs_news/install/my_interfaces/share/my_interfaces/cmake/my_interfaces__rosidl_typesupport_introspection_cExport-noconfig.cmake
[1.718s] -- Installing: /home/mwq/abs_news/install/my_interfaces/share/my_interfaces/cmake/my_interfaces__rosidl_typesupport_cExport.cmake
[1.718s] -- Installing: /home/mwq/abs_news/install/my_interfaces/share/my_interfaces/cmake/my_interfaces__rosidl_typesupport_cExport-noconfig.cmake
[1.718s] -- Installing: /home/mwq/abs_news/install/my_interfaces/share/my_interfaces/cmake/my_interfaces__rosidl_generator_cppExport.cmake
[1.718s] -- Installing: /home/mwq/abs_news/install/my_interfaces/share/my_interfaces/cmake/my_interfaces__rosidl_typesupport_introspection_cppExport.cmake
[1.718s] -- Installing: /home/mwq/abs_news/install/my_interfaces/share/my_interfaces/cmake/my_interfaces__rosidl_typesupport_introspection_cppExport-noconfig.cmake
[1.718s] -- Installing: /home/mwq/abs_news/install/my_interfaces/share/my_interfaces/cmake/my_interfaces__rosidl_typesupport_cppExport.cmake
[1.718s] -- Installing: /home/mwq/abs_news/install/my_interfaces/share/my_interfaces/cmake/my_interfaces__rosidl_typesupport_cppExport-noconfig.cmake
[1.719s] -- Installing: /home/mwq/abs_news/install/my_interfaces/share/my_interfaces/cmake/rosidl_cmake-extras.cmake
[1.719s] -- Installing: /home/mwq/abs_news/install/my_interfaces/share/my_interfaces/cmake/ament_cmake_export_dependencies-extras.cmake
[1.719s] -- Installing: /home/mwq/abs_news/install/my_interfaces/share/my_interfaces/cmake/ament_cmake_export_libraries-extras.cmake
[1.719s] -- Installing: /home/mwq/abs_news/install/my_interfaces/share/my_interfaces/cmake/ament_cmake_export_targets-extras.cmake
[1.719s] -- Installing: /home/mwq/abs_news/install/my_interfaces/share/my_interfaces/cmake/ament_cmake_export_include_directories-extras.cmake
[1.719s] -- Installing: /home/mwq/abs_news/install/my_interfaces/share/my_interfaces/cmake/rosidl_cmake_export_typesupport_libraries-extras.cmake
[1.719s] -- Installing: /home/mwq/abs_news/install/my_interfaces/share/my_interfaces/cmake/rosidl_cmake_export_typesupport_targets-extras.cmake
[1.719s] -- Installing: /home/mwq/abs_news/install/my_interfaces/share/my_interfaces/cmake/my_interfacesConfig.cmake
[1.719s] -- Installing: /home/mwq/abs_news/install/my_interfaces/share/my_interfaces/cmake/my_interfacesConfig-version.cmake
[1.719s] -- Installing: /home/mwq/abs_news/install/my_interfaces/share/my_interfaces/package.xml
[1.720s] Invoked command in '/home/mwq/abs_news/build/my_interfaces' returned '0': CMAKE_PREFIX_PATH=/opt/ros/foxy /usr/bin/cmake --install /home/mwq/abs_news/build/my_interfaces
